Watching for file changes with StatReloader
"GET /about/ HTTP/1.1" 404 2205
"GET /prefix/about/ HTTP/1.1" 200 27
"GET /prefix HTTP/1.1" 301 0
"GET /prefix/ HTTP/1.1" 200 13
G:\Python-develop\Django\Seminar_1\Seminar_1\settings.py changed, reloading.
Watching for file changes with StatReloader
Index page accessed
"GET /prefix/ HTTP/1.1" 200 13
Error in about page: division by zero
Traceback (most recent call last):
  File "G:\Python-develop\Django\Seminar_1\myapp\views.py", line 17, in about
    result = 1 / 0
             ~~^~~
ZeroDivisionError: division by zero
"GET /prefix/about/ HTTP/1.1" 200 27
G:\Python-develop\Django\Seminar_1\Seminar_1\settings.py changed, reloading.
INFO 2024-03-28 19:30:58,346 autoreload 13588 9908 Watching for file changes with StatReloader
INFO 2024-03-28 19:31:13,375 views 13588 12468 Index page accessed
INFO 2024-03-28 19:31:13,376 basehttp 13588 12468 "GET /prefix/ HTTP/1.1" 200 13
ERROR 2024-03-28 19:31:18,352 views 13588 12468 Error in about page: division by zero
Traceback (most recent call last):
  File "G:\Python-develop\Django\Seminar_1\myapp\views.py", line 17, in about
    result = 1 / 0
             ~~^~~
ZeroDivisionError: division by zero
INFO 2024-03-28 19:31:18,354 basehttp 13588 12468 "GET /prefix/about/ HTTP/1.1" 200 27
INFO 2024-03-29 19:39:13,837 autoreload 13588 9908 G:\Python-develop\Django\Seminar_1\Seminar_1\urls.py changed, reloading.
INFO 2024-03-29 19:39:14,371 autoreload 26932 24624 Watching for file changes with StatReloader
INFO 2024-03-29 19:45:47,255 autoreload 27444 26212 Watching for file changes with StatReloader
INFO 2024-03-29 19:46:45,356 autoreload 24744 26520 Watching for file changes with StatReloader
INFO 2024-03-29 19:49:51,355 autoreload 24744 26520 G:\Python-develop\Django\Django_project\Seminar_1\apps.py changed, reloading.
INFO 2024-03-29 19:49:51,768 autoreload 24940 28488 Watching for file changes with StatReloader
INFO 2024-03-29 19:49:53,055 autoreload 24940 28488 G:\Python-develop\Django\Django_project\Seminar_1\apps.py changed, reloading.
INFO 2024-03-29 19:49:53,492 autoreload 14280 28112 Watching for file changes with StatReloader
WARNING 2024-03-29 19:50:13,120 log 14280 404 Not Found: /
WARNING 2024-03-29 19:50:13,121 basehttp 14280 404 "GET / HTTP/1.1" 404 2174
INFO 2024-03-29 19:50:20,324 basehttp 14280 404 "GET /prefix/about/ HTTP/1.1" 200 27
INFO 2024-03-29 19:50:24,712 basehttp 14280 404 "GET /prefix/ HTTP/1.1" 200 13
INFO 2024-03-29 19:59:26,193 autoreload 24892 8524 Watching for file changes with StatReloader
INFO 2024-03-29 20:02:21,391 autoreload 12616 25864 Watching for file changes with StatReloader
INFO 2024-03-31 19:32:05,512 autoreload 13088 22664 Watching for file changes with StatReloader
INFO 2024-03-31 19:32:39,501 autoreload 13088 22664 G:\Python-develop\Django\Django_project\Seminar_2\urls.py changed, reloading.
INFO 2024-03-31 19:32:39,965 autoreload 22628 3576 Watching for file changes with StatReloader
INFO 2024-03-31 19:33:02,711 autoreload 22628 3576 G:\Python-develop\Django\Django_project\Seminar_2\views.py changed, reloading.
INFO 2024-03-31 19:33:03,174 autoreload 16144 27704 Watching for file changes with StatReloader
INFO 2024-03-31 19:33:49,479 autoreload 16144 27704 G:\Python-develop\Django\Django_project\Seminar_2\views.py changed, reloading.
INFO 2024-03-31 19:33:49,937 autoreload 1452 24884 Watching for file changes with StatReloader
INFO 2024-03-31 19:33:51,176 autoreload 1452 24884 G:\Python-develop\Django\Django_project\Seminar_2\views.py changed, reloading.
INFO 2024-03-31 19:33:51,632 autoreload 16292 25716 Watching for file changes with StatReloader
INFO 2024-03-31 19:33:52,881 autoreload 16292 25716 G:\Python-develop\Django\Django_project\Seminar_2\views.py changed, reloading.
INFO 2024-03-31 19:33:53,333 autoreload 29128 18340 Watching for file changes with StatReloader
INFO 2024-03-31 19:34:22,194 autoreload 29128 18340 G:\Python-develop\Django\Django_project\Seminar_2\urls.py changed, reloading.
INFO 2024-03-31 19:34:22,656 autoreload 17652 1356 Watching for file changes with StatReloader
INFO 2024-03-31 19:34:29,594 basehttp 17652 26968 "GET / HTTP/1.1" 200 13
INFO 2024-03-31 19:34:43,783 autoreload 17652 1356 G:\Python-develop\Django\Django_project\Seminar_2\urls.py changed, reloading.
INFO 2024-03-31 19:34:44,253 autoreload 16868 26048 Watching for file changes with StatReloader
ERROR 2024-03-31 19:35:07,315 log 16868 9200 Internal Server Error: /S_2/game
Traceback (most recent call last):
  File "G:\Python-develop\Django\venv\Lib\site-packages\django\core\handlers\exception.py", line 55, in inner
    response = get_response(request)
               ^^^^^^^^^^^^^^^^^^^^^
  File "G:\Python-develop\Django\venv\Lib\site-packages\django\core\handlers\base.py", line 197, in _get_response
    response = wrapped_callback(request, *callback_args, **callback_kwargs)
               ^^^^^^^^^^^^^^^^^^^^^^^^^^^^^^^^^^^^^^^^^^^^^^^^^^^^^^^^^^^^
  File "G:\Python-develop\Django\Django_project\Seminar_2\views.py", line 12, in game
    game = Games(
           ^^^^^^
  File "G:\Python-develop\Django\venv\Lib\site-packages\django\db\models\base.py", line 567, in __init__
    raise TypeError(
TypeError: Games() got unexpected keyword arguments: 'side'
ERROR 2024-03-31 19:35:07,318 basehttp 16868 9200 "GET /S_2/game HTTP/1.1" 500 73208
INFO 2024-03-31 19:35:26,910 autoreload 16868 26048 G:\Python-develop\Django\Django_project\Seminar_2\views.py changed, reloading.
INFO 2024-03-31 19:35:27,387 autoreload 27868 25904 Watching for file changes with StatReloader
INFO 2024-03-31 19:35:28,818 autoreload 27868 25904 G:\Python-develop\Django\Django_project\Seminar_2\views.py changed, reloading.
INFO 2024-03-31 19:35:29,280 autoreload 12008 26216 Watching for file changes with StatReloader
INFO 2024-03-31 19:35:31,748 autoreload 12008 26216 G:\Python-develop\Django\Django_project\Seminar_2\views.py changed, reloading.
INFO 2024-03-31 19:35:32,223 autoreload 13168 5108 Watching for file changes with StatReloader
INFO 2024-03-31 19:35:33,650 autoreload 13168 5108 G:\Python-develop\Django\Django_project\Seminar_2\views.py changed, reloading.
INFO 2024-03-31 19:35:34,119 autoreload 6600 27584 Watching for file changes with StatReloader
INFO 2024-03-31 19:35:38,624 autoreload 6600 27584 G:\Python-develop\Django\Django_project\Seminar_2\views.py changed, reloading.
INFO 2024-03-31 19:35:39,092 autoreload 29516 10064 Watching for file changes with StatReloader
ERROR 2024-03-31 19:35:45,119 log 29516 26216 Internal Server Error: /S_2/game
Traceback (most recent call last):
  File "G:\Python-develop\Django\venv\Lib\site-packages\django\core\handlers\exception.py", line 55, in inner
    response = get_response(request)
               ^^^^^^^^^^^^^^^^^^^^^
  File "G:\Python-develop\Django\venv\Lib\site-packages\django\core\handlers\base.py", line 197, in _get_response
    response = wrapped_callback(request, *callback_args, **callback_kwargs)
               ^^^^^^^^^^^^^^^^^^^^^^^^^^^^^^^^^^^^^^^^^^^^^^^^^^^^^^^^^^^^
  File "G:\Python-develop\Django\Django_project\Seminar_2\views.py", line 12, in game
    game = Games(
           ^^^^^^
  File "G:\Python-develop\Django\venv\Lib\site-packages\django\db\models\base.py", line 567, in __init__
    raise TypeError(
TypeError: Games() got unexpected keyword arguments: 'side'
ERROR 2024-03-31 19:35:45,123 basehttp 29516 26216 "GET /S_2/game HTTP/1.1" 500 73490
INFO 2024-03-31 19:36:08,419 autoreload 29516 10064 G:\Python-develop\Django\Django_project\Seminar_2\views.py changed, reloading.
INFO 2024-03-31 19:36:08,890 autoreload 26948 17788 Watching for file changes with StatReloader
INFO 2024-03-31 19:36:58,541 autoreload 26948 17788 G:\Python-develop\Django\Django_project\Seminar_2\models.py changed, reloading.
INFO 2024-03-31 19:36:58,994 autoreload 7780 5228 Watching for file changes with StatReloader
INFO 2024-03-31 19:37:00,318 autoreload 7780 5228 G:\Python-develop\Django\Django_project\Seminar_2\models.py changed, reloading.
INFO 2024-03-31 19:37:00,770 autoreload 25672 8888 Watching for file changes with StatReloader
INFO 2024-03-31 19:37:02,069 autoreload 25672 8888 G:\Python-develop\Django\Django_project\Seminar_2\models.py changed, reloading.
INFO 2024-03-31 19:37:02,508 autoreload 9396 15840 Watching for file changes with StatReloader
INFO 2024-03-31 19:37:03,816 autoreload 9396 15840 G:\Python-develop\Django\Django_project\Seminar_2\models.py changed, reloading.
INFO 2024-03-31 19:37:04,290 autoreload 19260 29008 Watching for file changes with StatReloader
INFO 2024-03-31 19:37:05,573 autoreload 19260 29008 G:\Python-develop\Django\Django_project\Seminar_2\models.py changed, reloading.
INFO 2024-03-31 19:37:06,017 autoreload 25788 13768 Watching for file changes with StatReloader
INFO 2024-03-31 19:37:08,354 autoreload 25788 13768 G:\Python-develop\Django\Django_project\Seminar_2\models.py changed, reloading.
INFO 2024-03-31 19:37:08,794 autoreload 27584 23944 Watching for file changes with StatReloader
INFO 2024-03-31 19:37:10,070 autoreload 27584 23944 G:\Python-develop\Django\Django_project\Seminar_2\models.py changed, reloading.
INFO 2024-03-31 19:37:10,507 autoreload 28736 21972 Watching for file changes with StatReloader
INFO 2024-03-31 19:37:11,802 autoreload 28736 21972 G:\Python-develop\Django\Django_project\Seminar_2\models.py changed, reloading.
INFO 2024-03-31 19:37:12,236 autoreload 4444 26896 Watching for file changes with StatReloader
INFO 2024-03-31 19:37:13,543 autoreload 4444 26896 G:\Python-develop\Django\Django_project\Seminar_2\models.py changed, reloading.
INFO 2024-03-31 19:37:14,006 autoreload 10896 8888 Watching for file changes with StatReloader
INFO 2024-03-31 19:37:15,411 autoreload 10896 8888 G:\Python-develop\Django\Django_project\Seminar_2\models.py changed, reloading.
INFO 2024-03-31 19:37:15,876 autoreload 29600 2836 Watching for file changes with StatReloader
INFO 2024-03-31 19:37:17,286 autoreload 29600 2836 G:\Python-develop\Django\Django_project\Seminar_2\models.py changed, reloading.
INFO 2024-03-31 19:37:17,753 autoreload 15948 29520 Watching for file changes with StatReloader
INFO 2024-03-31 19:37:21,238 autoreload 15948 29520 G:\Python-develop\Django\Django_project\Seminar_2\models.py changed, reloading.
INFO 2024-03-31 19:37:21,682 autoreload 24240 27768 Watching for file changes with StatReloader
INFO 2024-03-31 19:37:22,970 autoreload 24240 27768 G:\Python-develop\Django\Django_project\Seminar_2\models.py changed, reloading.
INFO 2024-03-31 19:37:23,431 autoreload 17788 15536 Watching for file changes with StatReloader
INFO 2024-03-31 19:37:24,859 autoreload 17788 15536 G:\Python-develop\Django\Django_project\Seminar_2\models.py changed, reloading.
INFO 2024-03-31 19:37:25,324 autoreload 29216 24436 Watching for file changes with StatReloader
INFO 2024-03-31 19:37:30,881 autoreload 29216 24436 G:\Python-develop\Django\Django_project\Seminar_2\models.py changed, reloading.
INFO 2024-03-31 19:37:31,346 autoreload 15228 26516 Watching for file changes with StatReloader
INFO 2024-03-31 19:37:33,785 autoreload 15228 26516 G:\Python-develop\Django\Django_project\Seminar_2\models.py changed, reloading.
INFO 2024-03-31 19:37:34,256 autoreload 23580 26960 Watching for file changes with StatReloader
INFO 2024-03-31 19:37:35,689 autoreload 23580 26960 G:\Python-develop\Django\Django_project\Seminar_2\models.py changed, reloading.
INFO 2024-03-31 19:37:36,153 autoreload 15452 26284 Watching for file changes with StatReloader
INFO 2024-03-31 19:37:37,573 autoreload 15452 26284 G:\Python-develop\Django\Django_project\Seminar_2\models.py changed, reloading.
INFO 2024-03-31 19:37:38,054 autoreload 29520 10944 Watching for file changes with StatReloader
INFO 2024-03-31 19:37:43,588 autoreload 29520 10944 G:\Python-develop\Django\Django_project\Seminar_2\models.py changed, reloading.
INFO 2024-03-31 19:37:44,048 autoreload 20020 18228 Watching for file changes with StatReloader
INFO 2024-03-31 19:37:46,485 autoreload 20020 18228 G:\Python-develop\Django\Django_project\Seminar_2\models.py changed, reloading.
INFO 2024-03-31 19:37:46,943 autoreload 3288 24740 Watching for file changes with StatReloader
INFO 2024-03-31 19:37:49,259 autoreload 3288 24740 G:\Python-develop\Django\Django_project\Seminar_2\models.py changed, reloading.
INFO 2024-03-31 19:37:49,698 autoreload 18740 8296 Watching for file changes with StatReloader
INFO 2024-03-31 19:37:50,987 autoreload 18740 8296 G:\Python-develop\Django\Django_project\Seminar_2\models.py changed, reloading.
INFO 2024-03-31 19:37:51,442 autoreload 22664 22676 Watching for file changes with StatReloader
INFO 2024-03-31 19:37:52,861 autoreload 22664 22676 G:\Python-develop\Django\Django_project\Seminar_2\models.py changed, reloading.
INFO 2024-03-31 19:37:53,333 autoreload 18456 17656 Watching for file changes with StatReloader
ERROR 2024-03-31 19:37:57,030 log 18456 22232 Internal Server Error: /S_2/game
Traceback (most recent call last):
  File "G:\Python-develop\Django\venv\Lib\site-packages\django\core\handlers\exception.py", line 55, in inner
    response = get_response(request)
               ^^^^^^^^^^^^^^^^^^^^^
  File "G:\Python-develop\Django\venv\Lib\site-packages\django\core\handlers\base.py", line 197, in _get_response
    response = wrapped_callback(request, *callback_args, **callback_kwargs)
               ^^^^^^^^^^^^^^^^^^^^^^^^^^^^^^^^^^^^^^^^^^^^^^^^^^^^^^^^^^^^
  File "G:\Python-develop\Django\Django_project\Seminar_2\views.py", line 12, in game
    game = Games(
           ^^^^^^
  File "G:\Python-develop\Django\venv\Lib\site-packages\django\db\models\base.py", line 567, in __init__
    raise TypeError(
TypeError: Games() got unexpected keyword arguments: 'side'
ERROR 2024-03-31 19:37:57,033 basehttp 18456 22232 "GET /S_2/game HTTP/1.1" 500 73551
INFO 2024-03-31 19:38:29,894 autoreload 18456 17656 G:\Python-develop\Django\Django_project\Seminar_2\urls.py changed, reloading.
INFO 2024-03-31 19:38:30,372 autoreload 4500 2472 Watching for file changes with StatReloader
INFO 2024-03-31 19:38:34,094 basehttp 4500 19104 "GET /S_2/game HTTP/1.1" 301 0
ERROR 2024-03-31 19:38:34,129 log 4500 12936 Internal Server Error: /S_2/game/
Traceback (most recent call last):
  File "G:\Python-develop\Django\venv\Lib\site-packages\django\core\handlers\exception.py", line 55, in inner
    response = get_response(request)
               ^^^^^^^^^^^^^^^^^^^^^
  File "G:\Python-develop\Django\venv\Lib\site-packages\django\core\handlers\base.py", line 197, in _get_response
    response = wrapped_callback(request, *callback_args, **callback_kwargs)
               ^^^^^^^^^^^^^^^^^^^^^^^^^^^^^^^^^^^^^^^^^^^^^^^^^^^^^^^^^^^^
  File "G:\Python-develop\Django\Django_project\Seminar_2\views.py", line 12, in game
    game = Games(
           ^^^^^^
  File "G:\Python-develop\Django\venv\Lib\site-packages\django\db\models\base.py", line 567, in __init__
    raise TypeError(
TypeError: Games() got unexpected keyword arguments: 'side'
ERROR 2024-03-31 19:38:34,133 basehttp 4500 12936 "GET /S_2/game/ HTTP/1.1" 500 73561
ERROR 2024-03-31 19:38:35,323 log 4500 12936 Internal Server Error: /S_2/game/
Traceback (most recent call last):
  File "G:\Python-develop\Django\venv\Lib\site-packages\django\core\handlers\exception.py", line 55, in inner
    response = get_response(request)
               ^^^^^^^^^^^^^^^^^^^^^
  File "G:\Python-develop\Django\venv\Lib\site-packages\django\core\handlers\base.py", line 197, in _get_response
    response = wrapped_callback(request, *callback_args, **callback_kwargs)
               ^^^^^^^^^^^^^^^^^^^^^^^^^^^^^^^^^^^^^^^^^^^^^^^^^^^^^^^^^^^^
  File "G:\Python-develop\Django\Django_project\Seminar_2\views.py", line 12, in game
    game = Games(
           ^^^^^^
  File "G:\Python-develop\Django\venv\Lib\site-packages\django\db\models\base.py", line 567, in __init__
    raise TypeError(
TypeError: Games() got unexpected keyword arguments: 'side'
ERROR 2024-03-31 19:38:35,326 basehttp 4500 12936 "GET /S_2/game/ HTTP/1.1" 500 73561
INFO 2024-03-31 19:39:16,156 autoreload 4500 2472 G:\Python-develop\Django\Django_project\Seminar_2\models.py changed, reloading.
INFO 2024-03-31 19:39:16,626 autoreload 25080 11784 Watching for file changes with StatReloader
ERROR 2024-03-31 19:39:22,407 log 25080 23956 Internal Server Error: /S_2/game/
Traceback (most recent call last):
  File "G:\Python-develop\Django\venv\Lib\site-packages\django\db\backends\utils.py", line 105, in _execute
    return self.cursor.execute(sql, params)
           ^^^^^^^^^^^^^^^^^^^^^^^^^^^^^^^^
  File "G:\Python-develop\Django\venv\Lib\site-packages\django\db\backends\sqlite3\base.py", line 329, in execute
    return super().execute(query, params)
           ^^^^^^^^^^^^^^^^^^^^^^^^^^^^^^
sqlite3.OperationalError: table Seminar_2_games has no column named side

The above exception was the direct cause of the following exception:

Traceback (most recent call last):
  File "G:\Python-develop\Django\venv\Lib\site-packages\django\core\handlers\exception.py", line 55, in inner
    response = get_response(request)
               ^^^^^^^^^^^^^^^^^^^^^
  File "G:\Python-develop\Django\venv\Lib\site-packages\django\core\handlers\base.py", line 197, in _get_response
    response = wrapped_callback(request, *callback_args, **callback_kwargs)
               ^^^^^^^^^^^^^^^^^^^^^^^^^^^^^^^^^^^^^^^^^^^^^^^^^^^^^^^^^^^^
  File "G:\Python-develop\Django\Django_project\Seminar_2\views.py", line 15, in game
    game.save()
  File "G:\Python-develop\Django\venv\Lib\site-packages\django\db\models\base.py", line 822, in save
    self.save_base(
  File "G:\Python-develop\Django\venv\Lib\site-packages\django\db\models\base.py", line 909, in save_base
    updated = self._save_table(
              ^^^^^^^^^^^^^^^^^
  File "G:\Python-develop\Django\venv\Lib\site-packages\django\db\models\base.py", line 1067, in _save_table
    results = self._do_insert(
              ^^^^^^^^^^^^^^^^
  File "G:\Python-develop\Django\venv\Lib\site-packages\django\db\models\base.py", line 1108, in _do_insert
    return manager._insert(
           ^^^^^^^^^^^^^^^^
  File "G:\Python-develop\Django\venv\Lib\site-packages\django\db\models\manager.py", line 87, in manager_method
    return getattr(self.get_queryset(), name)(*args, **kwargs)
           ^^^^^^^^^^^^^^^^^^^^^^^^^^^^^^^^^^^^^^^^^^^^^^^^^^^
  File "G:\Python-develop\Django\venv\Lib\site-packages\django\db\models\query.py", line 1847, in _insert
    return query.get_compiler(using=using).execute_sql(returning_fields)
           ^^^^^^^^^^^^^^^^^^^^^^^^^^^^^^^^^^^^^^^^^^^^^^^^^^^^^^^^^^^^^
  File "G:\Python-develop\Django\venv\Lib\site-packages\django\db\models\sql\compiler.py", line 1823, in execute_sql
    cursor.execute(sql, params)
  File "G:\Python-develop\Django\venv\Lib\site-packages\django\db\backends\utils.py", line 122, in execute
    return super().execute(sql, params)
           ^^^^^^^^^^^^^^^^^^^^^^^^^^^^
  File "G:\Python-develop\Django\venv\Lib\site-packages\django\db\backends\utils.py", line 79, in execute
    return self._execute_with_wrappers(
           ^^^^^^^^^^^^^^^^^^^^^^^^^^^^
  File "G:\Python-develop\Django\venv\Lib\site-packages\django\db\backends\utils.py", line 92, in _execute_with_wrappers
    return executor(sql, params, many, context)
           ^^^^^^^^^^^^^^^^^^^^^^^^^^^^^^^^^^^^
  File "G:\Python-develop\Django\venv\Lib\site-packages\django\db\backends\utils.py", line 100, in _execute
    with self.db.wrap_database_errors:
  File "G:\Python-develop\Django\venv\Lib\site-packages\django\db\utils.py", line 91, in __exit__
    raise dj_exc_value.with_traceback(traceback) from exc_value
  File "G:\Python-develop\Django\venv\Lib\site-packages\django\db\backends\utils.py", line 105, in _execute
    return self.cursor.execute(sql, params)
           ^^^^^^^^^^^^^^^^^^^^^^^^^^^^^^^^
  File "G:\Python-develop\Django\venv\Lib\site-packages\django\db\backends\sqlite3\base.py", line 329, in execute
    return super().execute(query, params)
           ^^^^^^^^^^^^^^^^^^^^^^^^^^^^^^
django.db.utils.OperationalError: table Seminar_2_games has no column named side
ERROR 2024-03-31 19:39:22,418 basehttp 25080 23956 "GET /S_2/game/ HTTP/1.1" 500 146284
INFO 2024-03-31 19:39:55,295 autoreload 25080 11784 G:\Python-develop\Django\Django_project\Seminar_2\models.py changed, reloading.
INFO 2024-03-31 19:39:55,768 autoreload 16156 13024 Watching for file changes with StatReloader
INFO 2024-03-31 19:40:02,330 autoreload 16156 13024 G:\Python-develop\Django\Django_project\Seminar_2\views.py changed, reloading.
INFO 2024-03-31 19:40:02,798 autoreload 17840 29640 Watching for file changes with StatReloader
INFO 2024-03-31 19:40:07,950 basehttp 17840 8296 "GET /S_2/game/ HTTP/1.1" 200 4
INFO 2024-03-31 19:40:17,744 autoreload 17840 29640 G:\Python-develop\Django\Django_project\Seminar_2\views.py changed, reloading.
INFO 2024-03-31 19:40:18,214 autoreload 9420 10036 Watching for file changes with StatReloader
ERROR 2024-03-31 19:40:22,564 log 9420 29152 Internal Server Error: /S_2/game/
Traceback (most recent call last):
  File "G:\Python-develop\Django\venv\Lib\site-packages\django\core\handlers\exception.py", line 55, in inner
    response = get_response(request)
               ^^^^^^^^^^^^^^^^^^^^^
  File "G:\Python-develop\Django\venv\Lib\site-packages\django\core\handlers\base.py", line 197, in _get_response
    response = wrapped_callback(request, *callback_args, **callback_kwargs)
               ^^^^^^^^^^^^^^^^^^^^^^^^^^^^^^^^^^^^^^^^^^^^^^^^^^^^^^^^^^^^
  File "G:\Python-develop\Django\Django_project\Seminar_2\views.py", line 16, in game
    return HttpResponse(game)
           ^^^^^^^^^^^^^^^^^^
  File "G:\Python-develop\Django\venv\Lib\site-packages\django\http\response.py", line 376, in __init__
    self.content = content
    ^^^^^^^^^^^^
  File "G:\Python-develop\Django\venv\Lib\site-packages\django\http\response.py", line 408, in content
    content = self.make_bytes(value)
              ^^^^^^^^^^^^^^^^^^^^^^
  File "G:\Python-develop\Django\venv\Lib\site-packages\django\http\response.py", line 319, in make_bytes
    return str(value).encode(self.charset)
           ^^^^^^^^^^
  File "G:\Python-develop\Django\Django_project\Seminar_2\models.py", line 62, in __str__
    return f'{self.side}, time = {self.time_res}'
              ^^^^^^^^^
AttributeError: 'Games' object has no attribute 'side'
ERROR 2024-03-31 19:40:22,569 basehttp 9420 29152 "GET /S_2/game/ HTTP/1.1" 500 82860
INFO 2024-03-31 19:40:40,385 autoreload 9420 10036 G:\Python-develop\Django\Django_project\Seminar_2\views.py changed, reloading.
INFO 2024-03-31 19:40:40,849 autoreload 24768 29640 Watching for file changes with StatReloader
ERROR 2024-03-31 19:40:45,566 log 24768 27584 Internal Server Error: /S_2/game/
Traceback (most recent call last):
  File "G:\Python-develop\Django\venv\Lib\site-packages\django\core\handlers\exception.py", line 55, in inner
    response = get_response(request)
               ^^^^^^^^^^^^^^^^^^^^^
  File "G:\Python-develop\Django\venv\Lib\site-packages\django\core\handlers\base.py", line 197, in _get_response
    response = wrapped_callback(request, *callback_args, **callback_kwargs)
               ^^^^^^^^^^^^^^^^^^^^^^^^^^^^^^^^^^^^^^^^^^^^^^^^^^^^^^^^^^^^
  File "G:\Python-develop\Django\Django_project\Seminar_2\views.py", line 13, in game
    site=site,
         ^^^^
NameError: name 'site' is not defined
ERROR 2024-03-31 19:40:45,568 basehttp 24768 27584 "GET /S_2/game/ HTTP/1.1" 500 66655
INFO 2024-03-31 19:40:49,637 autoreload 24768 29640 G:\Python-develop\Django\Django_project\Seminar_2\views.py changed, reloading.
INFO 2024-03-31 19:40:50,097 autoreload 7984 27264 Watching for file changes with StatReloader
ERROR 2024-03-31 19:41:08,988 log 7984 3576 Internal Server Error: /S_2/game/
Traceback (most recent call last):
  File "G:\Python-develop\Django\venv\Lib\site-packages\django\core\handlers\exception.py", line 55, in inner
    response = get_response(request)
               ^^^^^^^^^^^^^^^^^^^^^
  File "G:\Python-develop\Django\venv\Lib\site-packages\django\core\handlers\base.py", line 197, in _get_response
    response = wrapped_callback(request, *callback_args, **callback_kwargs)
               ^^^^^^^^^^^^^^^^^^^^^^^^^^^^^^^^^^^^^^^^^^^^^^^^^^^^^^^^^^^^
  File "G:\Python-develop\Django\Django_project\Seminar_2\views.py", line 16, in game
    return HttpResponse(game)
           ^^^^^^^^^^^^^^^^^^
  File "G:\Python-develop\Django\venv\Lib\site-packages\django\http\response.py", line 376, in __init__
    self.content = content
    ^^^^^^^^^^^^
  File "G:\Python-develop\Django\venv\Lib\site-packages\django\http\response.py", line 408, in content
    content = self.make_bytes(value)
              ^^^^^^^^^^^^^^^^^^^^^^
  File "G:\Python-develop\Django\venv\Lib\site-packages\django\http\response.py", line 319, in make_bytes
    return str(value).encode(self.charset)
           ^^^^^^^^^^
  File "G:\Python-develop\Django\Django_project\Seminar_2\models.py", line 62, in __str__
    return f'{self.side}, time = {self.time_res}'
              ^^^^^^^^^
AttributeError: 'Games' object has no attribute 'side'
ERROR 2024-03-31 19:41:08,992 basehttp 7984 3576 "GET /S_2/game/ HTTP/1.1" 500 82860
INFO 2024-03-31 19:41:42,246 autoreload 7984 27264 G:\Python-develop\Django\Django_project\Seminar_2\models.py changed, reloading.
INFO 2024-03-31 19:41:42,719 autoreload 24448 17912 Watching for file changes with StatReloader
INFO 2024-03-31 19:42:45,790 autoreload 29244 24692 Watching for file changes with StatReloader
INFO 2024-03-31 19:42:50,061 basehttp 29244 15808 "GET /S_2/game/ HTTP/1.1" 200 45
INFO 2024-03-31 19:56:35,422 autoreload 30228 30232 Watching for file changes with StatReloader
INFO 2024-03-31 19:57:04,316 autoreload 30228 30232 G:\Python-develop\Django\Django_project\Seminar_2\models.py changed, reloading.
INFO 2024-03-31 19:57:04,773 autoreload 29932 30072 Watching for file changes with StatReloader
INFO 2024-03-31 19:57:18,752 basehttp 29932 30412 "GET /S_2/game/ HTTP/1.1" 200 45
WARNING 2024-03-31 19:57:25,030 log 29932 30412 Not Found: /S_2/game/stat
WARNING 2024-03-31 19:57:25,031 basehttp 29932 30412 "GET /S_2/game/stat HTTP/1.1" 404 2794
INFO 2024-03-31 19:58:15,619 basehttp 29932 30412 "GET /S_2/stat HTTP/1.1" 301 0
ERROR 2024-03-31 19:58:15,654 log 29932 30340 Internal Server Error: /S_2/stat/
Traceback (most recent call last):
  File "G:\Python-develop\Django\venv\Lib\site-packages\django\core\handlers\exception.py", line 55, in inner
    response = get_response(request)
               ^^^^^^^^^^^^^^^^^^^^^
  File "G:\Python-develop\Django\venv\Lib\site-packages\django\core\handlers\base.py", line 197, in _get_response
    response = wrapped_callback(request, *callback_args, **callback_kwargs)
               ^^^^^^^^^^^^^^^^^^^^^^^^^^^^^^^^^^^^^^^^^^^^^^^^^^^^^^^^^^^^
  File "G:\Python-develop\Django\Django_project\Seminar_2\views.py", line 20, in statistics
    Games.stat_game(n)
  File "G:\Python-develop\Django\Django_project\Seminar_2\models.py", line 66, in stat_game
    games = Games.objects.all()[-n:]
            ~~~~~~~~~~~~~~~~~~~^^^^^
  File "G:\Python-develop\Django\venv\Lib\site-packages\django\db\models\query.py", line 431, in __getitem__
    raise ValueError("Negative indexing is not supported.")
ValueError: Negative indexing is not supported.
ERROR 2024-03-31 19:58:15,657 basehttp 29932 30340 "GET /S_2/stat/ HTTP/1.1" 500 74085
INFO 2024-03-31 19:58:56,522 autoreload 29932 30072 G:\Python-develop\Django\Django_project\Seminar_2\models.py changed, reloading.
INFO 2024-03-31 19:58:57,006 autoreload 30456 22624 Watching for file changes with StatReloader
INFO 2024-03-31 19:58:59,482 autoreload 30456 22624 G:\Python-develop\Django\Django_project\Seminar_2\models.py changed, reloading.
INFO 2024-03-31 19:58:59,952 autoreload 4296 5284 Watching for file changes with StatReloader
INFO 2024-03-31 19:59:01,371 autoreload 4296 5284 G:\Python-develop\Django\Django_project\Seminar_2\models.py changed, reloading.
INFO 2024-03-31 19:59:01,839 autoreload 29976 4452 Watching for file changes with StatReloader
INFO 2024-03-31 19:59:10,436 autoreload 29976 4452 G:\Python-develop\Django\Django_project\Seminar_2\models.py changed, reloading.
INFO 2024-03-31 19:59:10,906 autoreload 22932 13836 Watching for file changes with StatReloader
INFO 2024-03-31 19:59:12,342 autoreload 22932 13836 G:\Python-develop\Django\Django_project\Seminar_2\models.py changed, reloading.
INFO 2024-03-31 19:59:12,815 autoreload 14752 16872 Watching for file changes with StatReloader
INFO 2024-03-31 19:59:26,559 autoreload 14752 16872 G:\Python-develop\Django\Django_project\Seminar_2\models.py changed, reloading.
INFO 2024-03-31 19:59:27,011 autoreload 27736 30620 Watching for file changes with StatReloader
INFO 2024-03-31 19:59:30,365 autoreload 27736 30620 G:\Python-develop\Django\Django_project\Seminar_2\models.py changed, reloading.
INFO 2024-03-31 19:59:30,815 autoreload 30160 30116 Watching for file changes with StatReloader
INFO 2024-03-31 19:59:36,455 basehttp 30160 25304 "GET /S_2/stat/ HTTP/1.1" 200 2
INFO 2024-03-31 20:00:55,529 autoreload 30160 30116 G:\Python-develop\Django\Django_project\Seminar_2\views.py changed, reloading.
INFO 2024-03-31 20:00:55,996 autoreload 24928 5732 Watching for file changes with StatReloader
INFO 2024-03-31 20:00:57,426 autoreload 24928 5732 G:\Python-develop\Django\Django_project\Seminar_2\views.py changed, reloading.
INFO 2024-03-31 20:00:57,898 autoreload 28960 11664 Watching for file changes with StatReloader
INFO 2024-03-31 20:00:59,141 autoreload 28960 11664 G:\Python-develop\Django\Django_project\Seminar_2\views.py changed, reloading.
INFO 2024-03-31 20:00:59,592 autoreload 22524 2456 Watching for file changes with StatReloader
INFO 2024-03-31 20:01:03,066 autoreload 22524 2456 G:\Python-develop\Django\Django_project\Seminar_2\views.py changed, reloading.
INFO 2024-03-31 20:01:03,528 autoreload 18676 27724 Watching for file changes with StatReloader
INFO 2024-03-31 20:01:04,955 autoreload 18676 27724 G:\Python-develop\Django\Django_project\Seminar_2\views.py changed, reloading.
INFO 2024-03-31 20:01:05,420 autoreload 24484 9752 Watching for file changes with StatReloader
INFO 2024-03-31 20:01:13,826 autoreload 24484 9752 G:\Python-develop\Django\Django_project\Seminar_2\views.py changed, reloading.
INFO 2024-03-31 20:01:14,282 autoreload 22668 29016 Watching for file changes with StatReloader
INFO 2024-03-31 20:01:15,712 autoreload 22668 29016 G:\Python-develop\Django\Django_project\Seminar_2\views.py changed, reloading.
INFO 2024-03-31 20:01:16,197 autoreload 12432 13836 Watching for file changes with StatReloader
INFO 2024-03-31 20:01:19,710 autoreload 12432 13836 G:\Python-develop\Django\Django_project\Seminar_2\models.py changed, reloading.
INFO 2024-03-31 20:01:20,169 autoreload 22624 26456 Watching for file changes with StatReloader
INFO 2024-03-31 20:01:22,486 autoreload 22624 26456 G:\Python-develop\Django\Django_project\Seminar_2\models.py changed, reloading.
INFO 2024-03-31 20:01:22,956 autoreload 3488 13868 Watching for file changes with StatReloader
INFO 2024-03-31 20:01:24,240 autoreload 3488 13868 G:\Python-develop\Django\Django_project\Seminar_2\models.py changed, reloading.
INFO 2024-03-31 20:01:24,681 autoreload 30060 252 Watching for file changes with StatReloader
INFO 2024-03-31 20:01:31,085 autoreload 30060 252 G:\Python-develop\Django\Django_project\Seminar_2\models.py changed, reloading.
INFO 2024-03-31 20:01:31,519 autoreload 30240 30188 Watching for file changes with StatReloader
INFO 2024-03-31 20:01:32,811 autoreload 30240 30188 G:\Python-develop\Django\Django_project\Seminar_2\models.py changed, reloading.
INFO 2024-03-31 20:01:33,312 autoreload 5228 19672 Watching for file changes with StatReloader
INFO 2024-03-31 20:01:34,605 autoreload 5228 19672 G:\Python-develop\Django\Django_project\Seminar_2\models.py changed, reloading.
INFO 2024-03-31 20:01:35,040 autoreload 29728 12644 Watching for file changes with StatReloader
INFO 2024-03-31 20:01:36,327 autoreload 29728 12644 G:\Python-develop\Django\Django_project\Seminar_2\models.py changed, reloading.
INFO 2024-03-31 20:01:36,768 autoreload 30476 24664 Watching for file changes with StatReloader
INFO 2024-03-31 20:01:39,089 autoreload 30476 24664 G:\Python-develop\Django\Django_project\Seminar_2\models.py changed, reloading.
INFO 2024-03-31 20:01:39,519 autoreload 30388 1820 Watching for file changes with StatReloader
INFO 2024-03-31 20:10:59,951 autoreload 28064 30368 Watching for file changes with StatReloader
ERROR 2024-03-31 20:11:03,720 log 28064 30680 Internal Server Error: /S_2/stat/
Traceback (most recent call last):
  File "G:\Python-develop\Django\venv\Lib\site-packages\django\core\handlers\exception.py", line 55, in inner
    response = get_response(request)
               ^^^^^^^^^^^^^^^^^^^^^
  File "G:\Python-develop\Django\venv\Lib\site-packages\django\core\handlers\base.py", line 197, in _get_response
    response = wrapped_callback(request, *callback_args, **callback_kwargs)
               ^^^^^^^^^^^^^^^^^^^^^^^^^^^^^^^^^^^^^^^^^^^^^^^^^^^^^^^^^^^^
  File "G:\Python-develop\Django\Django_project\Seminar_2\views.py", line 19, in statistics
    data = Games.stat_game()
           ^^^^^^^^^^^^^^^^^
  File "G:\Python-develop\Django\Django_project\Seminar_2\models.py", line 69, in stat_game
    res = res.setdefault(elem.side, 0) + 1
          ^^^^^^^^^^^^^^
AttributeError: 'int' object has no attribute 'setdefault'
ERROR 2024-03-31 20:11:03,722 basehttp 28064 30680 "GET /S_2/stat/ HTTP/1.1" 500 70770
INFO 2024-03-31 20:11:44,731 autoreload 28064 30368 G:\Python-develop\Django\Django_project\Seminar_2\models.py changed, reloading.
INFO 2024-03-31 20:11:45,207 autoreload 28604 30564 Watching for file changes with StatReloader
INFO 2024-03-31 20:11:46,619 autoreload 28604 30564 G:\Python-develop\Django\Django_project\Seminar_2\models.py changed, reloading.
INFO 2024-03-31 20:11:47,066 autoreload 29912 29164 Watching for file changes with StatReloader
INFO 2024-03-31 20:11:48,375 autoreload 29912 29164 G:\Python-develop\Django\Django_project\Seminar_2\models.py changed, reloading.
INFO 2024-03-31 20:11:48,840 autoreload 9908 5020 Watching for file changes with StatReloader
INFO 2024-03-31 20:11:52,163 autoreload 9908 5020 G:\Python-develop\Django\Django_project\Seminar_2\models.py changed, reloading.
INFO 2024-03-31 20:11:52,620 autoreload 17332 6064 Watching for file changes with StatReloader
INFO 2024-03-31 20:11:53,927 autoreload 17332 6064 G:\Python-develop\Django\Django_project\Seminar_2\models.py changed, reloading.
INFO 2024-03-31 20:11:54,366 autoreload 20900 25284 Watching for file changes with StatReloader
INFO 2024-03-31 20:11:55,650 autoreload 20900 25284 G:\Python-develop\Django\Django_project\Seminar_2\models.py changed, reloading.
INFO 2024-03-31 20:11:56,087 autoreload 28196 20176 Watching for file changes with StatReloader
INFO 2024-03-31 20:11:58,395 autoreload 28196 20176 G:\Python-develop\Django\Django_project\Seminar_2\models.py changed, reloading.
INFO 2024-03-31 20:11:58,829 autoreload 20976 8888 Watching for file changes with StatReloader
INFO 2024-03-31 20:12:03,192 autoreload 20976 8888 G:\Python-develop\Django\Django_project\Seminar_2\models.py changed, reloading.
INFO 2024-03-31 20:12:03,644 autoreload 22748 26600 Watching for file changes with StatReloader
INFO 2024-03-31 20:12:09,008 autoreload 22748 26600 G:\Python-develop\Django\Django_project\Seminar_2\models.py changed, reloading.
INFO 2024-03-31 20:12:09,446 autoreload 30068 15456 Watching for file changes with StatReloader
INFO 2024-03-31 20:12:11,756 autoreload 30068 15456 G:\Python-develop\Django\Django_project\Seminar_2\models.py changed, reloading.
INFO 2024-03-31 20:12:12,203 autoreload 17464 17468 Watching for file changes with StatReloader
INFO 2024-03-31 20:12:19,804 autoreload 17464 17468 G:\Python-develop\Django\Django_project\Seminar_2\models.py changed, reloading.
INFO 2024-03-31 20:12:20,281 autoreload 29836 10052 Watching for file changes with StatReloader
INFO 2024-03-31 20:12:21,712 autoreload 29836 10052 G:\Python-develop\Django\Django_project\Seminar_2\models.py changed, reloading.
INFO 2024-03-31 20:12:22,177 autoreload 26960 22996 Watching for file changes with StatReloader
INFO 2024-03-31 20:12:23,602 autoreload 26960 22996 G:\Python-develop\Django\Django_project\Seminar_2\models.py changed, reloading.
INFO 2024-03-31 20:12:24,086 autoreload 14164 13896 Watching for file changes with StatReloader
INFO 2024-03-31 20:12:25,513 autoreload 14164 13896 G:\Python-develop\Django\Django_project\Seminar_2\models.py changed, reloading.
INFO 2024-03-31 20:12:25,990 autoreload 27200 24928 Watching for file changes with StatReloader
INFO 2024-03-31 20:12:27,408 autoreload 27200 24928 G:\Python-develop\Django\Django_project\Seminar_2\models.py changed, reloading.
INFO 2024-03-31 20:12:27,881 autoreload 7604 30644 Watching for file changes with StatReloader
INFO 2024-03-31 20:12:29,295 autoreload 7604 30644 G:\Python-develop\Django\Django_project\Seminar_2\models.py changed, reloading.
INFO 2024-03-31 20:12:29,765 autoreload 9208 30512 Watching for file changes with StatReloader
INFO 2024-03-31 20:12:31,206 autoreload 9208 30512 G:\Python-develop\Django\Django_project\Seminar_2\models.py changed, reloading.
INFO 2024-03-31 20:12:31,670 autoreload 20468 4100 Watching for file changes with StatReloader
INFO 2024-03-31 20:12:32,964 autoreload 20468 4100 G:\Python-develop\Django\Django_project\Seminar_2\models.py changed, reloading.
INFO 2024-03-31 20:12:33,419 autoreload 30328 17280 Watching for file changes with StatReloader
INFO 2024-03-31 20:12:49,195 autoreload 30328 17280 G:\Python-develop\Django\Django_project\Seminar_2\models.py changed, reloading.
INFO 2024-03-31 20:12:49,670 autoreload 19868 25272 Watching for file changes with StatReloader
INFO 2024-03-31 20:12:51,088 autoreload 19868 25272 G:\Python-develop\Django\Django_project\Seminar_2\models.py changed, reloading.
INFO 2024-03-31 20:12:51,563 autoreload 6644 12532 Watching for file changes with StatReloader
INFO 2024-03-31 20:12:52,987 autoreload 6644 12532 G:\Python-develop\Django\Django_project\Seminar_2\models.py changed, reloading.
INFO 2024-03-31 20:12:53,440 autoreload 27024 30536 Watching for file changes with StatReloader
INFO 2024-03-31 20:12:56,783 autoreload 27024 30536 G:\Python-develop\Django\Django_project\Seminar_2\models.py changed, reloading.
INFO 2024-03-31 20:12:57,238 autoreload 5332 29036 Watching for file changes with StatReloader
INFO 2024-03-31 20:12:58,660 autoreload 5332 29036 G:\Python-develop\Django\Django_project\Seminar_2\models.py changed, reloading.
INFO 2024-03-31 20:12:59,133 autoreload 20872 5156 Watching for file changes with StatReloader
INFO 2024-03-31 20:13:00,566 autoreload 20872 5156 G:\Python-develop\Django\Django_project\Seminar_2\models.py changed, reloading.
INFO 2024-03-31 20:13:01,013 autoreload 29848 29164 Watching for file changes with StatReloader
INFO 2024-03-31 20:13:02,317 autoreload 29848 29164 G:\Python-develop\Django\Django_project\Seminar_2\models.py changed, reloading.
INFO 2024-03-31 20:13:02,754 autoreload 29924 26120 Watching for file changes with StatReloader
INFO 2024-03-31 20:13:04,051 autoreload 29924 26120 G:\Python-develop\Django\Django_project\Seminar_2\models.py changed, reloading.
INFO 2024-03-31 20:13:04,491 autoreload 25924 4892 Watching for file changes with StatReloader
INFO 2024-03-31 20:13:05,787 autoreload 25924 4892 G:\Python-develop\Django\Django_project\Seminar_2\models.py changed, reloading.
INFO 2024-03-31 20:13:06,237 autoreload 10488 29112 Watching for file changes with StatReloader
INFO 2024-03-31 20:13:35,369 autoreload 10488 29112 G:\Python-develop\Django\Django_project\Seminar_2\models.py changed, reloading.
INFO 2024-03-31 20:13:35,843 autoreload 19800 30444 Watching for file changes with StatReloader
INFO 2024-03-31 20:13:37,286 autoreload 19800 30444 G:\Python-develop\Django\Django_project\Seminar_2\models.py changed, reloading.
INFO 2024-03-31 20:13:37,764 autoreload 25284 9752 Watching for file changes with StatReloader
INFO 2024-03-31 20:13:45,401 autoreload 25284 9752 G:\Python-develop\Django\Django_project\Seminar_2\models.py changed, reloading.
INFO 2024-03-31 20:13:45,897 autoreload 13988 11120 Watching for file changes with StatReloader
INFO 2024-03-31 20:13:47,334 autoreload 13988 11120 G:\Python-develop\Django\Django_project\Seminar_2\models.py changed, reloading.
INFO 2024-03-31 20:13:47,815 autoreload 2388 25332 Watching for file changes with StatReloader
INFO 2024-03-31 20:13:58,493 autoreload 2388 25332 G:\Python-develop\Django\Django_project\Seminar_2\views.py changed, reloading.
INFO 2024-03-31 20:13:58,973 autoreload 19216 30076 Watching for file changes with StatReloader
INFO 2024-03-31 20:14:02,464 autoreload 19216 30076 G:\Python-develop\Django\Django_project\Seminar_2\views.py changed, reloading.
INFO 2024-03-31 20:14:02,932 autoreload 29840 25724 Watching for file changes with StatReloader
INFO 2024-03-31 20:14:04,363 autoreload 29840 25724 G:\Python-develop\Django\Django_project\Seminar_2\views.py changed, reloading.
INFO 2024-03-31 20:14:04,849 autoreload 28964 19256 Watching for file changes with StatReloader
INFO 2024-03-31 20:14:06,281 autoreload 28964 19256 G:\Python-develop\Django\Django_project\Seminar_2\views.py changed, reloading.
INFO 2024-03-31 20:14:06,776 autoreload 7800 24300 Watching for file changes with StatReloader
INFO 2024-03-31 20:15:48,760 autoreload 7800 24300 G:\Python-develop\Django\Django_project\Seminar_2\models.py changed, reloading.
INFO 2024-03-31 20:15:49,225 autoreload 3616 24380 Watching for file changes with StatReloader
INFO 2024-03-31 20:15:52,721 autoreload 3616 24380 G:\Python-develop\Django\Django_project\Seminar_2\models.py changed, reloading.
INFO 2024-03-31 20:15:53,211 autoreload 18772 24460 Watching for file changes with StatReloader
INFO 2024-03-31 20:15:54,619 autoreload 18772 24460 G:\Python-develop\Django\Django_project\Seminar_2\models.py changed, reloading.
INFO 2024-03-31 20:15:55,148 autoreload 19256 2836 Watching for file changes with StatReloader
INFO 2024-03-31 20:16:11,974 autoreload 19256 2836 G:\Python-develop\Django\Django_project\Seminar_2\models.py changed, reloading.
INFO 2024-03-31 20:16:12,441 autoreload 16536 8296 Watching for file changes with StatReloader
INFO 2024-03-31 20:16:13,876 autoreload 16536 8296 G:\Python-develop\Django\Django_project\Seminar_2\models.py changed, reloading.
INFO 2024-03-31 20:16:14,375 autoreload 24692 13052 Watching for file changes with StatReloader
INFO 2024-03-31 20:16:15,800 autoreload 24692 13052 G:\Python-develop\Django\Django_project\Seminar_2\models.py changed, reloading.
INFO 2024-03-31 20:16:16,281 autoreload 19888 11972 Watching for file changes with StatReloader
INFO 2024-03-31 20:16:17,702 autoreload 19888 11972 G:\Python-develop\Django\Django_project\Seminar_2\models.py changed, reloading.
INFO 2024-03-31 20:16:18,171 autoreload 1016 29152 Watching for file changes with StatReloader
INFO 2024-03-31 20:16:20,611 autoreload 1016 29152 G:\Python-develop\Django\Django_project\Seminar_2\models.py changed, reloading.
INFO 2024-03-31 20:16:21,086 autoreload 17468 24392 Watching for file changes with StatReloader
INFO 2024-03-31 20:16:22,509 autoreload 17468 24392 G:\Python-develop\Django\Django_project\Seminar_2\models.py changed, reloading.
INFO 2024-03-31 20:16:22,972 autoreload 30216 12168 Watching for file changes with StatReloader
INFO 2024-03-31 20:16:31,566 autoreload 30216 12168 G:\Python-develop\Django\Django_project\Seminar_2\models.py changed, reloading.
INFO 2024-03-31 20:16:32,013 autoreload 12576 1628 Watching for file changes with StatReloader
INFO 2024-03-31 20:16:34,328 autoreload 12576 1628 G:\Python-develop\Django\Django_project\Seminar_2\models.py changed, reloading.
INFO 2024-03-31 20:16:34,760 autoreload 22900 24928 Watching for file changes with StatReloader
INFO 2024-03-31 20:16:36,060 autoreload 22900 24928 G:\Python-develop\Django\Django_project\Seminar_2\models.py changed, reloading.
INFO 2024-03-31 20:16:36,505 autoreload 29260 772 Watching for file changes with StatReloader
INFO 2024-03-31 20:16:37,788 autoreload 29260 772 G:\Python-develop\Django\Django_project\Seminar_2\models.py changed, reloading.
INFO 2024-03-31 20:16:38,257 autoreload 13372 7216 Watching for file changes with StatReloader
INFO 2024-03-31 20:16:39,544 autoreload 13372 7216 G:\Python-develop\Django\Django_project\Seminar_2\models.py changed, reloading.
INFO 2024-03-31 20:16:39,999 autoreload 19548 26076 Watching for file changes with StatReloader
INFO 2024-03-31 20:16:41,449 autoreload 19548 26076 G:\Python-develop\Django\Django_project\Seminar_2\models.py changed, reloading.
INFO 2024-03-31 20:16:41,911 autoreload 19888 18648 Watching for file changes with StatReloader
INFO 2024-03-31 20:16:43,343 autoreload 19888 18648 G:\Python-develop\Django\Django_project\Seminar_2\models.py changed, reloading.
INFO 2024-03-31 20:16:43,823 autoreload 23608 25536 Watching for file changes with StatReloader
INFO 2024-03-31 20:16:45,240 autoreload 23608 25536 G:\Python-develop\Django\Django_project\Seminar_2\models.py changed, reloading.
INFO 2024-03-31 20:16:45,707 autoreload 18444 15520 Watching for file changes with StatReloader
ERROR 2024-03-31 20:16:52,727 log 18444 30036 Internal Server Error: /S_2/stat/
Traceback (most recent call last):
  File "G:\Python-develop\Django\venv\Lib\site-packages\django\core\handlers\exception.py", line 55, in inner
    response = get_response(request)
               ^^^^^^^^^^^^^^^^^^^^^
  File "G:\Python-develop\Django\venv\Lib\site-packages\django\core\handlers\base.py", line 197, in _get_response
    response = wrapped_callback(request, *callback_args, **callback_kwargs)
               ^^^^^^^^^^^^^^^^^^^^^^^^^^^^^^^^^^^^^^^^^^^^^^^^^^^^^^^^^^^^
  File "G:\Python-develop\Django\Django_project\Seminar_2\views.py", line 19, in statistics
    data = Games.stat_game()
           ^^^^^^^^^^^^^^^^^
  File "G:\Python-develop\Django\Django_project\Seminar_2\models.py", line 70, in stat_game
    res[elem.side] = count + 1
                     ~~~~~~^~~
TypeError: unsupported operand type(s) for +: 'NoneType' and 'int'
ERROR 2024-03-31 20:16:52,730 basehttp 18444 30036 "GET /S_2/stat/ HTTP/1.1" 500 70899
INFO 2024-03-31 20:17:15,097 autoreload 18444 15520 G:\Python-develop\Django\Django_project\Seminar_2\views.py changed, reloading.
INFO 2024-03-31 20:17:15,555 autoreload 27796 23812 Watching for file changes with StatReloader
INFO 2024-03-31 20:17:18,019 autoreload 27796 23812 G:\Python-develop\Django\Django_project\Seminar_2\views.py changed, reloading.
INFO 2024-03-31 20:17:18,487 autoreload 628 27524 Watching for file changes with StatReloader
INFO 2024-03-31 20:17:20,727 autoreload 628 27524 G:\Python-develop\Django\Django_project\Seminar_2\views.py changed, reloading.
INFO 2024-03-31 20:17:21,179 autoreload 26560 18648 Watching for file changes with StatReloader
INFO 2024-03-31 20:17:22,401 autoreload 26560 18648 G:\Python-develop\Django\Django_project\Seminar_2\views.py changed, reloading.
INFO 2024-03-31 20:17:22,863 autoreload 21824 1792 Watching for file changes with StatReloader
ERROR 2024-03-31 20:17:53,628 log 21824 21204 Internal Server Error: /S_2/stat/
Traceback (most recent call last):
  File "G:\Python-develop\Django\venv\Lib\site-packages\django\core\handlers\exception.py", line 55, in inner
    response = get_response(request)
               ^^^^^^^^^^^^^^^^^^^^^
  File "G:\Python-develop\Django\venv\Lib\site-packages\django\core\handlers\base.py", line 197, in _get_response
    response = wrapped_callback(request, *callback_args, **callback_kwargs)
               ^^^^^^^^^^^^^^^^^^^^^^^^^^^^^^^^^^^^^^^^^^^^^^^^^^^^^^^^^^^^
  File "G:\Python-develop\Django\Django_project\Seminar_2\views.py", line 19, in statistics
    data = Games.stat_game()
           ^^^^^^^^^^^^^^^^^
  File "G:\Python-develop\Django\Django_project\Seminar_2\models.py", line 70, in stat_game
    res[elem.side] = count + 1
                     ~~~~~~^~~
TypeError: unsupported operand type(s) for +: 'NoneType' and 'int'
ERROR 2024-03-31 20:17:53,631 basehttp 21824 21204 "GET /S_2/stat/ HTTP/1.1" 500 70914
INFO 2024-03-31 20:19:39,444 basehttp 21824 21204 "GET /S_2/game/ HTTP/1.1" 200 45
INFO 2024-03-31 20:19:41,866 basehttp 21824 21204 "GET /S_2/game/ HTTP/1.1" 200 45
INFO 2024-03-31 20:19:42,684 basehttp 21824 21204 "GET /S_2/game/ HTTP/1.1" 200 45
INFO 2024-03-31 20:19:43,591 basehttp 21824 21204 "GET /S_2/game/ HTTP/1.1" 200 47
INFO 2024-03-31 20:19:44,311 basehttp 21824 21204 "GET /S_2/game/ HTTP/1.1" 200 47
INFO 2024-03-31 20:19:45,075 basehttp 21824 21204 "GET /S_2/game/ HTTP/1.1" 200 47
INFO 2024-03-31 20:19:45,758 basehttp 21824 21204 "GET /S_2/game/ HTTP/1.1" 200 45
INFO 2024-03-31 20:19:46,433 basehttp 21824 21204 "GET /S_2/game/ HTTP/1.1" 200 47
INFO 2024-03-31 20:19:47,011 basehttp 21824 21204 "GET /S_2/game/ HTTP/1.1" 200 45
INFO 2024-03-31 20:19:51,044 basehttp 21824 21204 "GET /S_2/stat/ HTTP/1.1" 200 24
INFO 2024-03-31 20:24:28,630 autoreload 21824 1792 G:\Python-develop\Django\Django_project\Seminar_2\models.py changed, reloading.
INFO 2024-03-31 20:24:29,109 autoreload 13880 12092 Watching for file changes with StatReloader
INFO 2024-03-31 20:24:33,636 autoreload 13880 12092 G:\Python-develop\Django\Django_project\Seminar_2\models.py changed, reloading.
INFO 2024-03-31 20:24:34,092 autoreload 12992 26780 Watching for file changes with StatReloader
INFO 2024-03-31 20:24:36,413 autoreload 12992 26780 G:\Python-develop\Django\Django_project\Seminar_2\models.py changed, reloading.
INFO 2024-03-31 20:24:36,851 autoreload 17656 26504 Watching for file changes with StatReloader
INFO 2024-03-31 20:24:38,135 autoreload 17656 26504 G:\Python-develop\Django\Django_project\Seminar_2\models.py changed, reloading.
INFO 2024-03-31 20:24:38,574 autoreload 21972 20164 Watching for file changes with StatReloader
INFO 2024-03-31 20:24:43,961 autoreload 21972 20164 G:\Python-develop\Django\Django_project\Seminar_2\models.py changed, reloading.
INFO 2024-03-31 20:24:44,391 autoreload 14136 17156 Watching for file changes with StatReloader
INFO 2024-03-31 20:24:45,684 autoreload 14136 17156 G:\Python-develop\Django\Django_project\Seminar_2\models.py changed, reloading.
INFO 2024-03-31 20:24:46,119 autoreload 30564 23000 Watching for file changes with StatReloader
INFO 2024-03-31 20:24:47,424 autoreload 30564 23000 G:\Python-develop\Django\Django_project\Seminar_2\models.py changed, reloading.
INFO 2024-03-31 20:24:47,871 autoreload 15520 20180 Watching for file changes with StatReloader
INFO 2024-03-31 20:24:49,183 autoreload 15520 20180 G:\Python-develop\Django\Django_project\Seminar_2\models.py changed, reloading.
INFO 2024-03-31 20:24:49,617 autoreload 16872 27788 Watching for file changes with StatReloader
INFO 2024-03-31 20:24:51,938 autoreload 16872 27788 G:\Python-develop\Django\Django_project\Seminar_2\models.py changed, reloading.
INFO 2024-03-31 20:24:52,381 autoreload 30032 30280 Watching for file changes with StatReloader
INFO 2024-03-31 20:24:53,670 autoreload 30032 30280 G:\Python-develop\Django\Django_project\Seminar_2\models.py changed, reloading.
INFO 2024-03-31 20:24:54,109 autoreload 8356 27152 Watching for file changes with StatReloader
INFO 2024-03-31 20:24:56,425 autoreload 8356 27152 G:\Python-develop\Django\Django_project\Seminar_2\models.py changed, reloading.
INFO 2024-03-31 20:24:56,869 autoreload 1528 7632 Watching for file changes with StatReloader
INFO 2024-03-31 20:24:58,145 autoreload 1528 7632 G:\Python-develop\Django\Django_project\Seminar_2\models.py changed, reloading.
INFO 2024-03-31 20:24:58,590 autoreload 24664 13824 Watching for file changes with StatReloader
INFO 2024-03-31 20:24:59,881 autoreload 24664 13824 G:\Python-develop\Django\Django_project\Seminar_2\models.py changed, reloading.
INFO 2024-03-31 20:25:00,319 autoreload 6652 2120 Watching for file changes with StatReloader
INFO 2024-03-31 20:37:49,586 autoreload 30356 12132 Watching for file changes with StatReloader
INFO 2024-03-31 20:38:04,126 autoreload 30356 12132 G:\Python-develop\Django\Django_project\Seminar_2\views.py changed, reloading.
INFO 2024-03-31 20:38:04,614 autoreload 14688 1820 Watching for file changes with StatReloader
INFO 2024-03-31 20:38:35,528 autoreload 14688 1820 G:\Python-develop\Django\Django_project\Seminar_2\views.py changed, reloading.
INFO 2024-03-31 20:38:35,986 autoreload 9692 17784 Watching for file changes with StatReloader
INFO 2024-03-31 20:38:37,224 autoreload 9692 17784 G:\Python-develop\Django\Django_project\Seminar_2\views.py changed, reloading.
INFO 2024-03-31 20:38:37,676 autoreload 24312 26684 Watching for file changes with StatReloader
INFO 2024-03-31 20:38:44,029 autoreload 24312 26684 G:\Python-develop\Django\Django_project\Seminar_2\views.py changed, reloading.
INFO 2024-03-31 20:38:44,493 autoreload 30224 11708 Watching for file changes with StatReloader
INFO 2024-03-31 20:38:52,105 autoreload 30224 11708 G:\Python-develop\Django\Django_project\Seminar_2\views.py changed, reloading.
INFO 2024-03-31 20:38:52,574 autoreload 14272 15472 Watching for file changes with StatReloader
INFO 2024-03-31 20:39:10,116 basehttp 14272 6152 "GET /S_2/authors HTTP/1.1" 301 0
INFO 2024-03-31 20:39:10,165 basehttp 14272 12168 "GET /S_2/authors/ HTTP/1.1" 200 190
INFO 2024-03-31 20:42:44,308 autoreload 14272 15472 G:\Python-develop\Django\Django_project\Seminar_2\models.py changed, reloading.
INFO 2024-03-31 20:42:44,759 autoreload 22984 23000 Watching for file changes with StatReloader
INFO 2024-03-31 21:10:00,823 autoreload 22984 23000 G:\Python-develop\Django\Django_project\Seminar_2\models.py changed, reloading.
INFO 2024-03-31 21:10:01,292 autoreload 30448 6044 Watching for file changes with StatReloader
INFO 2024-04-02 19:23:13,738 autoreload 13228 15612 Watching for file changes with StatReloader
INFO 2024-04-02 19:23:15,360 basehttp 13228 13500 "GET / HTTP/1.1" 200 13
WARNING 2024-04-02 19:23:15,584 log 13228 13500 Not Found: /favicon.ico
WARNING 2024-04-02 19:23:15,585 basehttp 13228 13500 "GET /favicon.ico HTTP/1.1" 404 2548
INFO 2024-04-02 19:23:23,885 basehttp 13228 13500 "GET /coin HTTP/1.1" 301 0
ERROR 2024-04-02 19:23:23,922 log 13228 15020 Internal Server Error: /coin/
Traceback (most recent call last):
  File "G:\Python-develop\Django\venv\Lib\site-packages\django\core\handlers\exception.py", line 55, in inner
    response = get_response(request)
               ^^^^^^^^^^^^^^^^^^^^^
  File "G:\Python-develop\Django\venv\Lib\site-packages\django\core\handlers\base.py", line 197, in _get_response
    response = wrapped_callback(request, *callback_args, **callback_kwargs)
               ^^^^^^^^^^^^^^^^^^^^^^^^^^^^^^^^^^^^^^^^^^^^^^^^^^^^^^^^^^^^
  File "G:\Python-develop\Django\Django_project\Seminar_1\views.py", line 27, in coin
    coin_side = random.choice(['head', 'tail'])
                ^^^^^^
NameError: name 'random' is not defined
ERROR 2024-04-02 19:23:23,924 basehttp 13228 15020 "GET /coin/ HTTP/1.1" 500 66509
INFO 2024-04-02 19:23:37,142 autoreload 13228 15612 G:\Python-develop\Django\Django_project\Seminar_1\views.py changed, reloading.
INFO 2024-04-02 19:23:37,620 autoreload 17008 12964 Watching for file changes with StatReloader
INFO 2024-04-02 19:23:39,056 autoreload 17008 12964 G:\Python-develop\Django\Django_project\Seminar_1\views.py changed, reloading.
INFO 2024-04-02 19:23:39,532 autoreload 15368 3916 Watching for file changes with StatReloader
INFO 2024-04-02 19:23:40,767 autoreload 15368 3916 G:\Python-develop\Django\Django_project\Seminar_1\views.py changed, reloading.
INFO 2024-04-02 19:23:41,247 autoreload 4704 11780 Watching for file changes with StatReloader
INFO 2024-04-02 19:23:42,454 autoreload 4704 11780 G:\Python-develop\Django\Django_project\Seminar_1\views.py changed, reloading.
INFO 2024-04-02 19:23:42,921 autoreload 3416 4572 Watching for file changes with StatReloader
INFO 2024-04-02 19:23:45,892 basehttp 3416 18344 "GET /coin/ HTTP/1.1" 200 4
INFO 2024-04-02 19:23:47,060 basehttp 3416 18344 "GET /coin/ HTTP/1.1" 200 4
INFO 2024-04-02 19:23:47,635 basehttp 3416 18344 "GET /coin/ HTTP/1.1" 200 4
INFO 2024-04-02 19:23:48,520 basehttp 3416 18344 "GET /coin/ HTTP/1.1" 200 4
INFO 2024-04-02 19:23:49,084 basehttp 3416 18344 "GET /coin/ HTTP/1.1" 200 4
INFO 2024-04-02 19:24:13,273 autoreload 3416 4572 G:\Python-develop\Django\Django_project\Seminar_1\views.py changed, reloading.
INFO 2024-04-02 19:24:13,765 autoreload 2988 20428 Watching for file changes with StatReloader
INFO 2024-04-02 19:24:15,229 autoreload 2988 20428 G:\Python-develop\Django\Django_project\Seminar_1\views.py changed, reloading.
INFO 2024-04-02 19:24:15,750 autoreload 17352 10888 Watching for file changes with StatReloader
INFO 2024-04-02 19:24:18,221 autoreload 17352 10888 G:\Python-develop\Django\Django_project\Seminar_1\views.py changed, reloading.
INFO 2024-04-02 19:24:18,700 autoreload 2348 20692 Watching for file changes with StatReloader
INFO 2024-04-02 19:24:20,141 autoreload 2348 20692 G:\Python-develop\Django\Django_project\Seminar_1\views.py changed, reloading.
INFO 2024-04-02 19:24:20,630 autoreload 21220 4704 Watching for file changes with StatReloader
INFO 2024-04-02 19:24:22,058 autoreload 21220 4704 G:\Python-develop\Django\Django_project\Seminar_1\views.py changed, reloading.
INFO 2024-04-02 19:24:22,547 autoreload 16324 9272 Watching for file changes with StatReloader
INFO 2024-04-02 19:24:50,685 autoreload 16324 9272 G:\Python-develop\Django\Django_project\Seminar_1\views.py changed, reloading.
INFO 2024-04-02 19:24:51,184 autoreload 20628 20904 Watching for file changes with StatReloader
INFO 2024-04-02 19:24:53,663 autoreload 20628 20904 G:\Python-develop\Django\Django_project\Seminar_1\views.py changed, reloading.
INFO 2024-04-02 19:24:54,145 autoreload 20692 8740 Watching for file changes with StatReloader
INFO 2024-04-02 19:24:56,384 autoreload 20692 8740 G:\Python-develop\Django\Django_project\Seminar_1\views.py changed, reloading.
INFO 2024-04-02 19:24:56,853 autoreload 20976 10900 Watching for file changes with StatReloader
INFO 2024-04-02 19:24:58,071 autoreload 20976 10900 G:\Python-develop\Django\Django_project\Seminar_1\views.py changed, reloading.
INFO 2024-04-02 19:24:58,561 autoreload 15948 8756 Watching for file changes with StatReloader
INFO 2024-04-02 19:24:59,798 autoreload 15948 8756 G:\Python-develop\Django\Django_project\Seminar_1\views.py changed, reloading.
INFO 2024-04-02 19:25:00,261 autoreload 18356 12964 Watching for file changes with StatReloader
INFO 2024-04-02 19:25:01,483 autoreload 18356 12964 G:\Python-develop\Django\Django_project\Seminar_1\views.py changed, reloading.
INFO 2024-04-02 19:25:01,962 autoreload 14720 15456 Watching for file changes with StatReloader
INFO 2024-04-02 19:25:03,398 autoreload 14720 15456 G:\Python-develop\Django\Django_project\Seminar_1\views.py changed, reloading.
INFO 2024-04-02 19:25:03,884 autoreload 17340 10508 Watching for file changes with StatReloader
INFO 2024-04-02 19:25:05,104 autoreload 17340 10508 G:\Python-develop\Django\Django_project\Seminar_1\views.py changed, reloading.
INFO 2024-04-02 19:25:05,570 autoreload 12300 17824 Watching for file changes with StatReloader
INFO 2024-04-02 19:25:10,086 autoreload 12300 17824 G:\Python-develop\Django\Django_project\Seminar_1\views.py changed, reloading.
INFO 2024-04-02 19:25:10,567 autoreload 5020 14420 Watching for file changes with StatReloader
INFO 2024-04-02 19:25:12,000 autoreload 5020 14420 G:\Python-develop\Django\Django_project\Seminar_1\views.py changed, reloading.
INFO 2024-04-02 19:25:12,484 autoreload 19648 10580 Watching for file changes with StatReloader
INFO 2024-04-02 19:25:14,949 autoreload 19648 10580 G:\Python-develop\Django\Django_project\Seminar_1\views.py changed, reloading.
INFO 2024-04-02 19:25:15,437 autoreload 8740 1424 Watching for file changes with StatReloader
INFO 2024-04-02 19:25:29,199 autoreload 8740 1424 G:\Python-develop\Django\Django_project\Seminar_1\views.py changed, reloading.
INFO 2024-04-02 19:25:29,680 autoreload 10252 19268 Watching for file changes with StatReloader
INFO 2024-04-02 19:25:34,203 autoreload 10252 19268 G:\Python-develop\Django\Django_project\Seminar_1\views.py changed, reloading.
INFO 2024-04-02 19:25:34,680 autoreload 21296 17872 Watching for file changes with StatReloader
INFO 2024-04-02 19:25:36,125 autoreload 21296 17872 G:\Python-develop\Django\Django_project\Seminar_1\views.py changed, reloading.
INFO 2024-04-02 19:25:36,626 autoreload 4656 17824 Watching for file changes with StatReloader
INFO 2024-04-02 19:25:38,051 autoreload 4656 17824 G:\Python-develop\Django\Django_project\Seminar_1\views.py changed, reloading.
INFO 2024-04-02 19:25:38,520 autoreload 404 20912 Watching for file changes with StatReloader
INFO 2024-04-02 19:25:49,189 autoreload 404 20912 G:\Python-develop\Django\Django_project\Seminar_1\urls.py changed, reloading.
INFO 2024-04-02 19:25:49,698 autoreload 5008 10072 Watching for file changes with StatReloader
INFO 2024-04-02 19:25:52,153 autoreload 5008 10072 G:\Python-develop\Django\Django_project\Seminar_1\urls.py changed, reloading.
INFO 2024-04-02 19:25:52,636 autoreload 7936 788 Watching for file changes with StatReloader
INFO 2024-04-02 19:25:57,145 autoreload 7936 788 G:\Python-develop\Django\Django_project\Seminar_1\urls.py changed, reloading.
INFO 2024-04-02 19:25:57,620 autoreload 772 20712 Watching for file changes with StatReloader
INFO 2024-04-02 19:26:01,098 autoreload 772 20712 G:\Python-develop\Django\Django_project\Seminar_1\urls.py changed, reloading.
INFO 2024-04-02 19:26:01,585 autoreload 15996 20512 Watching for file changes with StatReloader
INFO 2024-04-02 19:26:14,307 autoreload 15996 20512 G:\Python-develop\Django\Django_project\Seminar_1\urls.py changed, reloading.
INFO 2024-04-02 19:26:14,795 autoreload 4496 11828 Watching for file changes with StatReloader
INFO 2024-04-02 19:26:18,297 autoreload 4496 11828 G:\Python-develop\Django\Django_project\Seminar_1\urls.py changed, reloading.
INFO 2024-04-02 19:26:18,786 autoreload 19588 2992 Watching for file changes with StatReloader
INFO 2024-04-02 19:26:22,269 autoreload 19588 2992 G:\Python-develop\Django\Django_project\Seminar_1\urls.py changed, reloading.
INFO 2024-04-02 19:26:22,741 autoreload 10672 14652 Watching for file changes with StatReloader
INFO 2024-04-02 19:26:23,974 autoreload 10672 14652 G:\Python-develop\Django\Django_project\Seminar_1\urls.py changed, reloading.
INFO 2024-04-02 19:26:24,434 autoreload 18744 1708 Watching for file changes with StatReloader
INFO 2024-04-02 19:26:27,704 autoreload 18744 1708 G:\Python-develop\Django\Django_project\Seminar_1\urls.py changed, reloading.
INFO 2024-04-02 19:26:28,168 autoreload 20540 8812 Watching for file changes with StatReloader
INFO 2024-04-02 19:26:36,557 autoreload 20540 8812 G:\Python-develop\Django\Django_project\Seminar_1\views.py changed, reloading.
INFO 2024-04-02 19:26:37,016 autoreload 20512 20944 Watching for file changes with StatReloader
INFO 2024-04-02 19:26:39,267 autoreload 20512 20944 G:\Python-develop\Django\Django_project\Seminar_1\views.py changed, reloading.
INFO 2024-04-02 19:26:39,729 autoreload 20636 20060 Watching for file changes with StatReloader
INFO 2024-04-02 19:26:41,963 autoreload 20636 20060 G:\Python-develop\Django\Django_project\Seminar_1\views.py changed, reloading.
INFO 2024-04-02 19:26:42,420 autoreload 17364 15368 Watching for file changes with StatReloader
INFO 2024-04-02 19:26:43,640 autoreload 17364 15368 G:\Python-develop\Django\Django_project\Seminar_1\views.py changed, reloading.
INFO 2024-04-02 19:26:44,096 autoreload 1840 21024 Watching for file changes with StatReloader
INFO 2024-04-02 19:26:47,582 autoreload 1840 21024 G:\Python-develop\Django\Django_project\Seminar_1\views.py changed, reloading.
INFO 2024-04-02 19:26:48,055 autoreload 19512 3032 Watching for file changes with StatReloader
INFO 2024-04-02 19:27:08,189 basehttp 19512 14984 "GET /coin/ HTTP/1.1" 200 6
INFO 2024-04-02 19:27:08,620 basehttp 19512 14984 "GET /coin/ HTTP/1.1" 200 4
INFO 2024-04-02 19:27:09,080 basehttp 19512 14984 "GET /coin/ HTTP/1.1" 200 6
INFO 2024-04-02 19:27:09,424 basehttp 19512 14984 "GET /coin/ HTTP/1.1" 200 4
INFO 2024-04-02 19:27:14,386 basehttp 19512 14984 "GET /cube/ HTTP/1.1" 200 1
INFO 2024-04-02 19:27:16,822 basehttp 19512 14984 "GET /cube/ HTTP/1.1" 200 1
INFO 2024-04-02 19:27:17,208 basehttp 19512 14984 "GET /cube/ HTTP/1.1" 200 1
INFO 2024-04-02 19:27:17,525 basehttp 19512 14984 "GET /cube/ HTTP/1.1" 200 1
INFO 2024-04-02 19:27:17,831 basehttp 19512 14984 "GET /cube/ HTTP/1.1" 200 1
INFO 2024-04-02 19:27:18,116 basehttp 19512 14984 "GET /cube/ HTTP/1.1" 200 1
INFO 2024-04-02 19:27:18,436 basehttp 19512 14984 "GET /cube/ HTTP/1.1" 200 1
INFO 2024-04-02 19:27:18,706 basehttp 19512 14984 "GET /cube/ HTTP/1.1" 200 1
INFO 2024-04-02 19:27:19,004 basehttp 19512 14984 "GET /cube/ HTTP/1.1" 200 1
INFO 2024-04-02 19:27:19,311 basehttp 19512 14984 "GET /cube/ HTTP/1.1" 200 1
INFO 2024-04-02 19:27:19,680 basehttp 19512 14984 "GET /cube/ HTTP/1.1" 200 1
INFO 2024-04-02 19:27:19,868 basehttp 19512 14984 "GET /cube/ HTTP/1.1" 200 1
INFO 2024-04-02 19:27:23,211 basehttp 19512 14984 "GET /number/ HTTP/1.1" 200 1
INFO 2024-04-02 19:27:25,256 basehttp 19512 14984 "GET /number/ HTTP/1.1" 200 2
INFO 2024-04-02 19:27:25,732 basehttp 19512 14984 "GET /number/ HTTP/1.1" 200 2
INFO 2024-04-02 19:27:26,166 basehttp 19512 14984 "GET /number/ HTTP/1.1" 200 2
INFO 2024-04-02 19:27:26,555 basehttp 19512 14984 "GET /number/ HTTP/1.1" 200 1
INFO 2024-04-02 19:27:27,052 basehttp 19512 14984 "GET /number/ HTTP/1.1" 200 2
INFO 2024-04-02 19:27:27,569 basehttp 19512 14984 "GET /number/ HTTP/1.1" 200 2
INFO 2024-04-02 19:27:27,974 basehttp 19512 14984 "GET /number/ HTTP/1.1" 200 2
INFO 2024-04-02 19:27:28,331 basehttp 19512 14984 "GET /number/ HTTP/1.1" 200 2
INFO 2024-04-02 19:27:28,665 basehttp 19512 14984 "GET /number/ HTTP/1.1" 200 2
INFO 2024-04-02 19:27:49,196 autoreload 19512 3032 G:\Python-develop\Django\Django_project\Django_project\urls.py changed, reloading.
INFO 2024-04-02 19:27:49,685 autoreload 21712 21716 Watching for file changes with StatReloader
INFO 2024-04-02 19:27:51,134 autoreload 21712 21716 G:\Python-develop\Django\Django_project\Django_project\urls.py changed, reloading.
INFO 2024-04-02 19:27:51,623 autoreload 21864 21860 Watching for file changes with StatReloader
WARNING 2024-04-02 19:28:00,801 log 21864 21976 Not Found: /S_1/number/
WARNING 2024-04-02 19:28:00,802 basehttp 21864 21976 "GET /S_1/number/ HTTP/1.1" 404 2894
WARNING 2024-04-02 19:28:10,446 log 21864 21976 Not Found: /S_1/number/
WARNING 2024-04-02 19:28:10,447 basehttp 21864 21976 "GET /S_1/number/ HTTP/1.1" 404 2894
WARNING 2024-04-02 19:28:11,029 log 21864 21976 Not Found: /S_1/number/
WARNING 2024-04-02 19:28:11,030 basehttp 21864 21976 "GET /S_1/number/ HTTP/1.1" 404 2894
INFO 2024-04-02 19:28:17,171 autoreload 8152 22504 Watching for file changes with StatReloader
WARNING 2024-04-02 19:28:21,015 log 8152 21892 Not Found: /S_1/number/
WARNING 2024-04-02 19:28:21,016 basehttp 8152 21892 "GET /S_1/number/ HTTP/1.1" 404 2894
WARNING 2024-04-02 19:28:21,693 log 8152 21892 Not Found: /S_1/number/
WARNING 2024-04-02 19:28:21,694 basehttp 8152 21892 "GET /S_1/number/ HTTP/1.1" 404 2894
INFO 2024-04-02 19:28:37,268 autoreload 8152 22504 G:\Python-develop\Django\Django_project\Django_project\urls.py changed, reloading.
INFO 2024-04-02 19:28:37,743 autoreload 1356 22200 Watching for file changes with StatReloader
INFO 2024-04-02 19:28:44,718 basehttp 1356 22432 "GET /S_1/number/ HTTP/1.1" 200 2
INFO 2024-04-02 19:28:45,445 basehttp 1356 22432 "GET /S_1/number/ HTTP/1.1" 200 2
INFO 2024-04-02 19:28:45,815 basehttp 1356 22432 "GET /S_1/number/ HTTP/1.1" 200 2
INFO 2024-04-02 19:28:45,992 basehttp 1356 22432 "GET /S_1/number/ HTTP/1.1" 200 2
INFO 2024-04-02 19:28:46,198 basehttp 1356 22432 "GET /S_1/number/ HTTP/1.1" 200 2
INFO 2024-04-02 19:28:46,394 basehttp 1356 22432 "GET /S_1/number/ HTTP/1.1" 200 2
INFO 2024-04-02 19:28:46,613 basehttp 1356 22432 "GET /S_1/number/ HTTP/1.1" 200 2
INFO 2024-04-02 20:17:32,097 autoreload 15316 9604 Watching for file changes with StatReloader
WARNING 2024-04-02 20:17:36,288 log 15316 19620 Not Found: /
WARNING 2024-04-02 20:17:36,290 basehttp 15316 19620 "GET / HTTP/1.1" 404 2275
WARNING 2024-04-02 20:17:36,792 log 15316 19620 Not Found: /favicon.ico
WARNING 2024-04-02 20:17:36,794 basehttp 15316 19620 "GET /favicon.ico HTTP/1.1" 404 2326
INFO 2024-04-02 20:17:47,880 basehttp 15316 22216 "GET /S_2/authors HTTP/1.1" 301 0
INFO 2024-04-02 20:17:47,955 basehttp 15316 22224 "GET /S_2/authors/ HTTP/1.1" 200 190
WARNING 2024-04-02 20:17:56,280 log 15316 22224 Not Found: /S_2/cube
WARNING 2024-04-02 20:17:56,281 basehttp 15316 22224 "GET /S_2/cube HTTP/1.1" 404 2732
WARNING 2024-04-02 20:18:10,281 log 15316 22224 Not Found: /prefix/
WARNING 2024-04-02 20:18:10,282 basehttp 15316 22224 "GET /prefix/ HTTP/1.1" 404 2314
INFO 2024-04-02 20:18:11,230 basehttp 15316 22224 "GET /S_1/cube HTTP/1.1" 301 0
INFO 2024-04-02 20:18:11,238 basehttp 15316 21928 "GET /S_1/cube/ HTTP/1.1" 200 1
INFO 2024-04-02 20:42:46,454 autoreload 12768 15972 Watching for file changes with StatReloader
INFO 2024-04-02 20:42:52,390 basehttp 12768 15860 "GET /S_1/cube/ HTTP/1.1" 200 1
INFO 2024-04-02 20:43:02,387 basehttp 12768 15860 "GET /S_1/about/ HTTP/1.1" 200 23
INFO 2024-04-02 20:43:10,123 basehttp 12768 15860 "GET /S_1/index/ HTTP/1.1" 200 13
INFO 2024-04-02 21:01:03,828 autoreload 8956 19660 Watching for file changes with StatReloader
INFO 2024-04-02 21:01:12,242 autoreload 8956 19660 G:\Python-develop\Django\Django_project\Seminar_3\urls.py changed, reloading.
INFO 2024-04-02 21:01:12,722 autoreload 15308 18736 Watching for file changes with StatReloader
ERROR 2024-04-02 21:01:25,552 log 15308 3828 Internal Server Error: /S_3/about/
Traceback (most recent call last):
  File "G:\Python-develop\Django\venv\Lib\site-packages\django\core\handlers\exception.py", line 55, in inner
    response = get_response(request)
               ^^^^^^^^^^^^^^^^^^^^^
  File "G:\Python-develop\Django\venv\Lib\site-packages\django\core\handlers\base.py", line 197, in _get_response
    response = wrapped_callback(request, *callback_args, **callback_kwargs)
               ^^^^^^^^^^^^^^^^^^^^^^^^^^^^^^^^^^^^^^^^^^^^^^^^^^^^^^^^^^^^
  File "G:\Python-develop\Django\Django_project\Seminar_3\views.py", line 12, in about
    return render(request, 'index.html', context=context)
           ^^^^^^^^^^^^^^^^^^^^^^^^^^^^^^^^^^^^^^^^^^^^^^
  File "G:\Python-develop\Django\venv\Lib\site-packages\django\shortcuts.py", line 25, in render
    content = loader.render_to_string(template_name, context, request, using=using)
              ^^^^^^^^^^^^^^^^^^^^^^^^^^^^^^^^^^^^^^^^^^^^^^^^^^^^^^^^^^^^^^^^^^^^^
  File "G:\Python-develop\Django\venv\Lib\site-packages\django\template\loader.py", line 61, in render_to_string
    template = get_template(template_name, using=using)
               ^^^^^^^^^^^^^^^^^^^^^^^^^^^^^^^^^^^^^^^^
  File "G:\Python-develop\Django\venv\Lib\site-packages\django\template\loader.py", line 19, in get_template
    raise TemplateDoesNotExist(template_name, chain=chain)
django.template.exceptions.TemplateDoesNotExist: index.html
ERROR 2024-04-02 21:01:25,554 basehttp 15308 3828 "GET /S_3/about/ HTTP/1.1" 500 87842
INFO 2024-04-02 21:02:24,313 autoreload 15308 18736 G:\Python-develop\Django\Django_project\Seminar_3\views.py changed, reloading.
INFO 2024-04-02 21:02:24,786 autoreload 11856 8328 Watching for file changes with StatReloader
ERROR 2024-04-02 21:02:33,170 log 11856 25420 Internal Server Error: /S_3/about/
Traceback (most recent call last):
  File "G:\Python-develop\Django\venv\Lib\site-packages\django\core\handlers\exception.py", line 55, in inner
    response = get_response(request)
               ^^^^^^^^^^^^^^^^^^^^^
  File "G:\Python-develop\Django\venv\Lib\site-packages\django\core\handlers\base.py", line 197, in _get_response
    response = wrapped_callback(request, *callback_args, **callback_kwargs)
               ^^^^^^^^^^^^^^^^^^^^^^^^^^^^^^^^^^^^^^^^^^^^^^^^^^^^^^^^^^^^
  File "G:\Python-develop\Django\Django_project\Seminar_3\views.py", line 12, in about
    return render(request, 'Seminar_3.index.html', context=context)
           ^^^^^^^^^^^^^^^^^^^^^^^^^^^^^^^^^^^^^^^^^^^^^^^^^^^^^^^^
  File "G:\Python-develop\Django\venv\Lib\site-packages\django\shortcuts.py", line 25, in render
    content = loader.render_to_string(template_name, context, request, using=using)
              ^^^^^^^^^^^^^^^^^^^^^^^^^^^^^^^^^^^^^^^^^^^^^^^^^^^^^^^^^^^^^^^^^^^^^
  File "G:\Python-develop\Django\venv\Lib\site-packages\django\template\loader.py", line 61, in render_to_string
    template = get_template(template_name, using=using)
               ^^^^^^^^^^^^^^^^^^^^^^^^^^^^^^^^^^^^^^^^
  File "G:\Python-develop\Django\venv\Lib\site-packages\django\template\loader.py", line 19, in get_template
    raise TemplateDoesNotExist(template_name, chain=chain)
django.template.exceptions.TemplateDoesNotExist: Seminar_3.index.html
ERROR 2024-04-02 21:02:33,173 basehttp 11856 25420 "GET /S_3/about/ HTTP/1.1" 500 88159
INFO 2024-04-02 21:03:56,984 autoreload 11856 8328 G:\Python-develop\Django\Django_project\Seminar_3\views.py changed, reloading.
INFO 2024-04-02 21:03:57,494 autoreload 22468 12628 Watching for file changes with StatReloader
INFO 2024-04-02 21:04:02,952 basehttp 22468 24540 "GET /S_3/about/ HTTP/1.1" 200 127
INFO 2024-04-02 21:06:31,369 autoreload 22468 12628 G:\Python-develop\Django\Django_project\Seminar_3\views.py changed, reloading.
INFO 2024-04-02 21:06:31,987 autoreload 2196 16720 Watching for file changes with StatReloader
INFO 2024-04-02 21:06:37,721 basehttp 2196 6036 "GET /S_3/about/ HTTP/1.1" 200 127
INFO 2024-04-02 21:06:39,067 basehttp 2196 6036 "GET /S_3/about/ HTTP/1.1" 200 127
INFO 2024-04-02 21:06:40,095 basehttp 2196 6036 "GET /S_3/about/ HTTP/1.1" 200 127
INFO 2024-04-02 21:07:09,051 autoreload 19636 8416 Watching for file changes with StatReloader
ERROR 2024-04-02 21:07:12,612 log 19636 4532 Internal Server Error: /S_3/about/
Traceback (most recent call last):
  File "G:\Python-develop\Django\venv\Lib\site-packages\django\core\handlers\exception.py", line 55, in inner
    response = get_response(request)
               ^^^^^^^^^^^^^^^^^^^^^
  File "G:\Python-develop\Django\venv\Lib\site-packages\django\core\handlers\base.py", line 197, in _get_response
    response = wrapped_callback(request, *callback_args, **callback_kwargs)
               ^^^^^^^^^^^^^^^^^^^^^^^^^^^^^^^^^^^^^^^^^^^^^^^^^^^^^^^^^^^^
  File "G:\Python-develop\Django\Django_project\Seminar_3\views.py", line 12, in about
    return render(request, 'Seminar_3/index.html', context=context)
           ^^^^^^^^^^^^^^^^^^^^^^^^^^^^^^^^^^^^^^^^^^^^^^^^^^^^^^^^
  File "G:\Python-develop\Django\venv\Lib\site-packages\django\shortcuts.py", line 25, in render
    content = loader.render_to_string(template_name, context, request, using=using)
              ^^^^^^^^^^^^^^^^^^^^^^^^^^^^^^^^^^^^^^^^^^^^^^^^^^^^^^^^^^^^^^^^^^^^^
  File "G:\Python-develop\Django\venv\Lib\site-packages\django\template\loader.py", line 61, in render_to_string
    template = get_template(template_name, using=using)
               ^^^^^^^^^^^^^^^^^^^^^^^^^^^^^^^^^^^^^^^^
  File "G:\Python-develop\Django\venv\Lib\site-packages\django\template\loader.py", line 15, in get_template
    return engine.get_template(template_name)
           ^^^^^^^^^^^^^^^^^^^^^^^^^^^^^^^^^^
  File "G:\Python-develop\Django\venv\Lib\site-packages\django\template\backends\django.py", line 33, in get_template
    return Template(self.engine.get_template(template_name), self)
                    ^^^^^^^^^^^^^^^^^^^^^^^^^^^^^^^^^^^^^^^
  File "G:\Python-develop\Django\venv\Lib\site-packages\django\template\engine.py", line 177, in get_template
    template, origin = self.find_template(template_name)
                       ^^^^^^^^^^^^^^^^^^^^^^^^^^^^^^^^^
  File "G:\Python-develop\Django\venv\Lib\site-packages\django\template\engine.py", line 159, in find_template
    template = loader.get_template(name, skip=skip)
               ^^^^^^^^^^^^^^^^^^^^^^^^^^^^^^^^^^^^
  File "G:\Python-develop\Django\venv\Lib\site-packages\django\template\loaders\cached.py", line 57, in get_template
    template = super().get_template(template_name, skip)
               ^^^^^^^^^^^^^^^^^^^^^^^^^^^^^^^^^^^^^^^^^
  File "G:\Python-develop\Django\venv\Lib\site-packages\django\template\loaders\base.py", line 28, in get_template
    return Template(
           ^^^^^^^^^
  File "G:\Python-develop\Django\venv\Lib\site-packages\django\template\base.py", line 154, in __init__
    self.nodelist = self.compile_nodelist()
                    ^^^^^^^^^^^^^^^^^^^^^^^
  File "G:\Python-develop\Django\venv\Lib\site-packages\django\template\base.py", line 196, in compile_nodelist
    return parser.parse()
           ^^^^^^^^^^^^^^
  File "G:\Python-develop\Django\venv\Lib\site-packages\django\template\base.py", line 481, in parse
    raise self.error(token, e)
  File "G:\Python-develop\Django\venv\Lib\site-packages\django\template\base.py", line 479, in parse
    filter_expression = self.compile_filter(token.contents)
                        ^^^^^^^^^^^^^^^^^^^^^^^^^^^^^^^^^^^
  File "G:\Python-develop\Django\venv\Lib\site-packages\django\template\base.py", line 597, in compile_filter
    return FilterExpression(token, self)
           ^^^^^^^^^^^^^^^^^^^^^^^^^^^^^
  File "G:\Python-develop\Django\venv\Lib\site-packages\django\template\base.py", line 698, in __init__
    raise TemplateSyntaxError(
django.template.exceptions.TemplateSyntaxError: Could not parse the remainder: '% context %' from '% context %'
ERROR 2024-04-02 21:07:12,619 basehttp 19636 4532 "GET /S_3/about/ HTTP/1.1" 500 139250
INFO 2024-04-02 21:08:39,888 autoreload 9272 22664 Watching for file changes with StatReloader
INFO 2024-04-02 21:08:41,752 basehttp 9272 15484 "GET /S_3/about/ HTTP/1.1" 200 136
INFO 2024-04-02 21:08:46,543 basehttp 9272 15484 "GET /S_3/about/ HTTP/1.1" 200 136
INFO 2024-04-02 21:09:34,977 autoreload 9272 22664 G:\Python-develop\Django\Django_project\Seminar_3\views.py changed, reloading.
INFO 2024-04-02 21:09:35,529 autoreload 15244 5824 Watching for file changes with StatReloader
INFO 2024-04-02 21:10:01,801 basehttp 15244 24628 "GET /S_3/about/ HTTP/1.1" 200 136
INFO 2024-04-02 21:10:19,518 autoreload 24764 20792 Watching for file changes with StatReloader
INFO 2024-04-02 21:10:20,920 basehttp 24764 15824 "GET /S_3/about/ HTTP/1.1" 200 195
INFO 2024-04-02 21:10:34,585 autoreload 24764 20792 G:\Python-develop\Django\Django_project\Seminar_3\views.py changed, reloading.
INFO 2024-04-02 21:10:35,061 autoreload 24476 7428 Watching for file changes with StatReloader
INFO 2024-04-02 21:10:52,693 autoreload 24476 7428 G:\Python-develop\Django\Django_project\Seminar_3\views.py changed, reloading.
INFO 2024-04-02 21:10:53,150 autoreload 23556 8764 Watching for file changes with StatReloader
INFO 2024-04-02 21:10:59,435 basehttp 23556 13420 "GET /S_3/about/ HTTP/1.1" 200 569
INFO 2024-04-02 21:11:34,839 autoreload 23556 8764 G:\Python-develop\Django\Django_project\Seminar_3\views.py changed, reloading.
INFO 2024-04-02 21:11:35,343 autoreload 5368 14060 Watching for file changes with StatReloader
INFO 2024-04-02 21:11:37,522 basehttp 5368 23564 "GET /S_3/about/ HTTP/1.1" 200 569
INFO 2024-04-02 21:13:36,211 autoreload 5368 14060 G:\Python-develop\Django\Django_project\Seminar_3\views.py changed, reloading.
INFO 2024-04-02 21:13:36,689 autoreload 17380 16844 Watching for file changes with StatReloader
INFO 2024-04-02 21:14:44,928 autoreload 17380 16844 G:\Python-develop\Django\Django_project\Seminar_3\views.py changed, reloading.
INFO 2024-04-02 21:14:45,434 autoreload 3908 12252 Watching for file changes with StatReloader
INFO 2024-04-02 21:15:27,011 autoreload 3908 12252 G:\Python-develop\Django\Django_project\Seminar_3\urls.py changed, reloading.
INFO 2024-04-02 21:15:27,515 autoreload 12864 1484 Watching for file changes with StatReloader
INFO 2024-04-02 21:15:39,018 basehttp 12864 8252 "GET /S_3/about/ HTTP/1.1" 200 195
INFO 2024-04-02 21:15:45,194 basehttp 12864 8252 "GET /S_3/main/ HTTP/1.1" 200 168
INFO 2024-04-02 21:16:54,458 autoreload 12864 1484 G:\Python-develop\Django\Django_project\Seminar_3\views.py changed, reloading.
INFO 2024-04-02 21:16:54,936 autoreload 12908 6544 Watching for file changes with StatReloader
INFO 2024-04-02 21:17:00,572 basehttp 12908 5100 "GET /S_3/main/ HTTP/1.1" 200 168
INFO 2024-04-02 21:17:08,900 basehttp 12908 5100 "GET /S_3/about/ HTTP/1.1" 200 195
INFO 2024-04-02 21:17:14,590 autoreload 24608 4660 Watching for file changes with StatReloader
INFO 2024-04-02 21:17:16,664 basehttp 24608 13268 "GET /S_3/about/ HTTP/1.1" 200 195
INFO 2024-04-02 21:17:17,115 basehttp 24608 13268 "GET /S_3/about/ HTTP/1.1" 200 195
INFO 2024-04-02 21:17:23,131 basehttp 24608 13268 "GET /S_3/main/ HTTP/1.1" 200 168
INFO 2024-04-02 21:17:46,037 autoreload 24064 7176 Watching for file changes with StatReloader
INFO 2024-04-02 21:17:48,394 basehttp 24064 18120 "GET /S_3/main/ HTTP/1.1" 200 136
INFO 2024-04-02 21:17:50,748 basehttp 24064 18120 "GET /S_3/main/ HTTP/1.1" 200 136
INFO 2024-04-02 21:18:42,191 autoreload 24064 7176 G:\Python-develop\Django\Django_project\Seminar_3\views.py changed, reloading.
INFO 2024-04-02 21:18:42,681 autoreload 17444 13868 Watching for file changes with StatReloader
INFO 2024-04-02 21:18:46,399 basehttp 17444 19628 "GET /S_3/main/ HTTP/1.1" 200 168
INFO 2024-04-02 21:20:10,540 autoreload 17880 11664 Watching for file changes with StatReloader
INFO 2024-04-02 21:20:12,524 basehttp 17880 14200 "GET /S_3/main/ HTTP/1.1" 200 286
INFO 2024-04-02 21:20:21,265 basehttp 17880 14200 "GET /S_3/about/ HTTP/1.1" 200 313
INFO 2024-04-02 21:20:38,854 autoreload 17880 11664 G:\Python-develop\Django\Django_project\Seminar_3\views.py changed, reloading.
INFO 2024-04-02 21:20:39,336 autoreload 10204 16568 Watching for file changes with StatReloader
INFO 2024-04-02 21:20:40,584 basehttp 10204 13300 "GET /S_3/about/ HTTP/1.1" 200 304
INFO 2024-04-02 21:21:02,530 autoreload 10204 16568 G:\Python-develop\Django\Django_project\Seminar_3\views.py changed, reloading.
INFO 2024-04-02 21:21:03,043 autoreload 10148 22548 Watching for file changes with StatReloader
INFO 2024-04-02 21:21:05,151 basehttp 10148 25224 "GET /S_3/about/ HTTP/1.1" 200 304
WARNING 2024-04-02 21:21:09,264 log 10148 25224 Not Found: /S_3//
WARNING 2024-04-02 21:21:09,265 basehttp 10148 25224 "GET /S_3/%D1%8C%D1%84%D1%88%D1%82/ HTTP/1.1" 404 2688
INFO 2024-04-02 21:21:14,891 basehttp 10148 25224 "GET /S_3/main/ HTTP/1.1" 200 286
INFO 2024-04-02 21:22:34,105 autoreload 10148 22548 G:\Python-develop\Django\Django_project\Seminar_3\views.py changed, reloading.
INFO 2024-04-02 21:22:37,356 autoreload 22848 16444 Watching for file changes with StatReloader
INFO 2024-04-02 21:22:40,042 basehttp 22848 25500 "GET /S_3/main/ HTTP/1.1" 200 285
INFO 2024-04-02 21:22:47,163 basehttp 22848 25500 "GET /S_3/about/ HTTP/1.1" 200 304
INFO 2024-04-02 21:26:06,523 autoreload 22848 16444 G:\Python-develop\Django\Django_project\Seminar_3\views.py changed, reloading.
INFO 2024-04-02 21:26:07,030 autoreload 15820 3312 Watching for file changes with StatReloader
ERROR 2024-04-02 21:26:09,388 log 15820 23984 Internal Server Error: /S_3/about/
Traceback (most recent call last):
  File "G:\Python-develop\Django\venv\Lib\site-packages\django\core\handlers\exception.py", line 55, in inner
    response = get_response(request)
               ^^^^^^^^^^^^^^^^^^^^^
  File "G:\Python-develop\Django\venv\Lib\site-packages\django\core\handlers\base.py", line 197, in _get_response
    response = wrapped_callback(request, *callback_args, **callback_kwargs)
               ^^^^^^^^^^^^^^^^^^^^^^^^^^^^^^^^^^^^^^^^^^^^^^^^^^^^^^^^^^^^
  File "G:\Python-develop\Django\Django_project\Seminar_3\views.py", line 11, in about
    return render(request, 'Seminar_3/base.html', context)
           ^^^^^^^^^^^^^^^^^^^^^^^^^^^^^^^^^^^^^^^^^^^^^^^
  File "G:\Python-develop\Django\venv\Lib\site-packages\django\shortcuts.py", line 25, in render
    content = loader.render_to_string(template_name, context, request, using=using)
              ^^^^^^^^^^^^^^^^^^^^^^^^^^^^^^^^^^^^^^^^^^^^^^^^^^^^^^^^^^^^^^^^^^^^^
  File "G:\Python-develop\Django\venv\Lib\site-packages\django\template\loader.py", line 61, in render_to_string
    template = get_template(template_name, using=using)
               ^^^^^^^^^^^^^^^^^^^^^^^^^^^^^^^^^^^^^^^^
  File "G:\Python-develop\Django\venv\Lib\site-packages\django\template\loader.py", line 19, in get_template
    raise TemplateDoesNotExist(template_name, chain=chain)
django.template.exceptions.TemplateDoesNotExist: Seminar_3/base.html
ERROR 2024-04-02 21:26:09,392 basehttp 15820 23984 "GET /S_3/about/ HTTP/1.1" 500 86159
INFO 2024-04-02 21:26:37,833 autoreload 5632 11348 Watching for file changes with StatReloader
INFO 2024-04-02 21:26:39,172 basehttp 5632 23564 "GET /S_3/about/ HTTP/1.1" 200 304
INFO 2024-04-02 21:43:24,966 autoreload 9204 1844 Watching for file changes with StatReloader
ERROR 2024-04-02 21:43:30,238 log 9204 12608 Internal Server Error: /S_3/about/
Traceback (most recent call last):
  File "G:\Python-develop\Django\venv\Lib\site-packages\django\template\base.py", line 502, in parse
    compile_func = self.tags[command]
                   ~~~~~~~~~^^^^^^^^^
KeyError: 'end'

During handling of the above exception, another exception occurred:

Traceback (most recent call last):
  File "G:\Python-develop\Django\venv\Lib\site-packages\django\core\handlers\exception.py", line 55, in inner
    response = get_response(request)
               ^^^^^^^^^^^^^^^^^^^^^
  File "G:\Python-develop\Django\venv\Lib\site-packages\django\core\handlers\base.py", line 197, in _get_response
    response = wrapped_callback(request, *callback_args, **callback_kwargs)
               ^^^^^^^^^^^^^^^^^^^^^^^^^^^^^^^^^^^^^^^^^^^^^^^^^^^^^^^^^^^^
  File "G:\Python-develop\Django\Django_project\Seminar_3\views.py", line 11, in about
    return render(request, 'Seminar_3/about.html', context)
           ^^^^^^^^^^^^^^^^^^^^^^^^^^^^^^^^^^^^^^^^^^^^^^^^
  File "G:\Python-develop\Django\venv\Lib\site-packages\django\shortcuts.py", line 25, in render
    content = loader.render_to_string(template_name, context, request, using=using)
              ^^^^^^^^^^^^^^^^^^^^^^^^^^^^^^^^^^^^^^^^^^^^^^^^^^^^^^^^^^^^^^^^^^^^^
  File "G:\Python-develop\Django\venv\Lib\site-packages\django\template\loader.py", line 61, in render_to_string
    template = get_template(template_name, using=using)
               ^^^^^^^^^^^^^^^^^^^^^^^^^^^^^^^^^^^^^^^^
  File "G:\Python-develop\Django\venv\Lib\site-packages\django\template\loader.py", line 15, in get_template
    return engine.get_template(template_name)
           ^^^^^^^^^^^^^^^^^^^^^^^^^^^^^^^^^^
  File "G:\Python-develop\Django\venv\Lib\site-packages\django\template\backends\django.py", line 33, in get_template
    return Template(self.engine.get_template(template_name), self)
                    ^^^^^^^^^^^^^^^^^^^^^^^^^^^^^^^^^^^^^^^
  File "G:\Python-develop\Django\venv\Lib\site-packages\django\template\engine.py", line 177, in get_template
    template, origin = self.find_template(template_name)
                       ^^^^^^^^^^^^^^^^^^^^^^^^^^^^^^^^^
  File "G:\Python-develop\Django\venv\Lib\site-packages\django\template\engine.py", line 159, in find_template
    template = loader.get_template(name, skip=skip)
               ^^^^^^^^^^^^^^^^^^^^^^^^^^^^^^^^^^^^
  File "G:\Python-develop\Django\venv\Lib\site-packages\django\template\loaders\cached.py", line 57, in get_template
    template = super().get_template(template_name, skip)
               ^^^^^^^^^^^^^^^^^^^^^^^^^^^^^^^^^^^^^^^^^
  File "G:\Python-develop\Django\venv\Lib\site-packages\django\template\loaders\base.py", line 28, in get_template
    return Template(
           ^^^^^^^^^
  File "G:\Python-develop\Django\venv\Lib\site-packages\django\template\base.py", line 154, in __init__
    self.nodelist = self.compile_nodelist()
                    ^^^^^^^^^^^^^^^^^^^^^^^
  File "G:\Python-develop\Django\venv\Lib\site-packages\django\template\base.py", line 196, in compile_nodelist
    return parser.parse()
           ^^^^^^^^^^^^^^
  File "G:\Python-develop\Django\venv\Lib\site-packages\django\template\base.py", line 510, in parse
    raise self.error(token, e)
  File "G:\Python-develop\Django\venv\Lib\site-packages\django\template\base.py", line 508, in parse
    compiled_result = compile_func(self, token)
                      ^^^^^^^^^^^^^^^^^^^^^^^^^
  File "G:\Python-develop\Django\venv\Lib\site-packages\django\template\loader_tags.py", line 295, in do_extends
    nodelist = parser.parse()
               ^^^^^^^^^^^^^^
  File "G:\Python-develop\Django\venv\Lib\site-packages\django\template\base.py", line 504, in parse
    self.invalid_block_tag(token, command, parse_until)
  File "G:\Python-develop\Django\venv\Lib\site-packages\django\template\base.py", line 565, in invalid_block_tag
    raise self.error(
django.template.exceptions.TemplateSyntaxError: Invalid block tag on line 5: 'end'. Did you forget to register or load this tag?
ERROR 2024-04-02 21:43:30,245 basehttp 9204 12608 "GET /S_3/about/ HTTP/1.1" 500 152499
INFO 2024-04-02 21:44:25,026 autoreload 16620 14352 Watching for file changes with StatReloader
ERROR 2024-04-02 21:44:28,472 log 16620 23884 Internal Server Error: /S_3/about/
Traceback (most recent call last):
  File "G:\Python-develop\Django\venv\Lib\site-packages\django\template\base.py", line 502, in parse
    compile_func = self.tags[command]
                   ~~~~~~~~~^^^^^^^^^
KeyError: 'endblock'

During handling of the above exception, another exception occurred:

Traceback (most recent call last):
  File "G:\Python-develop\Django\venv\Lib\site-packages\django\core\handlers\exception.py", line 55, in inner
    response = get_response(request)
               ^^^^^^^^^^^^^^^^^^^^^
  File "G:\Python-develop\Django\venv\Lib\site-packages\django\core\handlers\base.py", line 197, in _get_response
    response = wrapped_callback(request, *callback_args, **callback_kwargs)
               ^^^^^^^^^^^^^^^^^^^^^^^^^^^^^^^^^^^^^^^^^^^^^^^^^^^^^^^^^^^^
  File "G:\Python-develop\Django\Django_project\Seminar_3\views.py", line 11, in about
    return render(request, 'Seminar_3/about.html', context)
           ^^^^^^^^^^^^^^^^^^^^^^^^^^^^^^^^^^^^^^^^^^^^^^^^
  File "G:\Python-develop\Django\venv\Lib\site-packages\django\shortcuts.py", line 25, in render
    content = loader.render_to_string(template_name, context, request, using=using)
              ^^^^^^^^^^^^^^^^^^^^^^^^^^^^^^^^^^^^^^^^^^^^^^^^^^^^^^^^^^^^^^^^^^^^^
  File "G:\Python-develop\Django\venv\Lib\site-packages\django\template\loader.py", line 61, in render_to_string
    template = get_template(template_name, using=using)
               ^^^^^^^^^^^^^^^^^^^^^^^^^^^^^^^^^^^^^^^^
  File "G:\Python-develop\Django\venv\Lib\site-packages\django\template\loader.py", line 15, in get_template
    return engine.get_template(template_name)
           ^^^^^^^^^^^^^^^^^^^^^^^^^^^^^^^^^^
  File "G:\Python-develop\Django\venv\Lib\site-packages\django\template\backends\django.py", line 33, in get_template
    return Template(self.engine.get_template(template_name), self)
                    ^^^^^^^^^^^^^^^^^^^^^^^^^^^^^^^^^^^^^^^
  File "G:\Python-develop\Django\venv\Lib\site-packages\django\template\engine.py", line 177, in get_template
    template, origin = self.find_template(template_name)
                       ^^^^^^^^^^^^^^^^^^^^^^^^^^^^^^^^^
  File "G:\Python-develop\Django\venv\Lib\site-packages\django\template\engine.py", line 159, in find_template
    template = loader.get_template(name, skip=skip)
               ^^^^^^^^^^^^^^^^^^^^^^^^^^^^^^^^^^^^
  File "G:\Python-develop\Django\venv\Lib\site-packages\django\template\loaders\cached.py", line 57, in get_template
    template = super().get_template(template_name, skip)
               ^^^^^^^^^^^^^^^^^^^^^^^^^^^^^^^^^^^^^^^^^
  File "G:\Python-develop\Django\venv\Lib\site-packages\django\template\loaders\base.py", line 28, in get_template
    return Template(
           ^^^^^^^^^
  File "G:\Python-develop\Django\venv\Lib\site-packages\django\template\base.py", line 154, in __init__
    self.nodelist = self.compile_nodelist()
                    ^^^^^^^^^^^^^^^^^^^^^^^
  File "G:\Python-develop\Django\venv\Lib\site-packages\django\template\base.py", line 196, in compile_nodelist
    return parser.parse()
           ^^^^^^^^^^^^^^
  File "G:\Python-develop\Django\venv\Lib\site-packages\django\template\base.py", line 510, in parse
    raise self.error(token, e)
  File "G:\Python-develop\Django\venv\Lib\site-packages\django\template\base.py", line 508, in parse
    compiled_result = compile_func(self, token)
                      ^^^^^^^^^^^^^^^^^^^^^^^^^
  File "G:\Python-develop\Django\venv\Lib\site-packages\django\template\loader_tags.py", line 295, in do_extends
    nodelist = parser.parse()
               ^^^^^^^^^^^^^^
  File "G:\Python-develop\Django\venv\Lib\site-packages\django\template\base.py", line 504, in parse
    self.invalid_block_tag(token, command, parse_until)
  File "G:\Python-develop\Django\venv\Lib\site-packages\django\template\base.py", line 565, in invalid_block_tag
    raise self.error(
django.template.exceptions.TemplateSyntaxError: Invalid block tag on line 5: 'endblock'. Did you forget to register or load this tag?
ERROR 2024-04-02 21:44:28,478 basehttp 16620 23884 "GET /S_3/about/ HTTP/1.1" 500 152534
INFO 2024-04-02 21:45:37,532 autoreload 19840 18356 Watching for file changes with StatReloader
ERROR 2024-04-02 21:45:39,007 log 19840 1164 Internal Server Error: /S_3/about/
Traceback (most recent call last):
  File "G:\Python-develop\Django\venv\Lib\site-packages\django\template\base.py", line 502, in parse
    compile_func = self.tags[command]
                   ~~~~~~~~~^^^^^^^^^
KeyError: 'endblock'

During handling of the above exception, another exception occurred:

Traceback (most recent call last):
  File "G:\Python-develop\Django\venv\Lib\site-packages\django\core\handlers\exception.py", line 55, in inner
    response = get_response(request)
               ^^^^^^^^^^^^^^^^^^^^^
  File "G:\Python-develop\Django\venv\Lib\site-packages\django\core\handlers\base.py", line 197, in _get_response
    response = wrapped_callback(request, *callback_args, **callback_kwargs)
               ^^^^^^^^^^^^^^^^^^^^^^^^^^^^^^^^^^^^^^^^^^^^^^^^^^^^^^^^^^^^
  File "G:\Python-develop\Django\Django_project\Seminar_3\views.py", line 11, in about
    return render(request, 'Seminar_3/about.html', context)
           ^^^^^^^^^^^^^^^^^^^^^^^^^^^^^^^^^^^^^^^^^^^^^^^^
  File "G:\Python-develop\Django\venv\Lib\site-packages\django\shortcuts.py", line 25, in render
    content = loader.render_to_string(template_name, context, request, using=using)
              ^^^^^^^^^^^^^^^^^^^^^^^^^^^^^^^^^^^^^^^^^^^^^^^^^^^^^^^^^^^^^^^^^^^^^
  File "G:\Python-develop\Django\venv\Lib\site-packages\django\template\loader.py", line 61, in render_to_string
    template = get_template(template_name, using=using)
               ^^^^^^^^^^^^^^^^^^^^^^^^^^^^^^^^^^^^^^^^
  File "G:\Python-develop\Django\venv\Lib\site-packages\django\template\loader.py", line 15, in get_template
    return engine.get_template(template_name)
           ^^^^^^^^^^^^^^^^^^^^^^^^^^^^^^^^^^
  File "G:\Python-develop\Django\venv\Lib\site-packages\django\template\backends\django.py", line 33, in get_template
    return Template(self.engine.get_template(template_name), self)
                    ^^^^^^^^^^^^^^^^^^^^^^^^^^^^^^^^^^^^^^^
  File "G:\Python-develop\Django\venv\Lib\site-packages\django\template\engine.py", line 177, in get_template
    template, origin = self.find_template(template_name)
                       ^^^^^^^^^^^^^^^^^^^^^^^^^^^^^^^^^
  File "G:\Python-develop\Django\venv\Lib\site-packages\django\template\engine.py", line 159, in find_template
    template = loader.get_template(name, skip=skip)
               ^^^^^^^^^^^^^^^^^^^^^^^^^^^^^^^^^^^^
  File "G:\Python-develop\Django\venv\Lib\site-packages\django\template\loaders\cached.py", line 57, in get_template
    template = super().get_template(template_name, skip)
               ^^^^^^^^^^^^^^^^^^^^^^^^^^^^^^^^^^^^^^^^^
  File "G:\Python-develop\Django\venv\Lib\site-packages\django\template\loaders\base.py", line 28, in get_template
    return Template(
           ^^^^^^^^^
  File "G:\Python-develop\Django\venv\Lib\site-packages\django\template\base.py", line 154, in __init__
    self.nodelist = self.compile_nodelist()
                    ^^^^^^^^^^^^^^^^^^^^^^^
  File "G:\Python-develop\Django\venv\Lib\site-packages\django\template\base.py", line 196, in compile_nodelist
    return parser.parse()
           ^^^^^^^^^^^^^^
  File "G:\Python-develop\Django\venv\Lib\site-packages\django\template\base.py", line 510, in parse
    raise self.error(token, e)
  File "G:\Python-develop\Django\venv\Lib\site-packages\django\template\base.py", line 508, in parse
    compiled_result = compile_func(self, token)
                      ^^^^^^^^^^^^^^^^^^^^^^^^^
  File "G:\Python-develop\Django\venv\Lib\site-packages\django\template\loader_tags.py", line 295, in do_extends
    nodelist = parser.parse()
               ^^^^^^^^^^^^^^
  File "G:\Python-develop\Django\venv\Lib\site-packages\django\template\base.py", line 504, in parse
    self.invalid_block_tag(token, command, parse_until)
  File "G:\Python-develop\Django\venv\Lib\site-packages\django\template\base.py", line 565, in invalid_block_tag
    raise self.error(
django.template.exceptions.TemplateSyntaxError: Invalid block tag on line 5: 'endblock'. Did you forget to register or load this tag?
ERROR 2024-04-02 21:45:39,016 basehttp 19840 1164 "GET /S_3/about/ HTTP/1.1" 500 152534
INFO 2024-04-02 21:48:11,698 autoreload 23972 14196 Watching for file changes with StatReloader
ERROR 2024-04-02 21:48:14,644 log 23972 18276 Internal Server Error: /S_3/about/
Traceback (most recent call last):
  File "G:\Python-develop\Django\venv\Lib\site-packages\django\template\base.py", line 502, in parse
    compile_func = self.tags[command]
                   ~~~~~~~~~^^^^^^^^^
KeyError: 'end'

During handling of the above exception, another exception occurred:

Traceback (most recent call last):
  File "G:\Python-develop\Django\venv\Lib\site-packages\django\core\handlers\exception.py", line 55, in inner
    response = get_response(request)
               ^^^^^^^^^^^^^^^^^^^^^
  File "G:\Python-develop\Django\venv\Lib\site-packages\django\core\handlers\base.py", line 197, in _get_response
    response = wrapped_callback(request, *callback_args, **callback_kwargs)
               ^^^^^^^^^^^^^^^^^^^^^^^^^^^^^^^^^^^^^^^^^^^^^^^^^^^^^^^^^^^^
  File "G:\Python-develop\Django\Django_project\Seminar_3\views.py", line 11, in about
    return render(request, 'Seminar_3/about.html', context)
           ^^^^^^^^^^^^^^^^^^^^^^^^^^^^^^^^^^^^^^^^^^^^^^^^
  File "G:\Python-develop\Django\venv\Lib\site-packages\django\shortcuts.py", line 25, in render
    content = loader.render_to_string(template_name, context, request, using=using)
              ^^^^^^^^^^^^^^^^^^^^^^^^^^^^^^^^^^^^^^^^^^^^^^^^^^^^^^^^^^^^^^^^^^^^^
  File "G:\Python-develop\Django\venv\Lib\site-packages\django\template\loader.py", line 61, in render_to_string
    template = get_template(template_name, using=using)
               ^^^^^^^^^^^^^^^^^^^^^^^^^^^^^^^^^^^^^^^^
  File "G:\Python-develop\Django\venv\Lib\site-packages\django\template\loader.py", line 15, in get_template
    return engine.get_template(template_name)
           ^^^^^^^^^^^^^^^^^^^^^^^^^^^^^^^^^^
  File "G:\Python-develop\Django\venv\Lib\site-packages\django\template\backends\django.py", line 33, in get_template
    return Template(self.engine.get_template(template_name), self)
                    ^^^^^^^^^^^^^^^^^^^^^^^^^^^^^^^^^^^^^^^
  File "G:\Python-develop\Django\venv\Lib\site-packages\django\template\engine.py", line 177, in get_template
    template, origin = self.find_template(template_name)
                       ^^^^^^^^^^^^^^^^^^^^^^^^^^^^^^^^^
  File "G:\Python-develop\Django\venv\Lib\site-packages\django\template\engine.py", line 159, in find_template
    template = loader.get_template(name, skip=skip)
               ^^^^^^^^^^^^^^^^^^^^^^^^^^^^^^^^^^^^
  File "G:\Python-develop\Django\venv\Lib\site-packages\django\template\loaders\cached.py", line 57, in get_template
    template = super().get_template(template_name, skip)
               ^^^^^^^^^^^^^^^^^^^^^^^^^^^^^^^^^^^^^^^^^
  File "G:\Python-develop\Django\venv\Lib\site-packages\django\template\loaders\base.py", line 28, in get_template
    return Template(
           ^^^^^^^^^
  File "G:\Python-develop\Django\venv\Lib\site-packages\django\template\base.py", line 154, in __init__
    self.nodelist = self.compile_nodelist()
                    ^^^^^^^^^^^^^^^^^^^^^^^
  File "G:\Python-develop\Django\venv\Lib\site-packages\django\template\base.py", line 196, in compile_nodelist
    return parser.parse()
           ^^^^^^^^^^^^^^
  File "G:\Python-develop\Django\venv\Lib\site-packages\django\template\base.py", line 510, in parse
    raise self.error(token, e)
  File "G:\Python-develop\Django\venv\Lib\site-packages\django\template\base.py", line 508, in parse
    compiled_result = compile_func(self, token)
                      ^^^^^^^^^^^^^^^^^^^^^^^^^
  File "G:\Python-develop\Django\venv\Lib\site-packages\django\template\loader_tags.py", line 295, in do_extends
    nodelist = parser.parse()
               ^^^^^^^^^^^^^^
  File "G:\Python-develop\Django\venv\Lib\site-packages\django\template\base.py", line 504, in parse
    self.invalid_block_tag(token, command, parse_until)
  File "G:\Python-develop\Django\venv\Lib\site-packages\django\template\base.py", line 565, in invalid_block_tag
    raise self.error(
django.template.exceptions.TemplateSyntaxError: Invalid block tag on line 5: 'end'. Did you forget to register or load this tag?
ERROR 2024-04-02 21:48:14,651 basehttp 23972 18276 "GET /S_3/about/ HTTP/1.1" 500 152499
INFO 2024-04-02 21:50:07,547 autoreload 19780 11284 Watching for file changes with StatReloader
ERROR 2024-04-02 21:50:10,126 log 19780 13800 Internal Server Error: /S_3/about/
Traceback (most recent call last):
  File "G:\Python-develop\Django\venv\Lib\site-packages\django\template\base.py", line 502, in parse
    compile_func = self.tags[command]
                   ~~~~~~~~~^^^^^^^^^
KeyError: 'end'

During handling of the above exception, another exception occurred:

Traceback (most recent call last):
  File "G:\Python-develop\Django\venv\Lib\site-packages\django\core\handlers\exception.py", line 55, in inner
    response = get_response(request)
               ^^^^^^^^^^^^^^^^^^^^^
  File "G:\Python-develop\Django\venv\Lib\site-packages\django\core\handlers\base.py", line 197, in _get_response
    response = wrapped_callback(request, *callback_args, **callback_kwargs)
               ^^^^^^^^^^^^^^^^^^^^^^^^^^^^^^^^^^^^^^^^^^^^^^^^^^^^^^^^^^^^
  File "G:\Python-develop\Django\Django_project\Seminar_3\views.py", line 11, in about
    return render(request, 'Seminar_3/about.html', context)
           ^^^^^^^^^^^^^^^^^^^^^^^^^^^^^^^^^^^^^^^^^^^^^^^^
  File "G:\Python-develop\Django\venv\Lib\site-packages\django\shortcuts.py", line 25, in render
    content = loader.render_to_string(template_name, context, request, using=using)
              ^^^^^^^^^^^^^^^^^^^^^^^^^^^^^^^^^^^^^^^^^^^^^^^^^^^^^^^^^^^^^^^^^^^^^
  File "G:\Python-develop\Django\venv\Lib\site-packages\django\template\loader.py", line 61, in render_to_string
    template = get_template(template_name, using=using)
               ^^^^^^^^^^^^^^^^^^^^^^^^^^^^^^^^^^^^^^^^
  File "G:\Python-develop\Django\venv\Lib\site-packages\django\template\loader.py", line 15, in get_template
    return engine.get_template(template_name)
           ^^^^^^^^^^^^^^^^^^^^^^^^^^^^^^^^^^
  File "G:\Python-develop\Django\venv\Lib\site-packages\django\template\backends\django.py", line 33, in get_template
    return Template(self.engine.get_template(template_name), self)
                    ^^^^^^^^^^^^^^^^^^^^^^^^^^^^^^^^^^^^^^^
  File "G:\Python-develop\Django\venv\Lib\site-packages\django\template\engine.py", line 177, in get_template
    template, origin = self.find_template(template_name)
                       ^^^^^^^^^^^^^^^^^^^^^^^^^^^^^^^^^
  File "G:\Python-develop\Django\venv\Lib\site-packages\django\template\engine.py", line 159, in find_template
    template = loader.get_template(name, skip=skip)
               ^^^^^^^^^^^^^^^^^^^^^^^^^^^^^^^^^^^^
  File "G:\Python-develop\Django\venv\Lib\site-packages\django\template\loaders\cached.py", line 57, in get_template
    template = super().get_template(template_name, skip)
               ^^^^^^^^^^^^^^^^^^^^^^^^^^^^^^^^^^^^^^^^^
  File "G:\Python-develop\Django\venv\Lib\site-packages\django\template\loaders\base.py", line 28, in get_template
    return Template(
           ^^^^^^^^^
  File "G:\Python-develop\Django\venv\Lib\site-packages\django\template\base.py", line 154, in __init__
    self.nodelist = self.compile_nodelist()
                    ^^^^^^^^^^^^^^^^^^^^^^^
  File "G:\Python-develop\Django\venv\Lib\site-packages\django\template\base.py", line 196, in compile_nodelist
    return parser.parse()
           ^^^^^^^^^^^^^^
  File "G:\Python-develop\Django\venv\Lib\site-packages\django\template\base.py", line 510, in parse
    raise self.error(token, e)
  File "G:\Python-develop\Django\venv\Lib\site-packages\django\template\base.py", line 508, in parse
    compiled_result = compile_func(self, token)
                      ^^^^^^^^^^^^^^^^^^^^^^^^^
  File "G:\Python-develop\Django\venv\Lib\site-packages\django\template\loader_tags.py", line 295, in do_extends
    nodelist = parser.parse()
               ^^^^^^^^^^^^^^
  File "G:\Python-develop\Django\venv\Lib\site-packages\django\template\base.py", line 504, in parse
    self.invalid_block_tag(token, command, parse_until)
  File "G:\Python-develop\Django\venv\Lib\site-packages\django\template\base.py", line 565, in invalid_block_tag
    raise self.error(
django.template.exceptions.TemplateSyntaxError: Invalid block tag on line 5: 'end'. Did you forget to register or load this tag?
ERROR 2024-04-02 21:50:10,134 basehttp 19780 13800 "GET /S_3/about/ HTTP/1.1" 500 152575
INFO 2024-04-02 21:50:27,728 autoreload 22552 24184 Watching for file changes with StatReloader
ERROR 2024-04-02 21:50:31,432 log 22552 17208 Internal Server Error: /S_3/about/
Traceback (most recent call last):
  File "G:\Python-develop\Django\venv\Lib\site-packages\django\template\base.py", line 502, in parse
    compile_func = self.tags[command]
                   ~~~~~~~~~^^^^^^^^^
KeyError: 'endblock'

During handling of the above exception, another exception occurred:

Traceback (most recent call last):
  File "G:\Python-develop\Django\venv\Lib\site-packages\django\core\handlers\exception.py", line 55, in inner
    response = get_response(request)
               ^^^^^^^^^^^^^^^^^^^^^
  File "G:\Python-develop\Django\venv\Lib\site-packages\django\core\handlers\base.py", line 197, in _get_response
    response = wrapped_callback(request, *callback_args, **callback_kwargs)
               ^^^^^^^^^^^^^^^^^^^^^^^^^^^^^^^^^^^^^^^^^^^^^^^^^^^^^^^^^^^^
  File "G:\Python-develop\Django\Django_project\Seminar_3\views.py", line 11, in about
    return render(request, 'Seminar_3/about.html', context)
           ^^^^^^^^^^^^^^^^^^^^^^^^^^^^^^^^^^^^^^^^^^^^^^^^
  File "G:\Python-develop\Django\venv\Lib\site-packages\django\shortcuts.py", line 25, in render
    content = loader.render_to_string(template_name, context, request, using=using)
              ^^^^^^^^^^^^^^^^^^^^^^^^^^^^^^^^^^^^^^^^^^^^^^^^^^^^^^^^^^^^^^^^^^^^^
  File "G:\Python-develop\Django\venv\Lib\site-packages\django\template\loader.py", line 61, in render_to_string
    template = get_template(template_name, using=using)
               ^^^^^^^^^^^^^^^^^^^^^^^^^^^^^^^^^^^^^^^^
  File "G:\Python-develop\Django\venv\Lib\site-packages\django\template\loader.py", line 15, in get_template
    return engine.get_template(template_name)
           ^^^^^^^^^^^^^^^^^^^^^^^^^^^^^^^^^^
  File "G:\Python-develop\Django\venv\Lib\site-packages\django\template\backends\django.py", line 33, in get_template
    return Template(self.engine.get_template(template_name), self)
                    ^^^^^^^^^^^^^^^^^^^^^^^^^^^^^^^^^^^^^^^
  File "G:\Python-develop\Django\venv\Lib\site-packages\django\template\engine.py", line 177, in get_template
    template, origin = self.find_template(template_name)
                       ^^^^^^^^^^^^^^^^^^^^^^^^^^^^^^^^^
  File "G:\Python-develop\Django\venv\Lib\site-packages\django\template\engine.py", line 159, in find_template
    template = loader.get_template(name, skip=skip)
               ^^^^^^^^^^^^^^^^^^^^^^^^^^^^^^^^^^^^
  File "G:\Python-develop\Django\venv\Lib\site-packages\django\template\loaders\cached.py", line 57, in get_template
    template = super().get_template(template_name, skip)
               ^^^^^^^^^^^^^^^^^^^^^^^^^^^^^^^^^^^^^^^^^
  File "G:\Python-develop\Django\venv\Lib\site-packages\django\template\loaders\base.py", line 28, in get_template
    return Template(
           ^^^^^^^^^
  File "G:\Python-develop\Django\venv\Lib\site-packages\django\template\base.py", line 154, in __init__
    self.nodelist = self.compile_nodelist()
                    ^^^^^^^^^^^^^^^^^^^^^^^
  File "G:\Python-develop\Django\venv\Lib\site-packages\django\template\base.py", line 196, in compile_nodelist
    return parser.parse()
           ^^^^^^^^^^^^^^
  File "G:\Python-develop\Django\venv\Lib\site-packages\django\template\base.py", line 510, in parse
    raise self.error(token, e)
  File "G:\Python-develop\Django\venv\Lib\site-packages\django\template\base.py", line 508, in parse
    compiled_result = compile_func(self, token)
                      ^^^^^^^^^^^^^^^^^^^^^^^^^
  File "G:\Python-develop\Django\venv\Lib\site-packages\django\template\loader_tags.py", line 295, in do_extends
    nodelist = parser.parse()
               ^^^^^^^^^^^^^^
  File "G:\Python-develop\Django\venv\Lib\site-packages\django\template\base.py", line 504, in parse
    self.invalid_block_tag(token, command, parse_until)
  File "G:\Python-develop\Django\venv\Lib\site-packages\django\template\base.py", line 565, in invalid_block_tag
    raise self.error(
django.template.exceptions.TemplateSyntaxError: Invalid block tag on line 5: 'endblock'. Did you forget to register or load this tag?
ERROR 2024-04-02 21:50:31,438 basehttp 22552 17208 "GET /S_3/about/ HTTP/1.1" 500 152610
INFO 2024-04-02 21:52:45,351 autoreload 13304 6756 Watching for file changes with StatReloader
ERROR 2024-04-02 21:52:47,891 log 13304 25072 Internal Server Error: /S_3/about/
Traceback (most recent call last):
  File "G:\Python-develop\Django\venv\Lib\site-packages\django\template\base.py", line 502, in parse
    compile_func = self.tags[command]
                   ~~~~~~~~~^^^^^^^^^
KeyError: 'endblock'

During handling of the above exception, another exception occurred:

Traceback (most recent call last):
  File "G:\Python-develop\Django\venv\Lib\site-packages\django\core\handlers\exception.py", line 55, in inner
    response = get_response(request)
               ^^^^^^^^^^^^^^^^^^^^^
  File "G:\Python-develop\Django\venv\Lib\site-packages\django\core\handlers\base.py", line 197, in _get_response
    response = wrapped_callback(request, *callback_args, **callback_kwargs)
               ^^^^^^^^^^^^^^^^^^^^^^^^^^^^^^^^^^^^^^^^^^^^^^^^^^^^^^^^^^^^
  File "G:\Python-develop\Django\Django_project\Seminar_3\views.py", line 11, in about
    return render(request, 'Seminar_3/about.html', context)
           ^^^^^^^^^^^^^^^^^^^^^^^^^^^^^^^^^^^^^^^^^^^^^^^^
  File "G:\Python-develop\Django\venv\Lib\site-packages\django\shortcuts.py", line 25, in render
    content = loader.render_to_string(template_name, context, request, using=using)
              ^^^^^^^^^^^^^^^^^^^^^^^^^^^^^^^^^^^^^^^^^^^^^^^^^^^^^^^^^^^^^^^^^^^^^
  File "G:\Python-develop\Django\venv\Lib\site-packages\django\template\loader.py", line 61, in render_to_string
    template = get_template(template_name, using=using)
               ^^^^^^^^^^^^^^^^^^^^^^^^^^^^^^^^^^^^^^^^
  File "G:\Python-develop\Django\venv\Lib\site-packages\django\template\loader.py", line 15, in get_template
    return engine.get_template(template_name)
           ^^^^^^^^^^^^^^^^^^^^^^^^^^^^^^^^^^
  File "G:\Python-develop\Django\venv\Lib\site-packages\django\template\backends\django.py", line 33, in get_template
    return Template(self.engine.get_template(template_name), self)
                    ^^^^^^^^^^^^^^^^^^^^^^^^^^^^^^^^^^^^^^^
  File "G:\Python-develop\Django\venv\Lib\site-packages\django\template\engine.py", line 177, in get_template
    template, origin = self.find_template(template_name)
                       ^^^^^^^^^^^^^^^^^^^^^^^^^^^^^^^^^
  File "G:\Python-develop\Django\venv\Lib\site-packages\django\template\engine.py", line 159, in find_template
    template = loader.get_template(name, skip=skip)
               ^^^^^^^^^^^^^^^^^^^^^^^^^^^^^^^^^^^^
  File "G:\Python-develop\Django\venv\Lib\site-packages\django\template\loaders\cached.py", line 57, in get_template
    template = super().get_template(template_name, skip)
               ^^^^^^^^^^^^^^^^^^^^^^^^^^^^^^^^^^^^^^^^^
  File "G:\Python-develop\Django\venv\Lib\site-packages\django\template\loaders\base.py", line 28, in get_template
    return Template(
           ^^^^^^^^^
  File "G:\Python-develop\Django\venv\Lib\site-packages\django\template\base.py", line 154, in __init__
    self.nodelist = self.compile_nodelist()
                    ^^^^^^^^^^^^^^^^^^^^^^^
  File "G:\Python-develop\Django\venv\Lib\site-packages\django\template\base.py", line 196, in compile_nodelist
    return parser.parse()
           ^^^^^^^^^^^^^^
  File "G:\Python-develop\Django\venv\Lib\site-packages\django\template\base.py", line 510, in parse
    raise self.error(token, e)
  File "G:\Python-develop\Django\venv\Lib\site-packages\django\template\base.py", line 508, in parse
    compiled_result = compile_func(self, token)
                      ^^^^^^^^^^^^^^^^^^^^^^^^^
  File "G:\Python-develop\Django\venv\Lib\site-packages\django\template\loader_tags.py", line 295, in do_extends
    nodelist = parser.parse()
               ^^^^^^^^^^^^^^
  File "G:\Python-develop\Django\venv\Lib\site-packages\django\template\base.py", line 504, in parse
    self.invalid_block_tag(token, command, parse_until)
  File "G:\Python-develop\Django\venv\Lib\site-packages\django\template\base.py", line 565, in invalid_block_tag
    raise self.error(
django.template.exceptions.TemplateSyntaxError: Invalid block tag on line 5: 'endblock'. Did you forget to register or load this tag?
ERROR 2024-04-02 21:52:47,897 basehttp 13304 25072 "GET /S_3/about/ HTTP/1.1" 500 152689
INFO 2024-04-02 21:53:50,426 autoreload 7612 23864 Watching for file changes with StatReloader
ERROR 2024-04-02 21:53:52,277 log 7612 9268 Internal Server Error: /S_3/about/
Traceback (most recent call last):
  File "G:\Python-develop\Django\venv\Lib\site-packages\django\template\base.py", line 502, in parse
    compile_func = self.tags[command]
                   ~~~~~~~~~^^^^^^^^^
KeyError: 'endblock'

During handling of the above exception, another exception occurred:

Traceback (most recent call last):
  File "G:\Python-develop\Django\venv\Lib\site-packages\django\core\handlers\exception.py", line 55, in inner
    response = get_response(request)
               ^^^^^^^^^^^^^^^^^^^^^
  File "G:\Python-develop\Django\venv\Lib\site-packages\django\core\handlers\base.py", line 197, in _get_response
    response = wrapped_callback(request, *callback_args, **callback_kwargs)
               ^^^^^^^^^^^^^^^^^^^^^^^^^^^^^^^^^^^^^^^^^^^^^^^^^^^^^^^^^^^^
  File "G:\Python-develop\Django\Django_project\Seminar_3\views.py", line 11, in about
    return render(request, 'Seminar_3/about.html', context)
           ^^^^^^^^^^^^^^^^^^^^^^^^^^^^^^^^^^^^^^^^^^^^^^^^
  File "G:\Python-develop\Django\venv\Lib\site-packages\django\shortcuts.py", line 25, in render
    content = loader.render_to_string(template_name, context, request, using=using)
              ^^^^^^^^^^^^^^^^^^^^^^^^^^^^^^^^^^^^^^^^^^^^^^^^^^^^^^^^^^^^^^^^^^^^^
  File "G:\Python-develop\Django\venv\Lib\site-packages\django\template\loader.py", line 61, in render_to_string
    template = get_template(template_name, using=using)
               ^^^^^^^^^^^^^^^^^^^^^^^^^^^^^^^^^^^^^^^^
  File "G:\Python-develop\Django\venv\Lib\site-packages\django\template\loader.py", line 15, in get_template
    return engine.get_template(template_name)
           ^^^^^^^^^^^^^^^^^^^^^^^^^^^^^^^^^^
  File "G:\Python-develop\Django\venv\Lib\site-packages\django\template\backends\django.py", line 33, in get_template
    return Template(self.engine.get_template(template_name), self)
                    ^^^^^^^^^^^^^^^^^^^^^^^^^^^^^^^^^^^^^^^
  File "G:\Python-develop\Django\venv\Lib\site-packages\django\template\engine.py", line 177, in get_template
    template, origin = self.find_template(template_name)
                       ^^^^^^^^^^^^^^^^^^^^^^^^^^^^^^^^^
  File "G:\Python-develop\Django\venv\Lib\site-packages\django\template\engine.py", line 159, in find_template
    template = loader.get_template(name, skip=skip)
               ^^^^^^^^^^^^^^^^^^^^^^^^^^^^^^^^^^^^
  File "G:\Python-develop\Django\venv\Lib\site-packages\django\template\loaders\cached.py", line 57, in get_template
    template = super().get_template(template_name, skip)
               ^^^^^^^^^^^^^^^^^^^^^^^^^^^^^^^^^^^^^^^^^
  File "G:\Python-develop\Django\venv\Lib\site-packages\django\template\loaders\base.py", line 28, in get_template
    return Template(
           ^^^^^^^^^
  File "G:\Python-develop\Django\venv\Lib\site-packages\django\template\base.py", line 154, in __init__
    self.nodelist = self.compile_nodelist()
                    ^^^^^^^^^^^^^^^^^^^^^^^
  File "G:\Python-develop\Django\venv\Lib\site-packages\django\template\base.py", line 196, in compile_nodelist
    return parser.parse()
           ^^^^^^^^^^^^^^
  File "G:\Python-develop\Django\venv\Lib\site-packages\django\template\base.py", line 510, in parse
    raise self.error(token, e)
  File "G:\Python-develop\Django\venv\Lib\site-packages\django\template\base.py", line 508, in parse
    compiled_result = compile_func(self, token)
                      ^^^^^^^^^^^^^^^^^^^^^^^^^
  File "G:\Python-develop\Django\venv\Lib\site-packages\django\template\loader_tags.py", line 295, in do_extends
    nodelist = parser.parse()
               ^^^^^^^^^^^^^^
  File "G:\Python-develop\Django\venv\Lib\site-packages\django\template\base.py", line 504, in parse
    self.invalid_block_tag(token, command, parse_until)
  File "G:\Python-develop\Django\venv\Lib\site-packages\django\template\base.py", line 565, in invalid_block_tag
    raise self.error(
django.template.exceptions.TemplateSyntaxError: Invalid block tag on line 5: 'endblock'. Did you forget to register or load this tag?
ERROR 2024-04-02 21:53:52,283 basehttp 7612 9268 "GET /S_3/about/ HTTP/1.1" 500 152689
INFO 2024-04-02 21:54:46,077 autoreload 16788 5308 Watching for file changes with StatReloader
ERROR 2024-04-02 21:54:50,183 log 16788 13836 Internal Server Error: /S_3/about/
Traceback (most recent call last):
  File "G:\Python-develop\Django\venv\Lib\site-packages\django\template\base.py", line 502, in parse
    compile_func = self.tags[command]
                   ~~~~~~~~~^^^^^^^^^
KeyError: 'endblock'

During handling of the above exception, another exception occurred:

Traceback (most recent call last):
  File "G:\Python-develop\Django\venv\Lib\site-packages\django\core\handlers\exception.py", line 55, in inner
    response = get_response(request)
               ^^^^^^^^^^^^^^^^^^^^^
  File "G:\Python-develop\Django\venv\Lib\site-packages\django\core\handlers\base.py", line 197, in _get_response
    response = wrapped_callback(request, *callback_args, **callback_kwargs)
               ^^^^^^^^^^^^^^^^^^^^^^^^^^^^^^^^^^^^^^^^^^^^^^^^^^^^^^^^^^^^
  File "G:\Python-develop\Django\Django_project\Seminar_3\views.py", line 11, in about
    return render(request, 'Seminar_3/about.html', context)
           ^^^^^^^^^^^^^^^^^^^^^^^^^^^^^^^^^^^^^^^^^^^^^^^^
  File "G:\Python-develop\Django\venv\Lib\site-packages\django\shortcuts.py", line 25, in render
    content = loader.render_to_string(template_name, context, request, using=using)
              ^^^^^^^^^^^^^^^^^^^^^^^^^^^^^^^^^^^^^^^^^^^^^^^^^^^^^^^^^^^^^^^^^^^^^
  File "G:\Python-develop\Django\venv\Lib\site-packages\django\template\loader.py", line 61, in render_to_string
    template = get_template(template_name, using=using)
               ^^^^^^^^^^^^^^^^^^^^^^^^^^^^^^^^^^^^^^^^
  File "G:\Python-develop\Django\venv\Lib\site-packages\django\template\loader.py", line 15, in get_template
    return engine.get_template(template_name)
           ^^^^^^^^^^^^^^^^^^^^^^^^^^^^^^^^^^
  File "G:\Python-develop\Django\venv\Lib\site-packages\django\template\backends\django.py", line 33, in get_template
    return Template(self.engine.get_template(template_name), self)
                    ^^^^^^^^^^^^^^^^^^^^^^^^^^^^^^^^^^^^^^^
  File "G:\Python-develop\Django\venv\Lib\site-packages\django\template\engine.py", line 177, in get_template
    template, origin = self.find_template(template_name)
                       ^^^^^^^^^^^^^^^^^^^^^^^^^^^^^^^^^
  File "G:\Python-develop\Django\venv\Lib\site-packages\django\template\engine.py", line 159, in find_template
    template = loader.get_template(name, skip=skip)
               ^^^^^^^^^^^^^^^^^^^^^^^^^^^^^^^^^^^^
  File "G:\Python-develop\Django\venv\Lib\site-packages\django\template\loaders\cached.py", line 57, in get_template
    template = super().get_template(template_name, skip)
               ^^^^^^^^^^^^^^^^^^^^^^^^^^^^^^^^^^^^^^^^^
  File "G:\Python-develop\Django\venv\Lib\site-packages\django\template\loaders\base.py", line 28, in get_template
    return Template(
           ^^^^^^^^^
  File "G:\Python-develop\Django\venv\Lib\site-packages\django\template\base.py", line 154, in __init__
    self.nodelist = self.compile_nodelist()
                    ^^^^^^^^^^^^^^^^^^^^^^^
  File "G:\Python-develop\Django\venv\Lib\site-packages\django\template\base.py", line 196, in compile_nodelist
    return parser.parse()
           ^^^^^^^^^^^^^^
  File "G:\Python-develop\Django\venv\Lib\site-packages\django\template\base.py", line 510, in parse
    raise self.error(token, e)
  File "G:\Python-develop\Django\venv\Lib\site-packages\django\template\base.py", line 508, in parse
    compiled_result = compile_func(self, token)
                      ^^^^^^^^^^^^^^^^^^^^^^^^^
  File "G:\Python-develop\Django\venv\Lib\site-packages\django\template\loader_tags.py", line 295, in do_extends
    nodelist = parser.parse()
               ^^^^^^^^^^^^^^
  File "G:\Python-develop\Django\venv\Lib\site-packages\django\template\base.py", line 504, in parse
    self.invalid_block_tag(token, command, parse_until)
  File "G:\Python-develop\Django\venv\Lib\site-packages\django\template\base.py", line 565, in invalid_block_tag
    raise self.error(
django.template.exceptions.TemplateSyntaxError: Invalid block tag on line 5: 'endblock'. Did you forget to register or load this tag?
ERROR 2024-04-02 21:54:50,189 basehttp 16788 13836 "GET /S_3/about/ HTTP/1.1" 500 152534
ERROR 2024-04-02 21:55:11,097 log 16788 13836 Internal Server Error: /S_3/main/
Traceback (most recent call last):
  File "G:\Python-develop\Django\venv\Lib\site-packages\django\template\base.py", line 502, in parse
    compile_func = self.tags[command]
                   ~~~~~~~~~^^^^^^^^^
KeyError: 'endblock'

During handling of the above exception, another exception occurred:

Traceback (most recent call last):
  File "G:\Python-develop\Django\venv\Lib\site-packages\django\core\handlers\exception.py", line 55, in inner
    response = get_response(request)
               ^^^^^^^^^^^^^^^^^^^^^
  File "G:\Python-develop\Django\venv\Lib\site-packages\django\core\handlers\base.py", line 197, in _get_response
    response = wrapped_callback(request, *callback_args, **callback_kwargs)
               ^^^^^^^^^^^^^^^^^^^^^^^^^^^^^^^^^^^^^^^^^^^^^^^^^^^^^^^^^^^^
  File "G:\Python-develop\Django\Django_project\Seminar_3\views.py", line 19, in main
    return render(request, 'Seminar_3/index.html', context)
           ^^^^^^^^^^^^^^^^^^^^^^^^^^^^^^^^^^^^^^^^^^^^^^^^
  File "G:\Python-develop\Django\venv\Lib\site-packages\django\shortcuts.py", line 25, in render
    content = loader.render_to_string(template_name, context, request, using=using)
              ^^^^^^^^^^^^^^^^^^^^^^^^^^^^^^^^^^^^^^^^^^^^^^^^^^^^^^^^^^^^^^^^^^^^^
  File "G:\Python-develop\Django\venv\Lib\site-packages\django\template\loader.py", line 61, in render_to_string
    template = get_template(template_name, using=using)
               ^^^^^^^^^^^^^^^^^^^^^^^^^^^^^^^^^^^^^^^^
  File "G:\Python-develop\Django\venv\Lib\site-packages\django\template\loader.py", line 15, in get_template
    return engine.get_template(template_name)
           ^^^^^^^^^^^^^^^^^^^^^^^^^^^^^^^^^^
  File "G:\Python-develop\Django\venv\Lib\site-packages\django\template\backends\django.py", line 33, in get_template
    return Template(self.engine.get_template(template_name), self)
                    ^^^^^^^^^^^^^^^^^^^^^^^^^^^^^^^^^^^^^^^
  File "G:\Python-develop\Django\venv\Lib\site-packages\django\template\engine.py", line 177, in get_template
    template, origin = self.find_template(template_name)
                       ^^^^^^^^^^^^^^^^^^^^^^^^^^^^^^^^^
  File "G:\Python-develop\Django\venv\Lib\site-packages\django\template\engine.py", line 159, in find_template
    template = loader.get_template(name, skip=skip)
               ^^^^^^^^^^^^^^^^^^^^^^^^^^^^^^^^^^^^
  File "G:\Python-develop\Django\venv\Lib\site-packages\django\template\loaders\cached.py", line 57, in get_template
    template = super().get_template(template_name, skip)
               ^^^^^^^^^^^^^^^^^^^^^^^^^^^^^^^^^^^^^^^^^
  File "G:\Python-develop\Django\venv\Lib\site-packages\django\template\loaders\base.py", line 28, in get_template
    return Template(
           ^^^^^^^^^
  File "G:\Python-develop\Django\venv\Lib\site-packages\django\template\base.py", line 154, in __init__
    self.nodelist = self.compile_nodelist()
                    ^^^^^^^^^^^^^^^^^^^^^^^
  File "G:\Python-develop\Django\venv\Lib\site-packages\django\template\base.py", line 196, in compile_nodelist
    return parser.parse()
           ^^^^^^^^^^^^^^
  File "G:\Python-develop\Django\venv\Lib\site-packages\django\template\base.py", line 510, in parse
    raise self.error(token, e)
  File "G:\Python-develop\Django\venv\Lib\site-packages\django\template\base.py", line 508, in parse
    compiled_result = compile_func(self, token)
                      ^^^^^^^^^^^^^^^^^^^^^^^^^
  File "G:\Python-develop\Django\venv\Lib\site-packages\django\template\loader_tags.py", line 295, in do_extends
    nodelist = parser.parse()
               ^^^^^^^^^^^^^^
  File "G:\Python-develop\Django\venv\Lib\site-packages\django\template\base.py", line 504, in parse
    self.invalid_block_tag(token, command, parse_until)
  File "G:\Python-develop\Django\venv\Lib\site-packages\django\template\base.py", line 565, in invalid_block_tag
    raise self.error(
django.template.exceptions.TemplateSyntaxError: Invalid block tag on line 5: 'endblock'. Did you forget to register or load this tag?
ERROR 2024-04-02 21:55:11,102 basehttp 16788 13836 "GET /S_3/main/ HTTP/1.1" 500 151299
INFO 2024-04-02 21:56:15,900 autoreload 17932 11140 Watching for file changes with StatReloader
ERROR 2024-04-02 21:56:19,041 log 17932 10688 Internal Server Error: /S_3/main/
Traceback (most recent call last):
  File "G:\Python-develop\Django\venv\Lib\site-packages\django\template\base.py", line 502, in parse
    compile_func = self.tags[command]
                   ~~~~~~~~~^^^^^^^^^
KeyError: 'endblock'

During handling of the above exception, another exception occurred:

Traceback (most recent call last):
  File "G:\Python-develop\Django\venv\Lib\site-packages\django\core\handlers\exception.py", line 55, in inner
    response = get_response(request)
               ^^^^^^^^^^^^^^^^^^^^^
  File "G:\Python-develop\Django\venv\Lib\site-packages\django\core\handlers\base.py", line 197, in _get_response
    response = wrapped_callback(request, *callback_args, **callback_kwargs)
               ^^^^^^^^^^^^^^^^^^^^^^^^^^^^^^^^^^^^^^^^^^^^^^^^^^^^^^^^^^^^
  File "G:\Python-develop\Django\Django_project\Seminar_3\views.py", line 19, in main
    return render(request, 'Seminar_3/index.html', context)
           ^^^^^^^^^^^^^^^^^^^^^^^^^^^^^^^^^^^^^^^^^^^^^^^^
  File "G:\Python-develop\Django\venv\Lib\site-packages\django\shortcuts.py", line 25, in render
    content = loader.render_to_string(template_name, context, request, using=using)
              ^^^^^^^^^^^^^^^^^^^^^^^^^^^^^^^^^^^^^^^^^^^^^^^^^^^^^^^^^^^^^^^^^^^^^
  File "G:\Python-develop\Django\venv\Lib\site-packages\django\template\loader.py", line 61, in render_to_string
    template = get_template(template_name, using=using)
               ^^^^^^^^^^^^^^^^^^^^^^^^^^^^^^^^^^^^^^^^
  File "G:\Python-develop\Django\venv\Lib\site-packages\django\template\loader.py", line 15, in get_template
    return engine.get_template(template_name)
           ^^^^^^^^^^^^^^^^^^^^^^^^^^^^^^^^^^
  File "G:\Python-develop\Django\venv\Lib\site-packages\django\template\backends\django.py", line 33, in get_template
    return Template(self.engine.get_template(template_name), self)
                    ^^^^^^^^^^^^^^^^^^^^^^^^^^^^^^^^^^^^^^^
  File "G:\Python-develop\Django\venv\Lib\site-packages\django\template\engine.py", line 177, in get_template
    template, origin = self.find_template(template_name)
                       ^^^^^^^^^^^^^^^^^^^^^^^^^^^^^^^^^
  File "G:\Python-develop\Django\venv\Lib\site-packages\django\template\engine.py", line 159, in find_template
    template = loader.get_template(name, skip=skip)
               ^^^^^^^^^^^^^^^^^^^^^^^^^^^^^^^^^^^^
  File "G:\Python-develop\Django\venv\Lib\site-packages\django\template\loaders\cached.py", line 57, in get_template
    template = super().get_template(template_name, skip)
               ^^^^^^^^^^^^^^^^^^^^^^^^^^^^^^^^^^^^^^^^^
  File "G:\Python-develop\Django\venv\Lib\site-packages\django\template\loaders\base.py", line 28, in get_template
    return Template(
           ^^^^^^^^^
  File "G:\Python-develop\Django\venv\Lib\site-packages\django\template\base.py", line 154, in __init__
    self.nodelist = self.compile_nodelist()
                    ^^^^^^^^^^^^^^^^^^^^^^^
  File "G:\Python-develop\Django\venv\Lib\site-packages\django\template\base.py", line 196, in compile_nodelist
    return parser.parse()
           ^^^^^^^^^^^^^^
  File "G:\Python-develop\Django\venv\Lib\site-packages\django\template\base.py", line 510, in parse
    raise self.error(token, e)
  File "G:\Python-develop\Django\venv\Lib\site-packages\django\template\base.py", line 508, in parse
    compiled_result = compile_func(self, token)
                      ^^^^^^^^^^^^^^^^^^^^^^^^^
  File "G:\Python-develop\Django\venv\Lib\site-packages\django\template\loader_tags.py", line 295, in do_extends
    nodelist = parser.parse()
               ^^^^^^^^^^^^^^
  File "G:\Python-develop\Django\venv\Lib\site-packages\django\template\base.py", line 504, in parse
    self.invalid_block_tag(token, command, parse_until)
  File "G:\Python-develop\Django\venv\Lib\site-packages\django\template\base.py", line 565, in invalid_block_tag
    raise self.error(
django.template.exceptions.TemplateSyntaxError: Invalid block tag on line 5: 'endblock'. Did you forget to register or load this tag?
ERROR 2024-04-02 21:56:19,049 basehttp 17932 10688 "GET /S_3/main/ HTTP/1.1" 500 151436
ERROR 2024-04-02 21:56:57,132 log 17932 10688 Internal Server Error: /S_3/about/
Traceback (most recent call last):
  File "G:\Python-develop\Django\venv\Lib\site-packages\django\template\base.py", line 502, in parse
    compile_func = self.tags[command]
                   ~~~~~~~~~^^^^^^^^^
KeyError: 'endblock'

During handling of the above exception, another exception occurred:

Traceback (most recent call last):
  File "G:\Python-develop\Django\venv\Lib\site-packages\django\core\handlers\exception.py", line 55, in inner
    response = get_response(request)
               ^^^^^^^^^^^^^^^^^^^^^
  File "G:\Python-develop\Django\venv\Lib\site-packages\django\core\handlers\base.py", line 197, in _get_response
    response = wrapped_callback(request, *callback_args, **callback_kwargs)
               ^^^^^^^^^^^^^^^^^^^^^^^^^^^^^^^^^^^^^^^^^^^^^^^^^^^^^^^^^^^^
  File "G:\Python-develop\Django\Django_project\Seminar_3\views.py", line 11, in about
    return render(request, 'Seminar_3/about.html', context)
           ^^^^^^^^^^^^^^^^^^^^^^^^^^^^^^^^^^^^^^^^^^^^^^^^
  File "G:\Python-develop\Django\venv\Lib\site-packages\django\shortcuts.py", line 25, in render
    content = loader.render_to_string(template_name, context, request, using=using)
              ^^^^^^^^^^^^^^^^^^^^^^^^^^^^^^^^^^^^^^^^^^^^^^^^^^^^^^^^^^^^^^^^^^^^^
  File "G:\Python-develop\Django\venv\Lib\site-packages\django\template\loader.py", line 61, in render_to_string
    template = get_template(template_name, using=using)
               ^^^^^^^^^^^^^^^^^^^^^^^^^^^^^^^^^^^^^^^^
  File "G:\Python-develop\Django\venv\Lib\site-packages\django\template\loader.py", line 15, in get_template
    return engine.get_template(template_name)
           ^^^^^^^^^^^^^^^^^^^^^^^^^^^^^^^^^^
  File "G:\Python-develop\Django\venv\Lib\site-packages\django\template\backends\django.py", line 33, in get_template
    return Template(self.engine.get_template(template_name), self)
                    ^^^^^^^^^^^^^^^^^^^^^^^^^^^^^^^^^^^^^^^
  File "G:\Python-develop\Django\venv\Lib\site-packages\django\template\engine.py", line 177, in get_template
    template, origin = self.find_template(template_name)
                       ^^^^^^^^^^^^^^^^^^^^^^^^^^^^^^^^^
  File "G:\Python-develop\Django\venv\Lib\site-packages\django\template\engine.py", line 159, in find_template
    template = loader.get_template(name, skip=skip)
               ^^^^^^^^^^^^^^^^^^^^^^^^^^^^^^^^^^^^
  File "G:\Python-develop\Django\venv\Lib\site-packages\django\template\loaders\cached.py", line 57, in get_template
    template = super().get_template(template_name, skip)
               ^^^^^^^^^^^^^^^^^^^^^^^^^^^^^^^^^^^^^^^^^
  File "G:\Python-develop\Django\venv\Lib\site-packages\django\template\loaders\base.py", line 28, in get_template
    return Template(
           ^^^^^^^^^
  File "G:\Python-develop\Django\venv\Lib\site-packages\django\template\base.py", line 154, in __init__
    self.nodelist = self.compile_nodelist()
                    ^^^^^^^^^^^^^^^^^^^^^^^
  File "G:\Python-develop\Django\venv\Lib\site-packages\django\template\base.py", line 196, in compile_nodelist
    return parser.parse()
           ^^^^^^^^^^^^^^
  File "G:\Python-develop\Django\venv\Lib\site-packages\django\template\base.py", line 510, in parse
    raise self.error(token, e)
  File "G:\Python-develop\Django\venv\Lib\site-packages\django\template\base.py", line 508, in parse
    compiled_result = compile_func(self, token)
                      ^^^^^^^^^^^^^^^^^^^^^^^^^
  File "G:\Python-develop\Django\venv\Lib\site-packages\django\template\loader_tags.py", line 295, in do_extends
    nodelist = parser.parse()
               ^^^^^^^^^^^^^^
  File "G:\Python-develop\Django\venv\Lib\site-packages\django\template\base.py", line 504, in parse
    self.invalid_block_tag(token, command, parse_until)
  File "G:\Python-develop\Django\venv\Lib\site-packages\django\template\base.py", line 565, in invalid_block_tag
    raise self.error(
django.template.exceptions.TemplateSyntaxError: Invalid block tag on line 5: 'endblock'. Did you forget to register or load this tag?
ERROR 2024-04-02 21:56:57,137 basehttp 17932 10688 "GET /S_3/about/ HTTP/1.1" 500 152397
INFO 2024-04-02 21:57:05,686 autoreload 25608 25604 Watching for file changes with StatReloader
ERROR 2024-04-02 21:57:07,590 log 25608 24668 Internal Server Error: /S_3/about/
Traceback (most recent call last):
  File "G:\Python-develop\Django\venv\Lib\site-packages\django\template\base.py", line 502, in parse
    compile_func = self.tags[command]
                   ~~~~~~~~~^^^^^^^^^
KeyError: 'endblock'

During handling of the above exception, another exception occurred:

Traceback (most recent call last):
  File "G:\Python-develop\Django\venv\Lib\site-packages\django\core\handlers\exception.py", line 55, in inner
    response = get_response(request)
               ^^^^^^^^^^^^^^^^^^^^^
  File "G:\Python-develop\Django\venv\Lib\site-packages\django\core\handlers\base.py", line 197, in _get_response
    response = wrapped_callback(request, *callback_args, **callback_kwargs)
               ^^^^^^^^^^^^^^^^^^^^^^^^^^^^^^^^^^^^^^^^^^^^^^^^^^^^^^^^^^^^
  File "G:\Python-develop\Django\Django_project\Seminar_3\views.py", line 11, in about
    return render(request, 'Seminar_3/about.html', context)
           ^^^^^^^^^^^^^^^^^^^^^^^^^^^^^^^^^^^^^^^^^^^^^^^^
  File "G:\Python-develop\Django\venv\Lib\site-packages\django\shortcuts.py", line 25, in render
    content = loader.render_to_string(template_name, context, request, using=using)
              ^^^^^^^^^^^^^^^^^^^^^^^^^^^^^^^^^^^^^^^^^^^^^^^^^^^^^^^^^^^^^^^^^^^^^
  File "G:\Python-develop\Django\venv\Lib\site-packages\django\template\loader.py", line 61, in render_to_string
    template = get_template(template_name, using=using)
               ^^^^^^^^^^^^^^^^^^^^^^^^^^^^^^^^^^^^^^^^
  File "G:\Python-develop\Django\venv\Lib\site-packages\django\template\loader.py", line 15, in get_template
    return engine.get_template(template_name)
           ^^^^^^^^^^^^^^^^^^^^^^^^^^^^^^^^^^
  File "G:\Python-develop\Django\venv\Lib\site-packages\django\template\backends\django.py", line 33, in get_template
    return Template(self.engine.get_template(template_name), self)
                    ^^^^^^^^^^^^^^^^^^^^^^^^^^^^^^^^^^^^^^^
  File "G:\Python-develop\Django\venv\Lib\site-packages\django\template\engine.py", line 177, in get_template
    template, origin = self.find_template(template_name)
                       ^^^^^^^^^^^^^^^^^^^^^^^^^^^^^^^^^
  File "G:\Python-develop\Django\venv\Lib\site-packages\django\template\engine.py", line 159, in find_template
    template = loader.get_template(name, skip=skip)
               ^^^^^^^^^^^^^^^^^^^^^^^^^^^^^^^^^^^^
  File "G:\Python-develop\Django\venv\Lib\site-packages\django\template\loaders\cached.py", line 57, in get_template
    template = super().get_template(template_name, skip)
               ^^^^^^^^^^^^^^^^^^^^^^^^^^^^^^^^^^^^^^^^^
  File "G:\Python-develop\Django\venv\Lib\site-packages\django\template\loaders\base.py", line 28, in get_template
    return Template(
           ^^^^^^^^^
  File "G:\Python-develop\Django\venv\Lib\site-packages\django\template\base.py", line 154, in __init__
    self.nodelist = self.compile_nodelist()
                    ^^^^^^^^^^^^^^^^^^^^^^^
  File "G:\Python-develop\Django\venv\Lib\site-packages\django\template\base.py", line 196, in compile_nodelist
    return parser.parse()
           ^^^^^^^^^^^^^^
  File "G:\Python-develop\Django\venv\Lib\site-packages\django\template\base.py", line 510, in parse
    raise self.error(token, e)
  File "G:\Python-develop\Django\venv\Lib\site-packages\django\template\base.py", line 508, in parse
    compiled_result = compile_func(self, token)
                      ^^^^^^^^^^^^^^^^^^^^^^^^^
  File "G:\Python-develop\Django\venv\Lib\site-packages\django\template\loader_tags.py", line 295, in do_extends
    nodelist = parser.parse()
               ^^^^^^^^^^^^^^
  File "G:\Python-develop\Django\venv\Lib\site-packages\django\template\base.py", line 504, in parse
    self.invalid_block_tag(token, command, parse_until)
  File "G:\Python-develop\Django\venv\Lib\site-packages\django\template\base.py", line 565, in invalid_block_tag
    raise self.error(
django.template.exceptions.TemplateSyntaxError: Invalid block tag on line 5: 'endblock'. Did you forget to register or load this tag?
ERROR 2024-04-02 21:57:07,597 basehttp 25608 24668 "GET /S_3/about/ HTTP/1.1" 500 152534
INFO 2024-04-02 21:57:37,347 autoreload 25704 25724 Watching for file changes with StatReloader
ERROR 2024-04-02 21:57:38,749 log 25704 5436 Internal Server Error: /S_3/about/
Traceback (most recent call last):
  File "G:\Python-develop\Django\venv\Lib\site-packages\django\template\base.py", line 502, in parse
    compile_func = self.tags[command]
                   ~~~~~~~~~^^^^^^^^^
KeyError: 'endblock'

During handling of the above exception, another exception occurred:

Traceback (most recent call last):
  File "G:\Python-develop\Django\venv\Lib\site-packages\django\core\handlers\exception.py", line 55, in inner
    response = get_response(request)
               ^^^^^^^^^^^^^^^^^^^^^
  File "G:\Python-develop\Django\venv\Lib\site-packages\django\core\handlers\base.py", line 197, in _get_response
    response = wrapped_callback(request, *callback_args, **callback_kwargs)
               ^^^^^^^^^^^^^^^^^^^^^^^^^^^^^^^^^^^^^^^^^^^^^^^^^^^^^^^^^^^^
  File "G:\Python-develop\Django\Django_project\Seminar_3\views.py", line 11, in about
    return render(request, 'Seminar_3/about.html', context)
           ^^^^^^^^^^^^^^^^^^^^^^^^^^^^^^^^^^^^^^^^^^^^^^^^
  File "G:\Python-develop\Django\venv\Lib\site-packages\django\shortcuts.py", line 25, in render
    content = loader.render_to_string(template_name, context, request, using=using)
              ^^^^^^^^^^^^^^^^^^^^^^^^^^^^^^^^^^^^^^^^^^^^^^^^^^^^^^^^^^^^^^^^^^^^^
  File "G:\Python-develop\Django\venv\Lib\site-packages\django\template\loader.py", line 61, in render_to_string
    template = get_template(template_name, using=using)
               ^^^^^^^^^^^^^^^^^^^^^^^^^^^^^^^^^^^^^^^^
  File "G:\Python-develop\Django\venv\Lib\site-packages\django\template\loader.py", line 15, in get_template
    return engine.get_template(template_name)
           ^^^^^^^^^^^^^^^^^^^^^^^^^^^^^^^^^^
  File "G:\Python-develop\Django\venv\Lib\site-packages\django\template\backends\django.py", line 33, in get_template
    return Template(self.engine.get_template(template_name), self)
                    ^^^^^^^^^^^^^^^^^^^^^^^^^^^^^^^^^^^^^^^
  File "G:\Python-develop\Django\venv\Lib\site-packages\django\template\engine.py", line 177, in get_template
    template, origin = self.find_template(template_name)
                       ^^^^^^^^^^^^^^^^^^^^^^^^^^^^^^^^^
  File "G:\Python-develop\Django\venv\Lib\site-packages\django\template\engine.py", line 159, in find_template
    template = loader.get_template(name, skip=skip)
               ^^^^^^^^^^^^^^^^^^^^^^^^^^^^^^^^^^^^
  File "G:\Python-develop\Django\venv\Lib\site-packages\django\template\loaders\cached.py", line 57, in get_template
    template = super().get_template(template_name, skip)
               ^^^^^^^^^^^^^^^^^^^^^^^^^^^^^^^^^^^^^^^^^
  File "G:\Python-develop\Django\venv\Lib\site-packages\django\template\loaders\base.py", line 28, in get_template
    return Template(
           ^^^^^^^^^
  File "G:\Python-develop\Django\venv\Lib\site-packages\django\template\base.py", line 154, in __init__
    self.nodelist = self.compile_nodelist()
                    ^^^^^^^^^^^^^^^^^^^^^^^
  File "G:\Python-develop\Django\venv\Lib\site-packages\django\template\base.py", line 196, in compile_nodelist
    return parser.parse()
           ^^^^^^^^^^^^^^
  File "G:\Python-develop\Django\venv\Lib\site-packages\django\template\base.py", line 510, in parse
    raise self.error(token, e)
  File "G:\Python-develop\Django\venv\Lib\site-packages\django\template\base.py", line 508, in parse
    compiled_result = compile_func(self, token)
                      ^^^^^^^^^^^^^^^^^^^^^^^^^
  File "G:\Python-develop\Django\venv\Lib\site-packages\django\template\loader_tags.py", line 295, in do_extends
    nodelist = parser.parse()
               ^^^^^^^^^^^^^^
  File "G:\Python-develop\Django\venv\Lib\site-packages\django\template\base.py", line 504, in parse
    self.invalid_block_tag(token, command, parse_until)
  File "G:\Python-develop\Django\venv\Lib\site-packages\django\template\base.py", line 565, in invalid_block_tag
    raise self.error(
django.template.exceptions.TemplateSyntaxError: Invalid block tag on line 5: 'endblock'. Did you forget to register or load this tag?
ERROR 2024-04-02 21:57:38,756 basehttp 25704 5436 "GET /S_3/about/ HTTP/1.1" 500 152534
INFO 2024-04-02 21:58:05,284 autoreload 25568 16688 Watching for file changes with StatReloader
ERROR 2024-04-02 21:58:06,594 log 25568 25876 Internal Server Error: /S_3/about/
Traceback (most recent call last):
  File "G:\Python-develop\Django\venv\Lib\site-packages\django\core\handlers\exception.py", line 55, in inner
    response = get_response(request)
               ^^^^^^^^^^^^^^^^^^^^^
  File "G:\Python-develop\Django\venv\Lib\site-packages\django\core\handlers\base.py", line 197, in _get_response
    response = wrapped_callback(request, *callback_args, **callback_kwargs)
               ^^^^^^^^^^^^^^^^^^^^^^^^^^^^^^^^^^^^^^^^^^^^^^^^^^^^^^^^^^^^
  File "G:\Python-develop\Django\Django_project\Seminar_3\views.py", line 11, in about
    return render(request, 'Seminar_3/about.html', context)
           ^^^^^^^^^^^^^^^^^^^^^^^^^^^^^^^^^^^^^^^^^^^^^^^^
  File "G:\Python-develop\Django\venv\Lib\site-packages\django\shortcuts.py", line 25, in render
    content = loader.render_to_string(template_name, context, request, using=using)
              ^^^^^^^^^^^^^^^^^^^^^^^^^^^^^^^^^^^^^^^^^^^^^^^^^^^^^^^^^^^^^^^^^^^^^
  File "G:\Python-develop\Django\venv\Lib\site-packages\django\template\loader.py", line 61, in render_to_string
    template = get_template(template_name, using=using)
               ^^^^^^^^^^^^^^^^^^^^^^^^^^^^^^^^^^^^^^^^
  File "G:\Python-develop\Django\venv\Lib\site-packages\django\template\loader.py", line 15, in get_template
    return engine.get_template(template_name)
           ^^^^^^^^^^^^^^^^^^^^^^^^^^^^^^^^^^
  File "G:\Python-develop\Django\venv\Lib\site-packages\django\template\backends\django.py", line 33, in get_template
    return Template(self.engine.get_template(template_name), self)
                    ^^^^^^^^^^^^^^^^^^^^^^^^^^^^^^^^^^^^^^^
  File "G:\Python-develop\Django\venv\Lib\site-packages\django\template\engine.py", line 177, in get_template
    template, origin = self.find_template(template_name)
                       ^^^^^^^^^^^^^^^^^^^^^^^^^^^^^^^^^
  File "G:\Python-develop\Django\venv\Lib\site-packages\django\template\engine.py", line 159, in find_template
    template = loader.get_template(name, skip=skip)
               ^^^^^^^^^^^^^^^^^^^^^^^^^^^^^^^^^^^^
  File "G:\Python-develop\Django\venv\Lib\site-packages\django\template\loaders\cached.py", line 57, in get_template
    template = super().get_template(template_name, skip)
               ^^^^^^^^^^^^^^^^^^^^^^^^^^^^^^^^^^^^^^^^^
  File "G:\Python-develop\Django\venv\Lib\site-packages\django\template\loaders\base.py", line 28, in get_template
    return Template(
           ^^^^^^^^^
  File "G:\Python-develop\Django\venv\Lib\site-packages\django\template\base.py", line 154, in __init__
    self.nodelist = self.compile_nodelist()
                    ^^^^^^^^^^^^^^^^^^^^^^^
  File "G:\Python-develop\Django\venv\Lib\site-packages\django\template\base.py", line 196, in compile_nodelist
    return parser.parse()
           ^^^^^^^^^^^^^^
  File "G:\Python-develop\Django\venv\Lib\site-packages\django\template\base.py", line 510, in parse
    raise self.error(token, e)
  File "G:\Python-develop\Django\venv\Lib\site-packages\django\template\base.py", line 508, in parse
    compiled_result = compile_func(self, token)
                      ^^^^^^^^^^^^^^^^^^^^^^^^^
  File "G:\Python-develop\Django\venv\Lib\site-packages\django\template\loader_tags.py", line 295, in do_extends
    nodelist = parser.parse()
               ^^^^^^^^^^^^^^
  File "G:\Python-develop\Django\venv\Lib\site-packages\django\template\base.py", line 510, in parse
    raise self.error(token, e)
  File "G:\Python-develop\Django\venv\Lib\site-packages\django\template\base.py", line 508, in parse
    compiled_result = compile_func(self, token)
                      ^^^^^^^^^^^^^^^^^^^^^^^^^
  File "G:\Python-develop\Django\venv\Lib\site-packages\django\template\loader_tags.py", line 222, in do_block
    raise TemplateSyntaxError("'%s' tag takes only one argument" % bits[0])
django.template.exceptions.TemplateSyntaxError: 'block' tag takes only one argument
ERROR 2024-04-02 21:58:06,601 basehttp 25568 25876 "GET /S_3/about/ HTTP/1.1" 500 150399
INFO 2024-04-02 21:58:41,393 autoreload 22320 1424 Watching for file changes with StatReloader
ERROR 2024-04-02 21:58:47,805 log 22320 26380 Internal Server Error: /S_3/main/
Traceback (most recent call last):
  File "G:\Python-develop\Django\venv\Lib\site-packages\django\core\handlers\exception.py", line 55, in inner
    response = get_response(request)
               ^^^^^^^^^^^^^^^^^^^^^
  File "G:\Python-develop\Django\venv\Lib\site-packages\django\core\handlers\base.py", line 197, in _get_response
    response = wrapped_callback(request, *callback_args, **callback_kwargs)
               ^^^^^^^^^^^^^^^^^^^^^^^^^^^^^^^^^^^^^^^^^^^^^^^^^^^^^^^^^^^^
  File "G:\Python-develop\Django\Django_project\Seminar_3\views.py", line 19, in main
    return render(request, 'Seminar_3/index.html', context)
           ^^^^^^^^^^^^^^^^^^^^^^^^^^^^^^^^^^^^^^^^^^^^^^^^
  File "G:\Python-develop\Django\venv\Lib\site-packages\django\shortcuts.py", line 25, in render
    content = loader.render_to_string(template_name, context, request, using=using)
              ^^^^^^^^^^^^^^^^^^^^^^^^^^^^^^^^^^^^^^^^^^^^^^^^^^^^^^^^^^^^^^^^^^^^^
  File "G:\Python-develop\Django\venv\Lib\site-packages\django\template\loader.py", line 61, in render_to_string
    template = get_template(template_name, using=using)
               ^^^^^^^^^^^^^^^^^^^^^^^^^^^^^^^^^^^^^^^^
  File "G:\Python-develop\Django\venv\Lib\site-packages\django\template\loader.py", line 15, in get_template
    return engine.get_template(template_name)
           ^^^^^^^^^^^^^^^^^^^^^^^^^^^^^^^^^^
  File "G:\Python-develop\Django\venv\Lib\site-packages\django\template\backends\django.py", line 33, in get_template
    return Template(self.engine.get_template(template_name), self)
                    ^^^^^^^^^^^^^^^^^^^^^^^^^^^^^^^^^^^^^^^
  File "G:\Python-develop\Django\venv\Lib\site-packages\django\template\engine.py", line 177, in get_template
    template, origin = self.find_template(template_name)
                       ^^^^^^^^^^^^^^^^^^^^^^^^^^^^^^^^^
  File "G:\Python-develop\Django\venv\Lib\site-packages\django\template\engine.py", line 159, in find_template
    template = loader.get_template(name, skip=skip)
               ^^^^^^^^^^^^^^^^^^^^^^^^^^^^^^^^^^^^
  File "G:\Python-develop\Django\venv\Lib\site-packages\django\template\loaders\cached.py", line 57, in get_template
    template = super().get_template(template_name, skip)
               ^^^^^^^^^^^^^^^^^^^^^^^^^^^^^^^^^^^^^^^^^
  File "G:\Python-develop\Django\venv\Lib\site-packages\django\template\loaders\base.py", line 28, in get_template
    return Template(
           ^^^^^^^^^
  File "G:\Python-develop\Django\venv\Lib\site-packages\django\template\base.py", line 154, in __init__
    self.nodelist = self.compile_nodelist()
                    ^^^^^^^^^^^^^^^^^^^^^^^
  File "G:\Python-develop\Django\venv\Lib\site-packages\django\template\base.py", line 196, in compile_nodelist
    return parser.parse()
           ^^^^^^^^^^^^^^
  File "G:\Python-develop\Django\venv\Lib\site-packages\django\template\base.py", line 510, in parse
    raise self.error(token, e)
  File "G:\Python-develop\Django\venv\Lib\site-packages\django\template\base.py", line 508, in parse
    compiled_result = compile_func(self, token)
                      ^^^^^^^^^^^^^^^^^^^^^^^^^
  File "G:\Python-develop\Django\venv\Lib\site-packages\django\template\loader_tags.py", line 295, in do_extends
    nodelist = parser.parse()
               ^^^^^^^^^^^^^^
  File "G:\Python-develop\Django\venv\Lib\site-packages\django\template\base.py", line 510, in parse
    raise self.error(token, e)
  File "G:\Python-develop\Django\venv\Lib\site-packages\django\template\base.py", line 508, in parse
    compiled_result = compile_func(self, token)
                      ^^^^^^^^^^^^^^^^^^^^^^^^^
  File "G:\Python-develop\Django\venv\Lib\site-packages\django\template\loader_tags.py", line 222, in do_block
    raise TemplateSyntaxError("'%s' tag takes only one argument" % bits[0])
django.template.exceptions.TemplateSyntaxError: 'block' tag takes only one argument
ERROR 2024-04-02 21:58:47,811 basehttp 22320 26380 "GET /S_3/main/ HTTP/1.1" 500 149164
INFO 2024-04-02 21:59:39,773 autoreload 26428 25940 Watching for file changes with StatReloader
ERROR 2024-04-02 21:59:40,851 log 26428 10564 Internal Server Error: /S_3/main/
Traceback (most recent call last):
  File "G:\Python-develop\Django\venv\Lib\site-packages\django\core\handlers\exception.py", line 55, in inner
    response = get_response(request)
               ^^^^^^^^^^^^^^^^^^^^^
  File "G:\Python-develop\Django\venv\Lib\site-packages\django\core\handlers\base.py", line 197, in _get_response
    response = wrapped_callback(request, *callback_args, **callback_kwargs)
               ^^^^^^^^^^^^^^^^^^^^^^^^^^^^^^^^^^^^^^^^^^^^^^^^^^^^^^^^^^^^
  File "G:\Python-develop\Django\Django_project\Seminar_3\views.py", line 19, in main
    return render(request, 'Seminar_3/index.html', context)
           ^^^^^^^^^^^^^^^^^^^^^^^^^^^^^^^^^^^^^^^^^^^^^^^^
  File "G:\Python-develop\Django\venv\Lib\site-packages\django\shortcuts.py", line 25, in render
    content = loader.render_to_string(template_name, context, request, using=using)
              ^^^^^^^^^^^^^^^^^^^^^^^^^^^^^^^^^^^^^^^^^^^^^^^^^^^^^^^^^^^^^^^^^^^^^
  File "G:\Python-develop\Django\venv\Lib\site-packages\django\template\loader.py", line 61, in render_to_string
    template = get_template(template_name, using=using)
               ^^^^^^^^^^^^^^^^^^^^^^^^^^^^^^^^^^^^^^^^
  File "G:\Python-develop\Django\venv\Lib\site-packages\django\template\loader.py", line 15, in get_template
    return engine.get_template(template_name)
           ^^^^^^^^^^^^^^^^^^^^^^^^^^^^^^^^^^
  File "G:\Python-develop\Django\venv\Lib\site-packages\django\template\backends\django.py", line 33, in get_template
    return Template(self.engine.get_template(template_name), self)
                    ^^^^^^^^^^^^^^^^^^^^^^^^^^^^^^^^^^^^^^^
  File "G:\Python-develop\Django\venv\Lib\site-packages\django\template\engine.py", line 177, in get_template
    template, origin = self.find_template(template_name)
                       ^^^^^^^^^^^^^^^^^^^^^^^^^^^^^^^^^
  File "G:\Python-develop\Django\venv\Lib\site-packages\django\template\engine.py", line 159, in find_template
    template = loader.get_template(name, skip=skip)
               ^^^^^^^^^^^^^^^^^^^^^^^^^^^^^^^^^^^^
  File "G:\Python-develop\Django\venv\Lib\site-packages\django\template\loaders\cached.py", line 57, in get_template
    template = super().get_template(template_name, skip)
               ^^^^^^^^^^^^^^^^^^^^^^^^^^^^^^^^^^^^^^^^^
  File "G:\Python-develop\Django\venv\Lib\site-packages\django\template\loaders\base.py", line 28, in get_template
    return Template(
           ^^^^^^^^^
  File "G:\Python-develop\Django\venv\Lib\site-packages\django\template\base.py", line 154, in __init__
    self.nodelist = self.compile_nodelist()
                    ^^^^^^^^^^^^^^^^^^^^^^^
  File "G:\Python-develop\Django\venv\Lib\site-packages\django\template\base.py", line 196, in compile_nodelist
    return parser.parse()
           ^^^^^^^^^^^^^^
  File "G:\Python-develop\Django\venv\Lib\site-packages\django\template\base.py", line 510, in parse
    raise self.error(token, e)
  File "G:\Python-develop\Django\venv\Lib\site-packages\django\template\base.py", line 508, in parse
    compiled_result = compile_func(self, token)
                      ^^^^^^^^^^^^^^^^^^^^^^^^^
  File "G:\Python-develop\Django\venv\Lib\site-packages\django\template\loader_tags.py", line 295, in do_extends
    nodelist = parser.parse()
               ^^^^^^^^^^^^^^
  File "G:\Python-develop\Django\venv\Lib\site-packages\django\template\base.py", line 510, in parse
    raise self.error(token, e)
  File "G:\Python-develop\Django\venv\Lib\site-packages\django\template\base.py", line 508, in parse
    compiled_result = compile_func(self, token)
                      ^^^^^^^^^^^^^^^^^^^^^^^^^
  File "G:\Python-develop\Django\venv\Lib\site-packages\django\template\loader_tags.py", line 222, in do_block
    raise TemplateSyntaxError("'%s' tag takes only one argument" % bits[0])
django.template.exceptions.TemplateSyntaxError: 'block' tag takes only one argument
ERROR 2024-04-02 21:59:40,857 basehttp 26428 10564 "GET /S_3/main/ HTTP/1.1" 500 149206
INFO 2024-04-02 22:01:25,566 autoreload 17572 25108 Watching for file changes with StatReloader
INFO 2024-04-02 22:01:27,489 basehttp 17572 25072 "GET /S_3/main/ HTTP/1.1" 200 308
INFO 2024-04-02 22:01:33,437 basehttp 17572 25072 "GET /S_3/about/ HTTP/1.1" 200 327
INFO 2024-04-02 22:02:02,880 autoreload 2216 14636 Watching for file changes with StatReloader
INFO 2024-04-02 22:02:04,616 basehttp 2216 26472 "GET /S_3/about/ HTTP/1.1" 200 331
INFO 2024-04-02 22:05:16,746 autoreload 2216 14636 G:\Python-develop\Django\Django_project\Seminar_1\views.py changed, reloading.
INFO 2024-04-02 22:05:17,239 autoreload 24428 3360 Watching for file changes with StatReloader
INFO 2024-04-02 22:06:10,064 autoreload 24428 3360 G:\Python-develop\Django\Django_project\Seminar_3\urls.py changed, reloading.
INFO 2024-04-02 22:06:10,577 autoreload 16868 21268 Watching for file changes with StatReloader
INFO 2024-04-02 22:08:57,662 autoreload 16868 21268 G:\Python-develop\Django\Django_project\Seminar_3\urls.py changed, reloading.
INFO 2024-04-02 22:08:58,180 autoreload 24624 25952 Watching for file changes with StatReloader
INFO 2024-04-02 22:12:58,159 autoreload 24624 25952 G:\Python-develop\Django\Django_project\Seminar_3\views.py changed, reloading.
INFO 2024-04-02 22:12:58,645 autoreload 2412 8716 Watching for file changes with StatReloader
INFO 2024-04-02 22:13:06,028 autoreload 2412 8716 G:\Python-develop\Django\Django_project\Seminar_3\views.py changed, reloading.
INFO 2024-04-02 22:13:06,504 autoreload 20252 21268 Watching for file changes with StatReloader
INFO 2024-04-02 22:14:47,849 autoreload 7768 24180 Watching for file changes with StatReloader
INFO 2024-04-02 22:14:59,728 basehttp 7768 12584 "GET /S_3/coin/6 HTTP/1.1" 301 0
INFO 2024-04-02 22:14:59,735 basehttp 7768 25620 "GET /S_3/coin/6/ HTTP/1.1" 200 276
INFO 2024-04-02 22:15:26,100 autoreload 9804 26384 Watching for file changes with StatReloader
INFO 2024-04-02 22:15:27,995 basehttp 9804 6108 "GET /S_3/coin/6/ HTTP/1.1" 200 300
INFO 2024-04-02 22:16:18,119 autoreload 2396 21268 Watching for file changes with StatReloader
INFO 2024-04-02 22:16:19,722 basehttp 2396 8468 "GET /S_3/coin/6/ HTTP/1.1" 200 433
INFO 2024-04-02 22:16:29,868 basehttp 2396 8468 "GET /S_3/cube/6/ HTTP/1.1" 200 339
INFO 2024-04-07 17:43:26,481 autoreload 21044 9580 Watching for file changes with StatReloader
INFO 2024-04-07 17:44:10,610 autoreload 21044 9580 G:\Python-develop\Django\Django_project\Seminar_4\views.py changed, reloading.
INFO 2024-04-07 17:44:11,120 autoreload 23520 23524 Watching for file changes with StatReloader
INFO 2024-04-07 17:44:27,663 autoreload 23520 23524 G:\Python-develop\Django\Django_project\Seminar_4\views.py changed, reloading.
INFO 2024-04-07 17:44:28,130 autoreload 5948 1836 Watching for file changes with StatReloader
INFO 2024-04-07 17:44:56,735 basehttp 5948 23216 "GET /S_4/all_games HTTP/1.1" 301 0
INFO 2024-04-07 17:44:56,754 basehttp 5948 23536 "GET /S_4/all_games/ HTTP/1.1" 200 835
WARNING 2024-04-07 17:44:56,921 log 5948 23536 Not Found: /favicon.ico
WARNING 2024-04-07 17:44:56,922 basehttp 5948 23536 "GET /favicon.ico HTTP/1.1" 404 2534
INFO 2024-04-07 17:46:06,126 autoreload 5948 1836 G:\Python-develop\Django\Django_project\Seminar_4\forms.py changed, reloading.
INFO 2024-04-07 17:46:06,613 autoreload 11484 944 Watching for file changes with StatReloader
INFO 2024-04-07 17:46:08,454 basehttp 11484 8656 "GET /S_4/all_games/ HTTP/1.1" 200 795
INFO 2024-04-07 17:46:30,652 basehttp 11484 8656 "POST /S_4/all_games/ HTTP/1.1" 200 407
INFO 2024-04-07 17:47:26,906 basehttp 11484 8656 "GET /S_4/all_games/ HTTP/1.1" 200 795
INFO 2024-04-07 17:47:29,461 basehttp 11484 8656 "POST /S_4/all_games/ HTTP/1.1" 200 328
INFO 2024-04-07 17:50:47,928 autoreload 11484 944 G:\Python-develop\Django\Django_project\Seminar_4\views.py changed, reloading.
INFO 2024-04-07 17:50:48,400 autoreload 2464 3980 Watching for file changes with StatReloader
INFO 2024-04-07 17:50:51,759 basehttp 2464 11660 "GET /S_4/all_games/ HTTP/1.1" 200 795
INFO 2024-04-07 17:50:54,384 basehttp 2464 11660 "POST /S_4/all_games/ HTTP/1.1" 200 409
INFO 2024-04-07 17:50:56,584 basehttp 2464 11660 "GET /S_4/all_games/ HTTP/1.1" 200 795
INFO 2024-04-07 17:51:01,565 basehttp 2464 11660 "POST /S_4/all_games/ HTTP/1.1" 302 0
INFO 2024-04-07 17:51:01,570 basehttp 2464 11660 "GET /S_4/number/5/ HTTP/1.1" 200 333
INFO 2024-04-07 17:53:34,899 autoreload 2464 3980 G:\Python-develop\Django\Django_project\Seminar_4\views.py changed, reloading.
INFO 2024-04-07 17:53:35,391 autoreload 4332 13012 Watching for file changes with StatReloader
INFO 2024-04-07 19:01:35,703 autoreload 21948 12620 Watching for file changes with StatReloader
INFO 2024-04-07 19:02:00,418 autoreload 21948 12620 G:\Python-develop\Django\Django_project\Seminar_4\views.py changed, reloading.
INFO 2024-04-07 19:02:00,898 autoreload 23872 23484 Watching for file changes with StatReloader
INFO 2024-04-07 19:02:06,374 basehttp 23872 23408 "GET /S_4/number/5/ HTTP/1.1" 200 333
INFO 2024-04-07 19:02:07,568 basehttp 23872 23408 "GET /S_4/number/5/ HTTP/1.1" 200 333
INFO 2024-04-07 19:02:08,100 basehttp 23872 23408 "GET /S_4/number/5/ HTTP/1.1" 200 333
INFO 2024-04-07 19:02:08,586 basehttp 23872 23408 "GET /S_4/number/5/ HTTP/1.1" 200 333
INFO 2024-04-07 19:02:10,969 basehttp 23872 23408 "GET /S_4/all_games/ HTTP/1.1" 200 795
INFO 2024-04-07 19:02:12,847 basehttp 23872 23408 "GET /S_4/all_games/ HTTP/1.1" 200 795
INFO 2024-04-07 19:02:13,545 basehttp 23872 23408 "GET /S_4/all_games/ HTTP/1.1" 200 795
INFO 2024-04-07 19:02:14,077 basehttp 23872 23408 "GET /S_4/all_games/ HTTP/1.1" 200 795
INFO 2024-04-07 19:02:18,968 basehttp 23872 23408 "POST /S_4/all_games/ HTTP/1.1" 200 1169
INFO 2024-04-07 19:02:37,511 basehttp 23872 23408 "GET /S_4/add_author/ HTTP/1.1" 200 1049
INFO 2024-04-07 19:03:37,864 basehttp 23872 23408 "GET /S_4/add_author/ HTTP/1.1" 200 1049
INFO 2024-04-07 19:03:38,360 basehttp 23872 23408 "GET /S_4/add_author/ HTTP/1.1" 200 1049
INFO 2024-04-07 19:06:25,909 autoreload 23872 23484 G:\Python-develop\Django\Django_project\Seminar_4\forms.py changed, reloading.
INFO 2024-04-07 19:06:26,402 autoreload 18076 19576 Watching for file changes with StatReloader
INFO 2024-04-07 19:06:30,266 basehttp 18076 4748 "GET /S_4/add_author/ HTTP/1.1" 200 1229
INFO 2024-04-07 19:14:43,670 autoreload 18076 19576 G:\Python-develop\Django\Django_project\Seminar_4\views.py changed, reloading.
INFO 2024-04-07 19:14:44,135 autoreload 12156 24112 Watching for file changes with StatReloader
INFO 2024-04-07 19:15:49,130 autoreload 12156 24112 G:\Python-develop\Django\Django_project\Seminar_4\views.py changed, reloading.
INFO 2024-04-07 19:15:49,613 autoreload 24308 14152 Watching for file changes with StatReloader
INFO 2024-04-07 19:16:21,042 basehttp 24308 10980 "GET /S_4/add_author/ HTTP/1.1" 200 1264
INFO 2024-04-07 19:16:29,608 basehttp 24308 10980 "GET /S_4/add_author/ HTTP/1.1" 200 1264
INFO 2024-04-07 19:16:55,491 autoreload 23232 9580 Watching for file changes with StatReloader
INFO 2024-04-07 19:16:59,121 basehttp 23232 14200 "GET /S_4/add_author/ HTTP/1.1" 200 1264
INFO 2024-04-07 19:20:08,581 basehttp 23232 14200 "GET /S_4/add_author/ HTTP/1.1" 200 1268
INFO 2024-04-07 19:20:09,446 basehttp 23232 14200 "GET /S_4/add_author/ HTTP/1.1" 200 1268
INFO 2024-04-07 19:20:19,283 autoreload 23452 10252 Watching for file changes with StatReloader
INFO 2024-04-07 19:20:22,034 basehttp 23452 22040 "GET /S_4/add_author HTTP/1.1" 301 0
INFO 2024-04-07 19:20:22,050 basehttp 23452 23276 "GET /S_4/add_author/ HTTP/1.1" 200 1268
INFO 2024-04-07 19:25:20,355 autoreload 12332 23456 Watching for file changes with StatReloader
WARNING 2024-04-07 19:25:27,996 log 12332 3712 Not Found: /number/
WARNING 2024-04-07 19:25:27,997 basehttp 12332 3712 "GET /number/ HTTP/1.1" 404 2522
INFO 2024-04-07 19:25:40,730 basehttp 12332 3712 "GET /S_4/add_author/ HTTP/1.1" 200 1268
INFO 2024-04-07 19:27:33,084 basehttp 12332 3712 "GET /S_4/add_author/ HTTP/1.1" 200 1268
INFO 2024-04-07 19:27:33,469 basehttp 12332 3712 "GET /S_4/add_author/ HTTP/1.1" 200 1268
INFO 2024-04-07 19:27:33,918 basehttp 12332 3712 "GET /S_4/add_author/ HTTP/1.1" 200 1268
INFO 2024-04-07 19:27:34,269 basehttp 12332 3712 "GET /S_4/add_author/ HTTP/1.1" 200 1268
INFO 2024-04-07 19:27:38,973 basehttp 12332 3712 "GET /S_4/add_author/ HTTP/1.1" 200 1268
INFO 2024-04-07 19:27:39,308 basehttp 12332 3712 "GET /S_4/add_author/ HTTP/1.1" 200 1268
INFO 2024-04-07 19:27:39,590 basehttp 12332 3712 "GET /S_4/add_author/ HTTP/1.1" 200 1268
INFO 2024-04-07 19:27:39,934 basehttp 12332 3712 "GET /S_4/add_author/ HTTP/1.1" 200 1268
INFO 2024-04-07 19:27:40,414 basehttp 12332 3712 "GET /S_4/add_author/ HTTP/1.1" 200 1268
INFO 2024-04-07 19:27:40,784 basehttp 12332 3712 "GET /S_4/add_author/ HTTP/1.1" 200 1268
INFO 2024-04-07 19:27:41,141 basehttp 12332 3712 "GET /S_4/add_author/ HTTP/1.1" 200 1268
INFO 2024-04-07 19:28:18,726 basehttp 12332 3712 "POST /S_4/add_author/ HTTP/1.1" 200 1341
INFO 2024-04-07 19:28:32,483 basehttp 12332 3712 "POST /S_4/add_author/ HTTP/1.1" 200 1420
INFO 2024-04-07 19:28:40,046 basehttp 12332 3712 "POST /S_4/add_author/ HTTP/1.1" 200 1420
INFO 2024-04-07 19:28:44,325 basehttp 12332 3712 "POST /S_4/add_author/ HTTP/1.1" 200 1420
INFO 2024-04-07 19:28:47,676 basehttp 12332 3712 "POST /S_4/add_author/ HTTP/1.1" 200 1420
INFO 2024-04-07 19:28:52,615 basehttp 12332 3712 "POST /S_4/add_author/ HTTP/1.1" 200 1420
INFO 2024-04-07 19:28:55,236 basehttp 12332 3712 "GET /S_4/add_author/ HTTP/1.1" 200 1268
INFO 2024-04-07 19:41:32,940 autoreload 12332 23456 G:\Python-develop\Django\Django_project\Seminar_4\forms.py changed, reloading.
INFO 2024-04-07 19:41:33,458 autoreload 20800 18812 Watching for file changes with StatReloader
INFO 2024-04-07 19:49:33,179 autoreload 20800 18812 G:\Python-develop\Django\Django_project\Django_project\settings.py changed, reloading.
INFO 2024-04-07 19:49:33,771 autoreload 25584 25588 Watching for file changes with StatReloader
INFO 2024-04-07 19:50:05,128 autoreload 25584 25588 G:\Python-develop\Django\Django_project\Django_project\settings.py changed, reloading.
INFO 2024-04-07 19:50:05,617 autoreload 24816 24736 Watching for file changes with StatReloader
WARNING 2024-04-07 20:34:34,420 log 24816 25348 Not Found: /h_4/update_product/
WARNING 2024-04-07 20:34:34,421 basehttp 24816 25348 "GET /h_4/update_product/ HTTP/1.1" 404 2558
INFO 2024-04-11 19:02:15,769 autoreload 5624 4080 Watching for file changes with StatReloader
WARNING 2024-04-11 19:02:18,102 log 5624 21988 Not Found: /
WARNING 2024-04-11 19:02:18,103 basehttp 5624 21988 "GET / HTTP/1.1" 404 2483
WARNING 2024-04-11 19:02:18,323 log 5624 21988 Not Found: /favicon.ico
WARNING 2024-04-11 19:02:18,324 basehttp 5624 21988 "GET /favicon.ico HTTP/1.1" 404 2534
INFO 2024-04-11 19:02:33,831 basehttp 5624 21988 "GET /admin HTTP/1.1" 301 0
INFO 2024-04-11 19:02:33,844 basehttp 5624 19860 "GET /admin/ HTTP/1.1" 302 0
INFO 2024-04-11 19:02:33,881 basehttp 5624 19860 "GET /admin/login/?next=/admin/ HTTP/1.1" 200 4158
INFO 2024-04-11 19:02:34,082 basehttp 5624 19860 "GET /static/admin/css/base.css HTTP/1.1" 200 21544
INFO 2024-04-11 19:02:34,086 basehttp 5624 19860 "GET /static/admin/js/nav_sidebar.js HTTP/1.1" 200 3063
INFO 2024-04-11 19:02:34,113 basehttp 5624 21508 "GET /static/admin/css/responsive.css HTTP/1.1" 200 17905
INFO 2024-04-11 19:02:34,121 basehttp 5624 22316 "GET /static/admin/css/login.css HTTP/1.1" 200 958
INFO 2024-04-11 19:02:34,123 basehttp 5624 15964 "GET /static/admin/css/dark_mode.css HTTP/1.1" 200 2682
INFO 2024-04-11 19:02:34,137 basehttp 5624 21984 "GET /static/admin/css/nav_sidebar.css HTTP/1.1" 200 2810
INFO 2024-04-11 19:02:34,145 basehttp 5624 17704 "GET /static/admin/js/theme.js HTTP/1.1" 200 1943
INFO 2024-04-11 19:02:52,627 basehttp 5624 17704 "POST /admin/login/?next=/admin/ HTTP/1.1" 302 0
INFO 2024-04-11 19:02:52,645 basehttp 5624 17704 "GET /admin/ HTTP/1.1" 200 5536
INFO 2024-04-11 19:02:52,684 basehttp 5624 17704 "GET /static/admin/css/dashboard.css HTTP/1.1" 200 441
INFO 2024-04-11 19:02:52,714 basehttp 5624 21984 "GET /static/admin/img/icon-changelink.svg HTTP/1.1" 200 380
INFO 2024-04-11 19:02:52,715 basehttp 5624 17704 "GET /static/admin/img/icon-addlink.svg HTTP/1.1" 200 331
INFO 2024-04-11 19:05:03,700 autoreload 5624 4080 G:\Python-develop\Django\Django_project\Seminar_4\admin.py changed, reloading.
INFO 2024-04-11 19:05:04,180 autoreload 17876 16044 Watching for file changes with StatReloader
INFO 2024-04-11 19:05:16,696 autoreload 17876 16044 G:\Python-develop\Django\Django_project\Seminar_4\admin.py changed, reloading.
INFO 2024-04-11 19:05:17,210 autoreload 9592 14492 Watching for file changes with StatReloader
INFO 2024-04-11 19:09:28,366 autoreload 2180 17260 Watching for file changes with StatReloader
INFO 2024-04-11 19:15:27,461 autoreload 2180 17260 G:\Python-develop\Django\Django_project\Seminar_2\admin.py changed, reloading.
INFO 2024-04-11 19:15:27,962 autoreload 21540 12884 Watching for file changes with StatReloader
INFO 2024-04-11 19:17:06,668 autoreload 21540 12884 G:\Python-develop\Django\Django_project\Seminar_1\admin.py changed, reloading.
INFO 2024-04-11 19:17:07,127 autoreload 18396 21380 Watching for file changes with StatReloader
INFO 2024-04-11 19:17:38,030 autoreload 18396 21380 G:\Python-develop\Django\Django_project\Seminar_1\admin.py changed, reloading.
INFO 2024-04-11 19:17:38,536 autoreload 2168 20476 Watching for file changes with StatReloader
INFO 2024-04-11 19:17:54,307 basehttp 2168 10284 "GET /admin/ HTTP/1.1" 200 6629
INFO 2024-04-11 19:18:20,639 basehttp 2168 10284 "GET /admin/Seminar_2/games/ HTTP/1.1" 200 13541
INFO 2024-04-11 19:18:20,690 basehttp 2168 10404 "GET /admin/jsi18n/ HTTP/1.1" 200 3342
INFO 2024-04-11 19:18:20,863 basehttp 2168 20124 "GET /static/admin/js/jquery.init.js HTTP/1.1" 200 347
INFO 2024-04-11 19:18:20,865 basehttp 2168 20588 "GET /static/admin/js/vendor/jquery/jquery.js HTTP/1.1" 200 285314
INFO 2024-04-11 19:18:20,867 basehttp 2168 20588 "GET /static/admin/js/prepopulate.js HTTP/1.1" 200 1531
INFO 2024-04-11 19:18:20,868 basehttp 2168 20124 "GET /static/admin/js/urlify.js HTTP/1.1" 200 7887
INFO 2024-04-11 19:18:20,874 basehttp 2168 20588 "GET /static/admin/js/vendor/xregexp/xregexp.js HTTP/1.1" 200 325171
INFO 2024-04-11 19:18:20,879 basehttp 2168 10284 "GET /static/admin/css/changelists.css HTTP/1.1" 200 6811
INFO 2024-04-11 19:18:20,898 basehttp 2168 10404 "GET /static/admin/js/actions.js HTTP/1.1" 200 8067
INFO 2024-04-11 19:18:20,903 basehttp 2168 4088 "GET /static/admin/js/admin/RelatedObjectLookups.js HTTP/1.1" 200 9042
INFO 2024-04-11 19:18:20,903 basehttp 2168 8152 "GET /static/admin/js/core.js HTTP/1.1" 200 6208
INFO 2024-04-11 19:18:20,909 basehttp 2168 8152 "GET /static/admin/js/filters.js HTTP/1.1" 200 978
INFO 2024-04-11 19:18:20,924 basehttp 2168 8152 "GET /static/admin/img/tooltag-add.svg HTTP/1.1" 200 331
INFO 2024-04-11 19:19:54,757 basehttp 2168 8152 "GET /admin/Seminar_2/author/ HTTP/1.1" 200 15398
INFO 2024-04-11 19:19:54,798 basehttp 2168 8152 "GET /admin/jsi18n/ HTTP/1.1" 200 3342
INFO 2024-04-11 19:20:02,771 basehttp 2168 8152 "GET /admin/Seminar_2/author/20/change/ HTTP/1.1" 200 11597
INFO 2024-04-11 19:20:02,813 basehttp 2168 10284 "GET /static/admin/js/prepopulate_init.js HTTP/1.1" 200 586
INFO 2024-04-11 19:20:02,814 basehttp 2168 8152 "GET /static/admin/css/forms.css HTTP/1.1" 200 9090
INFO 2024-04-11 19:20:02,815 basehttp 2168 4088 "GET /static/admin/js/calendar.js HTTP/1.1" 200 9141
INFO 2024-04-11 19:20:02,815 basehttp 2168 10404 "GET /static/admin/js/admin/DateTimeShortcuts.js HTTP/1.1" 200 19319
INFO 2024-04-11 19:20:02,817 basehttp 2168 20588 "GET /admin/jsi18n/ HTTP/1.1" 200 3342
INFO 2024-04-11 19:20:02,835 basehttp 2168 20588 "GET /static/admin/css/widgets.css HTTP/1.1" 200 11800
INFO 2024-04-11 19:20:02,838 basehttp 2168 20588 "GET /static/admin/js/change_form.js HTTP/1.1" 200 606
INFO 2024-04-11 19:20:02,868 basehttp 2168 20588 "GET /static/admin/img/icon-calendar.svg HTTP/1.1" 200 1086
INFO 2024-04-11 19:20:41,794 basehttp 2168 20588 "GET /admin/ HTTP/1.1" 200 6629
INFO 2024-04-11 19:23:07,401 basehttp 2168 20588 "GET /admin/auth/group/ HTTP/1.1" 200 8073
INFO 2024-04-11 19:23:07,448 basehttp 2168 20588 "GET /admin/jsi18n/ HTTP/1.1" 200 3342
INFO 2024-04-11 19:23:07,451 basehttp 2168 10404 "GET /static/admin/img/search.svg HTTP/1.1" 200 458
INFO 2024-04-11 19:23:40,783 basehttp 2168 10404 "GET /admin/auth/group/add/ HTTP/1.1" 200 13125
INFO 2024-04-11 19:23:40,830 basehttp 2168 20588 "GET /static/admin/js/SelectBox.js HTTP/1.1" 200 4530
INFO 2024-04-11 19:23:40,831 basehttp 2168 4088 "GET /static/admin/js/SelectFilter2.js HTTP/1.1" 200 15492
INFO 2024-04-11 19:23:40,832 basehttp 2168 10404 "GET /admin/jsi18n/ HTTP/1.1" 200 3342
INFO 2024-04-11 19:23:40,884 basehttp 2168 10404 "GET /static/admin/img/selector-icons.svg HTTP/1.1" 200 3291
INFO 2024-04-11 19:24:06,551 basehttp 2168 10404 "GET /static/admin/img/icon-unknown.svg HTTP/1.1" 200 655
INFO 2024-04-11 19:24:06,552 basehttp 2168 4088 "GET /static/admin/img/icon-unknown-alt.svg HTTP/1.1" 200 655
INFO 2024-04-11 19:24:38,960 basehttp 2168 4088 "POST /admin/auth/group/add/ HTTP/1.1" 302 0
INFO 2024-04-11 19:24:38,977 basehttp 2168 4088 "GET /admin/auth/group/add/ HTTP/1.1" 200 13362
INFO 2024-04-11 19:24:39,014 basehttp 2168 4088 "GET /admin/jsi18n/ HTTP/1.1" 200 3342
INFO 2024-04-11 19:24:39,095 basehttp 2168 4088 "GET /static/admin/img/icon-yes.svg HTTP/1.1" 200 436
INFO 2024-04-11 19:26:13,321 basehttp 2168 4088 "POST /admin/auth/group/add/ HTTP/1.1" 302 0
INFO 2024-04-11 19:26:13,339 basehttp 2168 4088 "GET /admin/auth/group/add/ HTTP/1.1" 200 13364
INFO 2024-04-11 19:26:13,392 basehttp 2168 4088 "GET /admin/jsi18n/ HTTP/1.1" 200 3342
INFO 2024-04-11 19:27:15,414 basehttp 2168 4088 "POST /admin/auth/group/add/ HTTP/1.1" 302 0
INFO 2024-04-11 19:27:15,428 basehttp 2168 4088 "GET /admin/auth/group/ HTTP/1.1" 200 10134
INFO 2024-04-11 19:27:15,480 basehttp 2168 4088 "GET /admin/jsi18n/ HTTP/1.1" 200 3342
INFO 2024-04-11 19:27:38,816 basehttp 2168 4088 "GET /admin/auth/user/ HTTP/1.1" 200 12038
INFO 2024-04-11 19:27:38,866 basehttp 2168 4088 "GET /admin/jsi18n/ HTTP/1.1" 200 3342
INFO 2024-04-11 19:27:38,892 basehttp 2168 10404 "GET /static/admin/img/icon-viewlink.svg HTTP/1.1" 200 581
INFO 2024-04-11 19:27:38,893 basehttp 2168 4088 "GET /static/admin/img/sorting-icons.svg HTTP/1.1" 200 1097
INFO 2024-04-11 19:27:48,467 basehttp 2168 4088 "GET /admin/auth/user/add/ HTTP/1.1" 200 10965
INFO 2024-04-11 19:27:48,510 basehttp 2168 4088 "GET /admin/jsi18n/ HTTP/1.1" 200 3342
INFO 2024-04-11 19:29:02,606 basehttp 2168 4088 "POST /admin/auth/user/add/ HTTP/1.1" 200 11184
INFO 2024-04-11 19:29:02,656 basehttp 2168 4088 "GET /admin/jsi18n/ HTTP/1.1" 200 3342
INFO 2024-04-11 19:29:30,770 basehttp 2168 4088 "POST /admin/auth/user/add/ HTTP/1.1" 302 0
INFO 2024-04-11 19:29:30,786 basehttp 2168 4088 "GET /admin/auth/user/add/ HTTP/1.1" 200 11209
INFO 2024-04-11 19:29:30,828 basehttp 2168 4088 "GET /admin/jsi18n/ HTTP/1.1" 200 3342
INFO 2024-04-11 19:29:55,963 basehttp 2168 4088 "POST /admin/auth/user/add/ HTTP/1.1" 302 0
INFO 2024-04-11 19:29:55,979 basehttp 2168 4088 "GET /admin/auth/user/add/ HTTP/1.1" 200 11209
INFO 2024-04-11 19:29:56,027 basehttp 2168 4088 "GET /admin/jsi18n/ HTTP/1.1" 200 3342
INFO 2024-04-11 19:30:32,089 basehttp 2168 4088 "POST /admin/auth/user/add/ HTTP/1.1" 302 0
INFO 2024-04-11 19:30:32,124 basehttp 2168 4088 "GET /admin/auth/user/4/change/ HTTP/1.1" 200 23134
INFO 2024-04-11 19:30:32,169 basehttp 2168 4088 "GET /admin/jsi18n/ HTTP/1.1" 200 3342
INFO 2024-04-11 19:30:32,233 basehttp 2168 4088 "GET /static/admin/img/icon-clock.svg HTTP/1.1" 200 677
INFO 2024-04-11 19:34:14,317 basehttp 2168 4088 "POST /admin/auth/user/4/change/ HTTP/1.1" 302 0
INFO 2024-04-11 19:34:14,334 basehttp 2168 4088 "GET /admin/auth/user/ HTTP/1.1" 200 13690
INFO 2024-04-11 19:34:14,389 basehttp 2168 18260 "GET /static/admin/img/icon-no.svg HTTP/1.1" 200 560
INFO 2024-04-11 19:34:14,390 basehttp 2168 4088 "GET /admin/jsi18n/ HTTP/1.1" 200 3342
INFO 2024-04-11 19:34:17,138 basehttp 2168 4088 "GET /admin/auth/user/3/change/ HTTP/1.1" 200 22893
INFO 2024-04-11 19:34:17,178 basehttp 2168 4088 "GET /admin/jsi18n/ HTTP/1.1" 200 3342
INFO 2024-04-11 19:34:27,798 basehttp 2168 4088 "POST /admin/auth/user/3/change/ HTTP/1.1" 302 0
INFO 2024-04-11 19:34:27,814 basehttp 2168 4088 "GET /admin/auth/user/ HTTP/1.1" 200 13690
INFO 2024-04-11 19:34:27,868 basehttp 2168 4088 "GET /admin/jsi18n/ HTTP/1.1" 200 3342
INFO 2024-04-11 19:34:29,560 basehttp 2168 4088 "GET /admin/auth/user/2/change/ HTTP/1.1" 200 22893
INFO 2024-04-11 19:34:29,599 basehttp 2168 4088 "GET /admin/jsi18n/ HTTP/1.1" 200 3342
INFO 2024-04-11 19:34:35,178 basehttp 2168 4088 "POST /admin/auth/user/2/change/ HTTP/1.1" 302 0
INFO 2024-04-11 19:34:35,194 basehttp 2168 4088 "GET /admin/auth/user/ HTTP/1.1" 200 13690
INFO 2024-04-11 19:34:35,247 basehttp 2168 4088 "GET /admin/jsi18n/ HTTP/1.1" 200 3342
INFO 2024-04-11 19:35:19,735 basehttp 2168 21436 "GET /admin HTTP/1.1" 301 0
INFO 2024-04-11 19:35:19,741 basehttp 2168 4956 "GET /admin/ HTTP/1.1" 302 0
INFO 2024-04-11 19:35:19,749 basehttp 2168 4956 "GET /admin/login/?next=/admin/ HTTP/1.1" 200 4158
INFO 2024-04-11 19:35:19,780 basehttp 2168 4956 "GET /static/admin/css/base.css HTTP/1.1" 200 21544
INFO 2024-04-11 19:35:19,793 basehttp 2168 4956 "GET /static/admin/css/dark_mode.css HTTP/1.1" 200 2682
INFO 2024-04-11 19:35:19,793 basehttp 2168 18596 "GET /static/admin/css/nav_sidebar.css HTTP/1.1" 200 2810
INFO 2024-04-11 19:35:19,794 basehttp 2168 4440 "GET /static/admin/css/login.css HTTP/1.1" 200 958
INFO 2024-04-11 19:35:19,796 basehttp 2168 16084 "GET /static/admin/css/responsive.css HTTP/1.1" 200 17905
INFO 2024-04-11 19:35:19,799 basehttp 2168 16084 "GET /static/admin/js/theme.js HTTP/1.1" 200 1943
INFO 2024-04-11 19:35:19,800 basehttp 2168 18596 "GET /static/admin/js/nav_sidebar.js HTTP/1.1" 200 3063
WARNING 2024-04-11 19:35:19,924 log 2168 18596 Not Found: /favicon.ico
WARNING 2024-04-11 19:35:19,924 basehttp 2168 18596 "GET /favicon.ico HTTP/1.1" 404 2534
INFO 2024-04-11 19:35:38,755 basehttp 2168 18596 "POST /admin/login/?next=/admin/ HTTP/1.1" 200 4340
INFO 2024-04-11 19:35:49,223 basehttp 2168 18596 "POST /admin/login/?next=/admin/ HTTP/1.1" 200 4340
INFO 2024-04-11 19:36:11,772 basehttp 2168 4088 "GET /admin/auth/user/2/change/ HTTP/1.1" 200 22902
INFO 2024-04-11 19:36:11,816 basehttp 2168 4088 "GET /admin/jsi18n/ HTTP/1.1" 200 3342
INFO 2024-04-11 19:36:15,674 basehttp 2168 4088 "POST /admin/auth/user/2/change/ HTTP/1.1" 302 0
INFO 2024-04-11 19:36:15,690 basehttp 2168 4088 "GET /admin/auth/user/ HTTP/1.1" 200 13690
INFO 2024-04-11 19:36:15,738 basehttp 2168 4088 "GET /admin/jsi18n/ HTTP/1.1" 200 3342
INFO 2024-04-11 19:36:16,737 basehttp 2168 4088 "GET /admin/auth/user/3/change/ HTTP/1.1" 200 22902
INFO 2024-04-11 19:36:16,776 basehttp 2168 4088 "GET /admin/jsi18n/ HTTP/1.1" 200 3342
INFO 2024-04-11 19:36:20,157 basehttp 2168 4088 "POST /admin/auth/user/3/change/ HTTP/1.1" 302 0
INFO 2024-04-11 19:36:20,173 basehttp 2168 4088 "GET /admin/auth/user/ HTTP/1.1" 200 13690
INFO 2024-04-11 19:36:20,221 basehttp 2168 4088 "GET /admin/jsi18n/ HTTP/1.1" 200 3342
INFO 2024-04-11 19:36:30,094 basehttp 2168 18596 "POST /admin/login/?next=/admin/ HTTP/1.1" 302 0
INFO 2024-04-11 19:36:30,104 basehttp 2168 18596 "GET /admin/ HTTP/1.1" 200 5427
INFO 2024-04-11 19:36:30,118 basehttp 2168 18596 "GET /static/admin/css/dashboard.css HTTP/1.1" 200 441
INFO 2024-04-11 19:36:30,132 basehttp 2168 18596 "GET /static/admin/img/icon-viewlink.svg HTTP/1.1" 200 581
INFO 2024-04-11 19:47:14,062 basehttp 2168 2488 "GET /admin/Seminar_2/author/ HTTP/1.1" 200 9474
INFO 2024-04-11 19:47:14,075 basehttp 2168 2488 "GET /static/admin/css/changelists.css HTTP/1.1" 200 6811
INFO 2024-04-11 19:47:14,089 basehttp 2168 20596 "GET /static/admin/js/jquery.init.js HTTP/1.1" 200 347
INFO 2024-04-11 19:47:14,090 basehttp 2168 13788 "GET /static/admin/js/actions.js HTTP/1.1" 200 8067
INFO 2024-04-11 19:47:14,091 basehttp 2168 13064 "GET /static/admin/js/core.js HTTP/1.1" 200 6208
INFO 2024-04-11 19:47:14,091 basehttp 2168 3904 "GET /static/admin/js/admin/RelatedObjectLookups.js HTTP/1.1" 200 9042
INFO 2024-04-11 19:47:14,091 basehttp 2168 16080 "GET /static/admin/js/urlify.js HTTP/1.1" 200 7887
INFO 2024-04-11 19:47:14,093 basehttp 2168 20596 "GET /static/admin/js/prepopulate.js HTTP/1.1" 200 1531
INFO 2024-04-11 19:47:14,094 basehttp 2168 2488 "GET /static/admin/js/vendor/jquery/jquery.js HTTP/1.1" 200 285314
INFO 2024-04-11 19:47:14,097 basehttp 2168 13064 "GET /static/admin/js/vendor/xregexp/xregexp.js HTTP/1.1" 200 325171
INFO 2024-04-11 19:47:14,102 basehttp 2168 13064 "GET /static/admin/js/filters.js HTTP/1.1" 200 978
INFO 2024-04-11 19:47:15,275 basehttp 2168 13064 "GET /admin/Seminar_2/author/21/change/ HTTP/1.1" 200 9711
INFO 2024-04-11 19:47:15,287 basehttp 2168 13064 "GET /static/admin/css/forms.css HTTP/1.1" 200 9090
INFO 2024-04-11 19:47:15,301 basehttp 2168 2488 "GET /static/admin/js/prepopulate_init.js HTTP/1.1" 200 586
INFO 2024-04-11 19:47:15,302 basehttp 2168 20596 "GET /static/admin/css/widgets.css HTTP/1.1" 200 11800
INFO 2024-04-11 19:47:15,304 basehttp 2168 13064 "GET /admin/jsi18n/ HTTP/1.1" 200 3342
INFO 2024-04-11 19:47:15,306 basehttp 2168 20596 "GET /static/admin/js/change_form.js HTTP/1.1" 200 606
INFO 2024-04-11 19:47:19,703 basehttp 2168 20596 "POST /admin/logout/ HTTP/1.1" 200 3553
INFO 2024-04-11 19:47:22,778 basehttp 2168 20596 "GET /admin/ HTTP/1.1" 302 0
INFO 2024-04-11 19:47:22,784 basehttp 2168 20596 "GET /admin/login/?next=/admin/ HTTP/1.1" 200 4158
INFO 2024-04-11 19:47:30,582 basehttp 2168 20596 "POST /admin/login/?next=/admin/ HTTP/1.1" 302 0
INFO 2024-04-11 19:47:30,592 basehttp 2168 20596 "GET /admin/ HTTP/1.1" 200 5558
INFO 2024-04-11 19:47:30,619 basehttp 2168 20596 "GET /static/admin/img/icon-addlink.svg HTTP/1.1" 200 331
INFO 2024-04-11 19:47:30,620 basehttp 2168 13064 "GET /static/admin/img/icon-changelink.svg HTTP/1.1" 200 380
INFO 2024-04-11 19:53:31,017 basehttp 2168 21456 "GET /admin/Seminar_2/author/ HTTP/1.1" 200 15398
INFO 2024-04-11 19:53:31,056 basehttp 2168 21456 "GET /admin/jsi18n/ HTTP/1.1" 200 3342
INFO 2024-04-11 19:53:50,315 basehttp 2168 21456 "GET /admin/Seminar_2/author/ HTTP/1.1" 200 15398
INFO 2024-04-11 19:53:50,353 basehttp 2168 21456 "GET /admin/jsi18n/ HTTP/1.1" 200 3342
INFO 2024-04-11 19:53:56,693 basehttp 2168 21232 "POST /admin/logout/ HTTP/1.1" 200 3553
INFO 2024-04-11 19:54:00,340 basehttp 2168 21232 "GET /admin/ HTTP/1.1" 302 0
INFO 2024-04-11 19:54:00,347 basehttp 2168 21232 "GET /admin/login/?next=/admin/ HTTP/1.1" 200 4158
INFO 2024-04-11 19:56:43,808 autoreload 2168 20476 G:\Python-develop\Django\Django_project\Seminar_2\admin.py changed, reloading.
INFO 2024-04-11 19:56:44,295 autoreload 11472 2944 Watching for file changes with StatReloader
INFO 2024-04-11 19:57:55,999 autoreload 11472 2944 G:\Python-develop\Django\Django_project\Seminar_2\admin.py changed, reloading.
INFO 2024-04-11 19:57:56,458 autoreload 21148 22412 Watching for file changes with StatReloader
INFO 2024-04-11 19:58:18,367 autoreload 21148 22412 G:\Python-develop\Django\Django_project\Seminar_2\admin.py changed, reloading.
INFO 2024-04-11 19:58:18,852 autoreload 19844 21184 Watching for file changes with StatReloader
INFO 2024-04-11 19:58:27,653 basehttp 19844 3724 "GET /admin/Seminar_2/author/ HTTP/1.1" 200 18066
INFO 2024-04-11 19:58:27,695 basehttp 19844 3724 "GET /admin/jsi18n/ HTTP/1.1" 200 3342
INFO 2024-04-11 19:59:14,783 autoreload 19844 21184 G:\Python-develop\Django\Django_project\Seminar_2\admin.py changed, reloading.
INFO 2024-04-11 19:59:15,303 autoreload 21412 15964 Watching for file changes with StatReloader
INFO 2024-04-11 19:59:20,113 basehttp 21412 12368 "GET /admin/Seminar_2/author/ HTTP/1.1" 200 18307
INFO 2024-04-11 19:59:20,146 basehttp 21412 12368 "GET /admin/jsi18n/ HTTP/1.1" 200 3342
INFO 2024-04-11 19:59:26,784 basehttp 21412 12368 "GET /admin/Seminar_2/author/?o=4 HTTP/1.1" 200 18876
INFO 2024-04-11 19:59:26,833 basehttp 21412 12368 "GET /admin/jsi18n/ HTTP/1.1" 200 3342
INFO 2024-04-11 19:59:30,455 basehttp 21412 12368 "GET /admin/Seminar_2/author/?o=-4 HTTP/1.1" 200 18901
INFO 2024-04-11 19:59:30,494 basehttp 21412 12368 "GET /admin/jsi18n/ HTTP/1.1" 200 3342
INFO 2024-04-11 20:00:30,683 autoreload 21412 15964 G:\Python-develop\Django\Django_project\Seminar_2\admin.py changed, reloading.
INFO 2024-04-11 20:00:31,173 autoreload 17520 16420 Watching for file changes with StatReloader
INFO 2024-04-11 20:01:56,531 autoreload 17520 16420 G:\Python-develop\Django\Django_project\Seminar_2\admin.py changed, reloading.
INFO 2024-04-11 20:01:57,027 autoreload 15392 21772 Watching for file changes with StatReloader
INFO 2024-04-11 20:02:01,143 basehttp 15392 19984 "GET /admin/Seminar_2/author/?o=-4 HTTP/1.1" 200 12259
INFO 2024-04-11 20:02:01,178 basehttp 15392 19984 "GET /admin/jsi18n/ HTTP/1.1" 200 3342
INFO 2024-04-11 20:10:13,340 autoreload 15392 21772 G:\Python-develop\Django\Django_project\Seminar_2\admin.py changed, reloading.
INFO 2024-04-11 20:10:13,837 autoreload 23532 22600 Watching for file changes with StatReloader
INFO 2024-04-11 20:10:20,180 basehttp 23532 22388 "GET /admin/Seminar_2/author/?o=-4 HTTP/1.1" 200 12631
INFO 2024-04-11 20:10:20,218 basehttp 23532 22388 "GET /admin/jsi18n/ HTTP/1.1" 200 3342
INFO 2024-04-11 20:10:26,853 basehttp 23532 22388 "GET /admin/Seminar_2/author/?q=Name5&o=-4 HTTP/1.1" 200 10918
INFO 2024-04-11 20:10:26,901 basehttp 23532 22388 "GET /admin/jsi18n/ HTTP/1.1" 200 3342
INFO 2024-04-11 20:12:11,360 autoreload 23532 22600 G:\Python-develop\Django\Django_project\Seminar_2\admin.py changed, reloading.
INFO 2024-04-11 20:12:11,894 autoreload 22104 9264 Watching for file changes with StatReloader
INFO 2024-04-11 20:13:32,156 autoreload 22104 9264 G:\Python-develop\Django\Django_project\Seminar_2\admin.py changed, reloading.
INFO 2024-04-11 20:13:32,644 autoreload 20796 4080 Watching for file changes with StatReloader
INFO 2024-04-11 20:13:46,340 autoreload 20796 4080 G:\Python-develop\Django\Django_project\Seminar_2\admin.py changed, reloading.
INFO 2024-04-11 20:13:46,821 autoreload 14796 21024 Watching for file changes with StatReloader
INFO 2024-04-11 20:14:34,342 autoreload 14796 21024 G:\Python-develop\Django\Django_project\Seminar_2\admin.py changed, reloading.
INFO 2024-04-11 20:14:34,856 autoreload 20684 14712 Watching for file changes with StatReloader
INFO 2024-04-11 20:14:48,553 autoreload 20684 14712 G:\Python-develop\Django\Django_project\Seminar_2\admin.py changed, reloading.
INFO 2024-04-11 20:14:49,041 autoreload 22676 21188 Watching for file changes with StatReloader
INFO 2024-04-11 20:15:08,883 autoreload 22676 21188 G:\Python-develop\Django\Django_project\Seminar_2\admin.py changed, reloading.
INFO 2024-04-11 20:15:09,357 autoreload 21984 20476 Watching for file changes with StatReloader
INFO 2024-04-11 20:15:21,985 basehttp 21984 18308 "GET /admin/Seminar_2/author/?q=&o=-4 HTTP/1.1" 200 12756
INFO 2024-04-11 20:15:22,026 basehttp 21984 18308 "GET /admin/jsi18n/ HTTP/1.1" 200 3342
INFO 2024-04-11 20:15:28,227 basehttp 21984 18308 "GET /admin/Seminar_2/author/20/change/?_changelist_filters=q%3D%26o%3D-4 HTTP/1.1" 200 12248
INFO 2024-04-11 20:15:28,281 basehttp 21984 22952 "GET /admin/jsi18n/ HTTP/1.1" 200 3342
INFO 2024-04-11 20:15:28,334 basehttp 21984 18308 "GET /static/admin/js/collapse.js HTTP/1.1" 200 1803
INFO 2024-04-11 20:16:47,405 autoreload 21984 20476 G:\Python-develop\Django\Django_project\Seminar_2\admin.py changed, reloading.
INFO 2024-04-11 20:16:47,907 autoreload 23668 23492 Watching for file changes with StatReloader
INFO 2024-04-11 20:16:48,319 basehttp 23668 21892 "GET /admin/Seminar_2/author/20/change/?_changelist_filters=q%3D%26o%3D-4 HTTP/1.1" 200 12244
INFO 2024-04-11 20:16:48,355 basehttp 23668 21892 "GET /admin/jsi18n/ HTTP/1.1" 200 3342
INFO 2024-04-11 20:18:12,301 autoreload 23668 23492 G:\Python-develop\Django\Django_project\Seminar_2\admin.py changed, reloading.
INFO 2024-04-11 20:18:12,776 autoreload 21720 25168 Watching for file changes with StatReloader
INFO 2024-04-11 20:22:05,825 autoreload 21720 25168 G:\Python-develop\Django\Django_project\Seminar_2\admin.py changed, reloading.
INFO 2024-04-11 20:22:06,289 autoreload 24528 9480 Watching for file changes with StatReloader
INFO 2024-04-11 20:22:45,307 autoreload 24528 9480 G:\Python-develop\Django\Django_project\Seminar_2\admin.py changed, reloading.
INFO 2024-04-11 20:22:45,779 autoreload 24912 25156 Watching for file changes with StatReloader
INFO 2024-04-11 20:23:24,052 autoreload 24912 25156 G:\Python-develop\Django\Django_project\Seminar_2\admin.py changed, reloading.
INFO 2024-04-11 20:23:24,567 autoreload 16800 2952 Watching for file changes with StatReloader
INFO 2024-04-11 20:23:38,289 autoreload 16800 2952 G:\Python-develop\Django\Django_project\Seminar_2\admin.py changed, reloading.
INFO 2024-04-11 20:23:38,781 autoreload 18320 23620 Watching for file changes with StatReloader
INFO 2024-04-11 20:24:11,714 autoreload 18320 23620 G:\Python-develop\Django\Django_project\Seminar_2\admin.py changed, reloading.
INFO 2024-04-11 20:24:12,207 autoreload 24404 23576 Watching for file changes with StatReloader
INFO 2024-04-11 20:24:48,008 basehttp 24404 24184 "GET /admin/Seminar_2/author/ HTTP/1.1" 200 12459
INFO 2024-04-11 20:24:48,052 basehttp 24404 24184 "GET /admin/jsi18n/ HTTP/1.1" 200 3342
ERROR 2024-04-11 20:25:06,126 log 24404 24184 Internal Server Error: /admin/Seminar_2/author/
Traceback (most recent call last):
  File "G:\Python-develop\Django\venv\Lib\site-packages\django\db\models\options.py", line 681, in get_field
    return self.fields_map[field_name]
           ~~~~~~~~~~~~~~~^^^^^^^^^^^^
KeyError: 'boigraphy'

During handling of the above exception, another exception occurred:

Traceback (most recent call last):
  File "G:\Python-develop\Django\venv\Lib\site-packages\django\core\handlers\exception.py", line 55, in inner
    response = get_response(request)
               ^^^^^^^^^^^^^^^^^^^^^
  File "G:\Python-develop\Django\venv\Lib\site-packages\django\core\handlers\base.py", line 197, in _get_response
    response = wrapped_callback(request, *callback_args, **callback_kwargs)
               ^^^^^^^^^^^^^^^^^^^^^^^^^^^^^^^^^^^^^^^^^^^^^^^^^^^^^^^^^^^^
  File "G:\Python-develop\Django\venv\Lib\site-packages\django\contrib\admin\options.py", line 716, in wrapper
    return self.admin_site.admin_view(view)(*args, **kwargs)
           ^^^^^^^^^^^^^^^^^^^^^^^^^^^^^^^^^^^^^^^^^^^^^^^^^
  File "G:\Python-develop\Django\venv\Lib\site-packages\django\utils\decorators.py", line 188, in _view_wrapper
    result = _process_exception(request, e)
             ^^^^^^^^^^^^^^^^^^^^^^^^^^^^^^
  File "G:\Python-develop\Django\venv\Lib\site-packages\django\utils\decorators.py", line 186, in _view_wrapper
    response = view_func(request, *args, **kwargs)
               ^^^^^^^^^^^^^^^^^^^^^^^^^^^^^^^^^^^
  File "G:\Python-develop\Django\venv\Lib\site-packages\django\views\decorators\cache.py", line 80, in _view_wrapper
    response = view_func(request, *args, **kwargs)
               ^^^^^^^^^^^^^^^^^^^^^^^^^^^^^^^^^^^
  File "G:\Python-develop\Django\venv\Lib\site-packages\django\contrib\admin\sites.py", line 240, in inner
    return view(request, *args, **kwargs)
           ^^^^^^^^^^^^^^^^^^^^^^^^^^^^^^
  File "G:\Python-develop\Django\venv\Lib\site-packages\django\utils\decorators.py", line 48, in _wrapper
    return bound_method(*args, **kwargs)
           ^^^^^^^^^^^^^^^^^^^^^^^^^^^^^
  File "G:\Python-develop\Django\venv\Lib\site-packages\django\utils\decorators.py", line 188, in _view_wrapper
    result = _process_exception(request, e)
             ^^^^^^^^^^^^^^^^^^^^^^^^^^^^^^
  File "G:\Python-develop\Django\venv\Lib\site-packages\django\utils\decorators.py", line 186, in _view_wrapper
    response = view_func(request, *args, **kwargs)
               ^^^^^^^^^^^^^^^^^^^^^^^^^^^^^^^^^^^
  File "G:\Python-develop\Django\venv\Lib\site-packages\django\contrib\admin\options.py", line 2018, in changelist_view
    response = self.response_action(
               ^^^^^^^^^^^^^^^^^^^^^
  File "G:\Python-develop\Django\venv\Lib\site-packages\django\contrib\admin\options.py", line 1650, in response_action
    response = func(self, request, queryset)
               ^^^^^^^^^^^^^^^^^^^^^^^^^^^^^
  File "G:\Python-develop\Django\Django_project\Seminar_2\admin.py", line 8, in update_name_bio
    queryset.update(boigraphy=' ')
  File "G:\Python-develop\Django\venv\Lib\site-packages\django\db\models\query.py", line 1228, in update
    query.add_update_values(kwargs)
  File "G:\Python-develop\Django\venv\Lib\site-packages\django\db\models\sql\subqueries.py", line 88, in add_update_values
    field = self.get_meta().get_field(name)
            ^^^^^^^^^^^^^^^^^^^^^^^^^^^^^^^
  File "G:\Python-develop\Django\venv\Lib\site-packages\django\db\models\options.py", line 683, in get_field
    raise FieldDoesNotExist(
django.core.exceptions.FieldDoesNotExist: Author has no field named 'boigraphy'
ERROR 2024-04-11 20:25:06,132 basehttp 24404 24184 "POST /admin/Seminar_2/author/ HTTP/1.1" 500 141947
INFO 2024-04-11 20:25:23,671 basehttp 24404 24184 "GET /admin/Seminar_2/author/ HTTP/1.1" 200 12459
INFO 2024-04-11 20:25:40,916 autoreload 24404 23576 G:\Python-develop\Django\Django_project\Seminar_2\admin.py changed, reloading.
INFO 2024-04-11 20:25:41,436 autoreload 25532 8216 Watching for file changes with StatReloader
